<?xml version="1.0" encoding="UTF-8"?>
<robot generator="Robot 4.1 (Python 3.9.6 on darwin)" generated="20210903 14:16:56.535" rpa="false" schemaversion="2">
<suite id="s1" name="newCust cashVouc" source="/Users/machruk/PycharmProjects/Spurr_Web/Campaign/01.newCustomerOffer/CashVoucher/newCust_cashVouc.robot">
<kw name="Connect To Database" library="DatabaseLibrary" type="SETUP">
<arg>pymysql</arg>
<arg>${DBName}</arg>
<arg>${DBUser}</arg>
<arg>${DBPass}</arg>
<arg>${DBHost}</arg>
<arg>${DBPort}</arg>
<doc>Loads the DB API 2.0 module given `dbapiModuleName` then uses it to
connect to the database using `dbName`, `dbUsername`, and `dbPassword`.</doc>
<msg timestamp="20210903 14:16:56.707" level="INFO">Connecting using : pymysql.connect(db=cvm_v2, user=qa, passwd=DWkg8yNJjZMYFwgd, host=34.68.209.108, port=3306, charset=None) </msg>
<status status="PASS" starttime="20210903 14:16:56.687" endtime="20210903 14:16:57.545"/>
</kw>
<test id="s1-t1" name="Delete Existing Campaign">
<kw name="Delete New Customer Campaign" library="res_dbShopick">
<kw name="Execute Sql String" library="DatabaseLibrary">
<var>${delNewCustByPromoID}</var>
<arg>Delete from shopick_v2.campaign_transaction_engagement where engagement_promotion_id IN (SELECT promotion_id FROM shopick_v2.campaign_master_promotion WHERE promotion_name='${newCustomerName}');</arg>
<doc>Executes the sqlString as SQL commands. Useful to pass arguments to your sql. Set optional input `sansTran` to
True to run command without an explicit transaction commit or rollback.</doc>
<msg timestamp="20210903 14:16:57.551" level="INFO">Executing : Execute SQL String  |  Delete from shopick_v2.campaign_transaction_engagement where engagement_promotion_id IN (SELECT promotion_id FROM shopick_v2.campaign_master_promotion WHERE promotion_name='NewCustomerPromo_Auto'); </msg>
<msg timestamp="20210903 14:16:58.180" level="INFO">${delNewCustByPromoID} = None</msg>
<status status="PASS" starttime="20210903 14:16:57.550" endtime="20210903 14:16:58.180"/>
</kw>
<kw name="Execute Sql String" library="DatabaseLibrary">
<var>${delNewCustByPromoID}</var>
<arg>Delete from shopick_v2.campaign_transaction_engagement where engagement_promotion_id IN (SELECT promotion_id FROM shopick_v2.campaign_master_promotion WHERE promotion_name='${newCustomerName_edit}');</arg>
<doc>Executes the sqlString as SQL commands. Useful to pass arguments to your sql. Set optional input `sansTran` to
True to run command without an explicit transaction commit or rollback.</doc>
<msg timestamp="20210903 14:16:58.182" level="INFO">Executing : Execute SQL String  |  Delete from shopick_v2.campaign_transaction_engagement where engagement_promotion_id IN (SELECT promotion_id FROM shopick_v2.campaign_master_promotion WHERE promotion_name='NewCustomerPromo_Edited'); </msg>
<msg timestamp="20210903 14:16:58.808" level="INFO">${delNewCustByPromoID} = None</msg>
<status status="PASS" starttime="20210903 14:16:58.181" endtime="20210903 14:16:58.808"/>
</kw>
<kw name="Execute Sql String" library="DatabaseLibrary">
<var>${del_newCust}</var>
<arg>Delete from shopick_v2.campaign_master_promotion where promotion_name='${newCustomerName}';</arg>
<doc>Executes the sqlString as SQL commands. Useful to pass arguments to your sql. Set optional input `sansTran` to
True to run command without an explicit transaction commit or rollback.</doc>
<msg timestamp="20210903 14:16:58.810" level="INFO">Executing : Execute SQL String  |  Delete from shopick_v2.campaign_master_promotion where promotion_name='NewCustomerPromo_Auto'; </msg>
<msg timestamp="20210903 14:16:59.439" level="INFO">${del_newCust} = None</msg>
<status status="PASS" starttime="20210903 14:16:58.809" endtime="20210903 14:16:59.439"/>
</kw>
<kw name="Execute Sql String" library="DatabaseLibrary">
<var>${del_newCustEdited}</var>
<arg>Delete from shopick_v2.campaign_master_promotion where promotion_name='${newCustomerName_edit}';</arg>
<doc>Executes the sqlString as SQL commands. Useful to pass arguments to your sql. Set optional input `sansTran` to
True to run command without an explicit transaction commit or rollback.</doc>
<msg timestamp="20210903 14:16:59.441" level="INFO">Executing : Execute SQL String  |  Delete from shopick_v2.campaign_master_promotion where promotion_name='NewCustomerPromo_Edited'; </msg>
<msg timestamp="20210903 14:17:00.067" level="INFO">${del_newCustEdited} = None</msg>
<status status="PASS" starttime="20210903 14:16:59.440" endtime="20210903 14:17:00.067"/>
</kw>
<status status="PASS" starttime="20210903 14:16:57.548" endtime="20210903 14:17:00.068"/>
</kw>
<status status="PASS" starttime="20210903 14:16:57.545" endtime="20210903 14:17:00.068"/>
</test>
<test id="s1-t2" name="Verify create New Customer Offer (Cash Voucher) is successfully">
<kw name="New Customer =&gt; Cash Voucher =&gt; Step 1">
<kw name="Go to Campaign menu" library="res_camp_newCustomer">
<kw name="Open GoSpurr.com" library="res_Signup">
<kw name="Open Browser" library="Selenium2Library">
<arg>${url}</arg>
<arg>${browser}</arg>
<doc>Opens a new browser instance to the optional ``url``.</doc>
<msg timestamp="20210903 14:17:00.075" level="INFO">Opening browser 'chrome' to base url 'https://app-dev-v2.gospurr.com/'.</msg>
<status status="PASS" starttime="20210903 14:17:00.074" endtime="20210903 14:17:04.916"/>
</kw>
<kw name="Maximize Browser Window" library="Selenium2Library">
<doc>Maximizes current browser window.</doc>
<status status="PASS" starttime="20210903 14:17:04.917" endtime="20210903 14:17:05.054"/>
</kw>
<kw name="Wait Until Element Is Enabled" library="Selenium2Library">
<arg>${btn_Signup}</arg>
<arg>${delay}</arg>
<doc>Waits until the element ``locator`` is enabled.</doc>
<status status="PASS" starttime="20210903 14:17:05.055" endtime="20210903 14:17:05.105"/>
</kw>
<kw name="Valid Login with New Password" library="res_Signup">
<kw name="Input New Username" library="res_Signup">
<kw name="Wait Until Element Is Enabled" library="Selenium2Library">
<arg>${field_Usrname}</arg>
<arg>${delay}</arg>
<doc>Waits until the element ``locator`` is enabled.</doc>
<status status="PASS" starttime="20210903 14:17:05.105" endtime="20210903 14:17:05.124"/>
</kw>
<kw name="Input Text" library="Selenium2Library">
<arg>${field_Usrname}</arg>
<arg>${valid_Email}</arg>
<doc>Types the given ``text`` into the text field identified by ``locator``.</doc>
<msg timestamp="20210903 14:17:05.125" level="INFO">Typing text 'machruk@gospurr.com' into text field 'id:email'.</msg>
<status status="PASS" starttime="20210903 14:17:05.124" endtime="20210903 14:17:05.392"/>
</kw>
<status status="PASS" starttime="20210903 14:17:05.105" endtime="20210903 14:17:05.392"/>
</kw>
<kw name="New Password" library="res_Signup">
<kw name="Input Text" library="Selenium2Library">
<arg>${field_Pwd}</arg>
<arg>${newPwd}</arg>
<doc>Types the given ``text`` into the text field identified by ``locator``.</doc>
<msg timestamp="20210903 14:17:05.392" level="INFO">Typing text 'Qwerty' into text field 'id:password'.</msg>
<status status="PASS" starttime="20210903 14:17:05.392" endtime="20210903 14:17:05.487"/>
</kw>
<status status="PASS" starttime="20210903 14:17:05.392" endtime="20210903 14:17:05.487"/>
</kw>
<kw name="Click Login button" library="res_Signup">
<kw name="Click Element" library="Selenium2Library">
<arg>${btn_Signin}</arg>
<doc>Click the element identified by ``locator``.</doc>
<msg timestamp="20210903 14:17:05.488" level="INFO">Clicking element 'id:label-button'.</msg>
<status status="PASS" starttime="20210903 14:17:05.488" endtime="20210903 14:17:05.862"/>
</kw>
<status status="PASS" starttime="20210903 14:17:05.487" endtime="20210903 14:17:05.863"/>
</kw>
<kw name="Verify Login is successfully" library="res_Signup">
<kw name="Wait Until Element Is Enabled" library="Selenium2Library">
<arg>${menu_Dshbrd}</arg>
<arg>${delay}</arg>
<doc>Waits until the element ``locator`` is enabled.</doc>
<status status="PASS" starttime="20210903 14:17:05.863" endtime="20210903 14:17:08.370"/>
</kw>
<kw name="Page Should Contain Element" library="Selenium2Library">
<arg>${menu_Dshbrd}</arg>
<doc>Verifies that element ``locator`` is found on the current page.</doc>
<msg timestamp="20210903 14:17:08.464" level="INFO">Current page contains element 'xpath://a[contains(text(),'Dashboard')]'.</msg>
<status status="PASS" starttime="20210903 14:17:08.370" endtime="20210903 14:17:08.465"/>
</kw>
<status status="PASS" starttime="20210903 14:17:05.863" endtime="20210903 14:17:08.465"/>
</kw>
<status status="PASS" starttime="20210903 14:17:05.105" endtime="20210903 14:17:08.465"/>
</kw>
<kw name="Waiting to Load" library="res_Signup">
<kw name="Sleep" library="BuiltIn">
<arg>5</arg>
<doc>Pauses the test executed for the given time.</doc>
<msg timestamp="20210903 14:17:13.466" level="INFO">Slept 5 seconds</msg>
<status status="PASS" starttime="20210903 14:17:08.465" endtime="20210903 14:17:13.466"/>
</kw>
<status status="PASS" starttime="20210903 14:17:08.465" endtime="20210903 14:17:13.467"/>
</kw>
<status status="PASS" starttime="20210903 14:17:00.073" endtime="20210903 14:17:13.467"/>
</kw>
<kw name="Wait Until Element Is Enabled" library="Selenium2Library">
<arg>${menu_campaign}</arg>
<arg>${delay}</arg>
<doc>Waits until the element ``locator`` is enabled.</doc>
<status status="PASS" starttime="20210903 14:17:13.467" endtime="20210903 14:17:13.541"/>
</kw>
<kw name="Click Element" library="Selenium2Library">
<arg>${menu_campaign}</arg>
<doc>Click the element identified by ``locator``.</doc>
<msg timestamp="20210903 14:17:13.542" level="INFO">Clicking element 'xpath://body[1]/ul[1]/li[1]/ul[1]/li[3]/a[1]'.</msg>
<status status="PASS" starttime="20210903 14:17:13.541" endtime="20210903 14:17:14.197"/>
</kw>
<kw name="Wait Until Page Contains Element" library="Selenium2Library">
<arg>${btn_crtCampaign}</arg>
<arg>${delay}</arg>
<doc>Waits until the element ``locator`` appears on the current page.</doc>
<status status="PASS" starttime="20210903 14:17:14.197" endtime="20210903 14:17:14.207"/>
</kw>
<kw name="Waiting to Load" library="res_Signup">
<kw name="Sleep" library="BuiltIn">
<arg>5</arg>
<doc>Pauses the test executed for the given time.</doc>
<msg timestamp="20210903 14:17:19.208" level="INFO">Slept 5 seconds</msg>
<status status="PASS" starttime="20210903 14:17:14.207" endtime="20210903 14:17:19.209"/>
</kw>
<status status="PASS" starttime="20210903 14:17:14.207" endtime="20210903 14:17:19.210"/>
</kw>
<status status="PASS" starttime="20210903 14:17:00.073" endtime="20210903 14:17:19.211"/>
</kw>
<kw name="Click Create Campaign" library="res_camp_newCustomer">
<kw name="Wait Until Element Is Enabled" library="Selenium2Library">
<arg>${btn_crtCampaign}</arg>
<arg>${delay}</arg>
<doc>Waits until the element ``locator`` is enabled.</doc>
<status status="PASS" starttime="20210903 14:17:19.213" endtime="20210903 14:17:19.244"/>
</kw>
<kw name="Click Element" library="Selenium2Library">
<arg>${btn_crtCampaign}</arg>
<doc>Click the element identified by ``locator``.</doc>
<msg timestamp="20210903 14:17:19.245" level="INFO">Clicking element 'xpath://body[1]/ul[1]/li[2]/section[1]/div[1]/ul[1]/li[1]/a[1]'.</msg>
<status status="PASS" starttime="20210903 14:17:19.245" endtime="20210903 14:17:19.562"/>
</kw>
<kw name="Wait Until Page Contains Element" library="Selenium2Library">
<arg>${rdBtn_NewCstmr}</arg>
<arg>${delay}</arg>
<doc>Waits until the element ``locator`` appears on the current page.</doc>
<status status="PASS" starttime="20210903 14:17:19.562" endtime="20210903 14:17:19.591"/>
</kw>
<kw name="Sleep" library="BuiltIn">
<arg>3</arg>
<doc>Pauses the test executed for the given time.</doc>
<msg timestamp="20210903 14:17:22.593" level="INFO">Slept 3 seconds</msg>
<status status="PASS" starttime="20210903 14:17:19.591" endtime="20210903 14:17:22.594"/>
</kw>
<status status="PASS" starttime="20210903 14:17:19.211" endtime="20210903 14:17:22.595"/>
</kw>
<kw name="Select New Customer Offer" library="res_camp_newCustomer">
<kw name="Wait Until Element Is Enabled" library="Selenium2Library">
<arg>${rdBtn_NewCstmr}</arg>
<arg>${delay}</arg>
<doc>Waits until the element ``locator`` is enabled.</doc>
<status status="PASS" starttime="20210903 14:17:22.597" endtime="20210903 14:17:22.631"/>
</kw>
<kw name="Click Element" library="Selenium2Library">
<arg>${rdBtn_NewCstmr}</arg>
<doc>Click the element identified by ``locator``.</doc>
<msg timestamp="20210903 14:17:22.631" level="INFO">Clicking element 'id:NEW_CUSTOMER'.</msg>
<status status="PASS" starttime="20210903 14:17:22.631" endtime="20210903 14:17:22.888"/>
</kw>
<status status="PASS" starttime="20210903 14:17:22.595" endtime="20210903 14:17:22.888"/>
</kw>
<kw name="Click Next button" library="res_camp_newCustomer">
<kw name="Scroll Element Into View" library="Selenium2Library">
<arg>${btn_next}</arg>
<doc>Scrolls the element identified by ``locator`` into view.</doc>
<status status="PASS" starttime="20210903 14:17:22.889" endtime="20210903 14:17:23.169"/>
</kw>
<kw name="Wait Until Element Is Enabled" library="Selenium2Library">
<arg>${btn_next}</arg>
<arg>${delay}</arg>
<doc>Waits until the element ``locator`` is enabled.</doc>
<status status="PASS" starttime="20210903 14:17:23.169" endtime="20210903 14:17:23.191"/>
</kw>
<kw name="Click Element" library="Selenium2Library">
<arg>${btn_next}</arg>
<doc>Click the element identified by ``locator``.</doc>
<msg timestamp="20210903 14:17:23.192" level="INFO">Clicking element 'xpath://body[1]/ul[1]/li[2]/section[1]/div[1]/ul[1]/li[2]/a[1]'.</msg>
<status status="PASS" starttime="20210903 14:17:23.192" endtime="20210903 14:17:23.583"/>
</kw>
<status status="PASS" starttime="20210903 14:17:22.888" endtime="20210903 14:17:23.583"/>
</kw>
<status status="PASS" starttime="20210903 14:17:00.072" endtime="20210903 14:17:23.584"/>
</kw>
<kw name="New Customer =&gt; Cash Voucher =&gt; Step 2">
<kw name="Input New Customer Name" library="res_camp_newCustomer">
<kw name="Sleep" library="BuiltIn">
<arg>5</arg>
<doc>Pauses the test executed for the given time.</doc>
<msg timestamp="20210903 14:17:28.585" level="INFO">Slept 5 seconds</msg>
<status status="PASS" starttime="20210903 14:17:23.584" endtime="20210903 14:17:28.586"/>
</kw>
<kw name="Wait Until Element Is Enabled" library="Selenium2Library">
<arg>${fld_offerName}</arg>
<arg>${delay}</arg>
<doc>Waits until the element ``locator`` is enabled.</doc>
<status status="PASS" starttime="20210903 14:17:28.587" endtime="20210903 14:17:28.629"/>
</kw>
<kw name="Input Text" library="Selenium2Library">
<arg>${fld_offerName}</arg>
<arg>${newCustomerName}</arg>
<doc>Types the given ``text`` into the text field identified by ``locator``.</doc>
<msg timestamp="20210903 14:17:28.629" level="INFO">Typing text 'NewCustomerPromo_Auto' into text field 'id:promotionName'.</msg>
<status status="PASS" starttime="20210903 14:17:28.629" endtime="20210903 14:17:28.823"/>
</kw>
<status status="PASS" starttime="20210903 14:17:23.584" endtime="20210903 14:17:28.823"/>
</kw>
<kw name="Select Cash Voucher Type" library="res_camp_newCustomer">
<kw name="Wait Until Element Is Enabled" library="Selenium2Library">
<arg>${drpdwn_offerType}</arg>
<arg>${delay}</arg>
<doc>Waits until the element ``locator`` is enabled.</doc>
<status status="PASS" starttime="20210903 14:17:28.823" endtime="20210903 14:17:28.840"/>
</kw>
<kw name="Click Element" library="Selenium2Library">
<arg>${drpdwn_offerType}</arg>
<doc>Click the element identified by ``locator``.</doc>
<msg timestamp="20210903 14:17:28.841" level="INFO">Clicking element 'xpath://body[1]/ul[1]/li[2]/section[3]/ul[1]/li[1]/ul[1]/li[1]/div[1]/ul[1]/li[1]/form[1]/ul[1]/li[2]/span[1]/span[1]/span[1]/span[1]'.</msg>
<status status="PASS" starttime="20210903 14:17:28.840" endtime="20210903 14:17:29.423"/>
</kw>
<kw name="Wait Until Element Is Enabled" library="Selenium2Library">
<arg>${opt_getVoucher}</arg>
<arg>${delay}</arg>
<doc>Waits until the element ``locator`` is enabled.</doc>
<status status="PASS" starttime="20210903 14:17:29.423" endtime="20210903 14:17:29.453"/>
</kw>
<kw name="Click Element" library="Selenium2Library">
<arg>${opt_getVoucher}</arg>
<doc>Click the element identified by ``locator``.</doc>
<msg timestamp="20210903 14:17:29.453" level="INFO">Clicking element 'xpath://body[1]/span[1]/span[1]/span[2]/ul[1]/li[4]'.</msg>
<status status="PASS" starttime="20210903 14:17:29.453" endtime="20210903 14:17:29.733"/>
</kw>
<status status="PASS" starttime="20210903 14:17:28.823" endtime="20210903 14:17:29.734"/>
</kw>
<kw name="Input Offer Value" library="res_camp_newCustomer">
<kw name="Wait Until Element Is Enabled" library="Selenium2Library">
<arg>${fld_offerValue}</arg>
<arg>${delay}</arg>
<doc>Waits until the element ``locator`` is enabled.</doc>
<status status="PASS" starttime="20210903 14:17:29.735" endtime="20210903 14:17:29.762"/>
</kw>
<kw name="Input Text" library="Selenium2Library">
<arg>${fld_offerValue}</arg>
<arg>${offerValue}</arg>
<doc>Types the given ``text`` into the text field identified by ``locator``.</doc>
<msg timestamp="20210903 14:17:29.762" level="INFO">Typing text '2000000' into text field 'id:promotionValue'.</msg>
<status status="PASS" starttime="20210903 14:17:29.762" endtime="20210903 14:17:29.856"/>
</kw>
<status status="PASS" starttime="20210903 14:17:29.734" endtime="20210903 14:17:29.856"/>
</kw>
<kw name="Input Minimum Spending" library="res_camp_newCustomer">
<kw name="Wait Until Element Is Enabled" library="Selenium2Library">
<arg>${fld_minSpend}</arg>
<arg>${delay}</arg>
<doc>Waits until the element ``locator`` is enabled.</doc>
<status status="PASS" starttime="20210903 14:17:29.856" endtime="20210903 14:17:29.879"/>
</kw>
<kw name="Input Text" library="Selenium2Library">
<arg>${fld_minSpend}</arg>
<arg>${minSpend}</arg>
<doc>Types the given ``text`` into the text field identified by ``locator``.</doc>
<msg timestamp="20210903 14:17:29.880" level="INFO">Typing text '5000' into text field 'id:promotionMinimumSpending'.</msg>
<status status="PASS" starttime="20210903 14:17:29.879" endtime="20210903 14:17:29.928"/>
</kw>
<status status="PASS" starttime="20210903 14:17:29.856" endtime="20210903 14:17:29.928"/>
</kw>
<kw name="Select Offer Period" library="res_camp_newCustomer">
<kw name="Get Current Date" library="DateTime">
<var>${slct_StrtDate}</var>
<doc>Returns current local or UTC time with an optional increment.</doc>
<msg timestamp="20210903 14:17:29.929" level="INFO">${slct_StrtDate} = 2021-09-03 14:17:29.928</msg>
<status status="PASS" starttime="20210903 14:17:29.928" endtime="20210903 14:17:29.929"/>
</kw>
<kw name="Convert Date" library="DateTime">
<var>${startDate}</var>
<arg>${slct_StrtDate}</arg>
<arg>result_format=%d</arg>
<doc>Converts between supported `date formats`.</doc>
<msg timestamp="20210903 14:17:29.931" level="INFO">${startDate} = 03</msg>
<status status="PASS" starttime="20210903 14:17:29.929" endtime="20210903 14:17:29.931"/>
</kw>
<kw name="Convert To Integer" library="BuiltIn">
<var>${intStrDate}</var>
<arg>${startDate}</arg>
<doc>Converts the given item to an integer number.</doc>
<msg timestamp="20210903 14:17:29.931" level="INFO">${intStrDate} = 3</msg>
<status status="PASS" starttime="20210903 14:17:29.931" endtime="20210903 14:17:29.932"/>
</kw>
<kw name="Sleep" library="BuiltIn">
<arg>2</arg>
<doc>Pauses the test executed for the given time.</doc>
<msg timestamp="20210903 14:17:31.934" level="INFO">Slept 2 seconds</msg>
<status status="PASS" starttime="20210903 14:17:29.932" endtime="20210903 14:17:31.934"/>
</kw>
<kw name="Click Element" library="Selenium2Library">
<arg>${fld_offerStrdate}</arg>
<doc>Click the element identified by ``locator``.</doc>
<msg timestamp="20210903 14:17:31.936" level="INFO">Clicking element 'name:promotionStart'.</msg>
<status status="PASS" starttime="20210903 14:17:31.935" endtime="20210903 14:17:32.200"/>
</kw>
<kw name="Click Element" library="Selenium2Library">
<arg>//*[@class='ui-datepicker-calendar']//*[contains(text(),'${intStrDate}')]</arg>
<doc>Click the element identified by ``locator``.</doc>
<msg timestamp="20210903 14:17:32.201" level="INFO">Clicking element '//*[@class='ui-datepicker-calendar']//*[contains(text(),'3')]'.</msg>
<status status="PASS" starttime="20210903 14:17:32.201" endtime="20210903 14:17:32.429"/>
</kw>
<kw name="Sleep" library="BuiltIn">
<arg>2</arg>
<doc>Pauses the test executed for the given time.</doc>
<msg timestamp="20210903 14:17:34.431" level="INFO">Slept 2 seconds</msg>
<status status="PASS" starttime="20210903 14:17:32.429" endtime="20210903 14:17:34.432"/>
</kw>
<kw name="Add Time To Date" library="DateTime">
<var>${slct_EndDate}</var>
<arg>${slct_StrtDate}</arg>
<arg>7 Days</arg>
<doc>Adds time to date and returns the resulting date.</doc>
<msg timestamp="20210903 14:17:34.435" level="INFO">${slct_EndDate} = 2021-09-10 14:17:29.928</msg>
<status status="PASS" starttime="20210903 14:17:34.432" endtime="20210903 14:17:34.435"/>
</kw>
<kw name="Convert Date" library="DateTime">
<var>${EndDate}</var>
<arg>${slct_EndDate}</arg>
<arg>result_format=%d</arg>
<doc>Converts between supported `date formats`.</doc>
<msg timestamp="20210903 14:17:34.436" level="INFO">${EndDate} = 10</msg>
<status status="PASS" starttime="20210903 14:17:34.435" endtime="20210903 14:17:34.436"/>
</kw>
<kw name="Convert To Integer" library="BuiltIn">
<var>${int}</var>
<arg>${EndDate}</arg>
<doc>Converts the given item to an integer number.</doc>
<msg timestamp="20210903 14:17:34.437" level="INFO">${int} = 10</msg>
<status status="PASS" starttime="20210903 14:17:34.436" endtime="20210903 14:17:34.437"/>
</kw>
<kw name="Click Element" library="Selenium2Library">
<arg>${fld_offerEnddate}</arg>
<doc>Click the element identified by ``locator``.</doc>
<msg timestamp="20210903 14:17:34.438" level="INFO">Clicking element 'name:promotionExpired'.</msg>
<status status="PASS" starttime="20210903 14:17:34.437" endtime="20210903 14:17:34.521"/>
</kw>
<kw name="Click Element" library="Selenium2Library">
<arg>//*[@class='ui-datepicker-calendar']//*[contains(text(),'${int}')]</arg>
<doc>Click the element identified by ``locator``.</doc>
<msg timestamp="20210903 14:17:34.522" level="INFO">Clicking element '//*[@class='ui-datepicker-calendar']//*[contains(text(),'10')]'.</msg>
<status status="PASS" starttime="20210903 14:17:34.522" endtime="20210903 14:17:34.580"/>
</kw>
<status status="PASS" starttime="20210903 14:17:29.928" endtime="20210903 14:17:34.580"/>
</kw>
<kw name="Click Next button" library="res_camp_newCustomer">
<kw name="Scroll Element Into View" library="Selenium2Library">
<arg>${btn_next}</arg>
<doc>Scrolls the element identified by ``locator`` into view.</doc>
<status status="PASS" starttime="20210903 14:17:34.580" endtime="20210903 14:17:34.856"/>
</kw>
<kw name="Wait Until Element Is Enabled" library="Selenium2Library">
<arg>${btn_next}</arg>
<arg>${delay}</arg>
<doc>Waits until the element ``locator`` is enabled.</doc>
<status status="PASS" starttime="20210903 14:17:34.856" endtime="20210903 14:17:34.884"/>
</kw>
<kw name="Click Element" library="Selenium2Library">
<arg>${btn_next}</arg>
<doc>Click the element identified by ``locator``.</doc>
<msg timestamp="20210903 14:17:34.885" level="INFO">Clicking element 'xpath://body[1]/ul[1]/li[2]/section[1]/div[1]/ul[1]/li[2]/a[1]'.</msg>
<status status="PASS" starttime="20210903 14:17:34.884" endtime="20210903 14:17:37.214"/>
</kw>
<status status="PASS" starttime="20210903 14:17:34.580" endtime="20210903 14:17:37.214"/>
</kw>
<status status="PASS" starttime="20210903 14:17:23.584" endtime="20210903 14:17:37.214"/>
</kw>
<kw name="New Customer =&gt; Cash Voucher =&gt; Step 3">
<kw name="Add T&amp;C" library="res_camp_newCustomer">
<kw name="Wait Until Element Is Enabled" library="Selenium2Library">
<arg>${fld_addTerm}</arg>
<arg>${delay}</arg>
<doc>Waits until the element ``locator`` is enabled.</doc>
<status status="PASS" starttime="20210903 14:17:37.215" endtime="20210903 14:17:37.252"/>
</kw>
<kw name="Input Text" library="Selenium2Library">
<arg>${fld_addTerm}</arg>
<arg>${addTermText}</arg>
<doc>Types the given ``text`` into the text field identified by ``locator``.</doc>
<msg timestamp="20210903 14:17:37.252" level="INFO">Typing text 'This is an automation term' into text field 'xpath://body[1]/ul[1]/li[2]/section[3]/ul[1]/li[1]/ul[1]/li[1]/div[2]/ul[2]/li[1]/textarea[1]'.</msg>
<status status="PASS" starttime="20210903 14:17:37.252" endtime="20210903 14:17:37.333"/>
</kw>
<status status="PASS" starttime="20210903 14:17:37.215" endtime="20210903 14:17:37.333"/>
</kw>
<kw name="Click Publish" library="res_camp_newCustomer">
<kw name="Wait Until Element Is Enabled" library="Selenium2Library">
<arg>${btn_publish}</arg>
<arg>${delay}</arg>
<doc>Waits until the element ``locator`` is enabled.</doc>
<status status="PASS" starttime="20210903 14:17:37.334" endtime="20210903 14:17:37.350"/>
</kw>
<kw name="Click Element" library="Selenium2Library">
<arg>${btn_publish}</arg>
<doc>Click the element identified by ``locator``.</doc>
<msg timestamp="20210903 14:17:37.350" level="INFO">Clicking element 'xpath://body[1]/ul[1]/li[2]/section[4]/ul[1]/li[2]/a[1]'.</msg>
<status status="PASS" starttime="20210903 14:17:37.350" endtime="20210903 14:17:37.402"/>
</kw>
<status status="PASS" starttime="20210903 14:17:37.333" endtime="20210903 14:17:37.402"/>
</kw>
<kw name="Success Message is displayed" library="res_camp_newCustomer">
<kw name="Sleep" library="BuiltIn">
<arg>5</arg>
<doc>Pauses the test executed for the given time.</doc>
<msg timestamp="20210903 14:17:42.405" level="INFO">Slept 5 seconds</msg>
<status status="PASS" starttime="20210903 14:17:37.403" endtime="20210903 14:17:42.406"/>
</kw>
<kw name="Wait Until Page Contains" library="Selenium2Library">
<arg>${sucMsg}</arg>
<arg>${delay}</arg>
<doc>Waits until ``text`` appears on the current page.</doc>
<status status="PASS" starttime="20210903 14:17:42.407" endtime="20210903 14:17:42.446"/>
</kw>
<kw name="Page Should Contain" library="Selenium2Library">
<arg>${sucMsg}</arg>
<doc>Verifies that current page contains ``text``.</doc>
<msg timestamp="20210903 14:17:42.455" level="INFO">Current page contains text 'Your Campaign has been published and will be visible by your customers at the appointed time.'.</msg>
<status status="PASS" starttime="20210903 14:17:42.446" endtime="20210903 14:17:42.456"/>
</kw>
<kw name="Click Element" library="Selenium2Library">
<arg>${btn_closeMsg}</arg>
<doc>Click the element identified by ``locator``.</doc>
<msg timestamp="20210903 14:17:42.456" level="INFO">Clicking element 'xpath://button[contains(text(),'Close')]'.</msg>
<status status="PASS" starttime="20210903 14:17:42.456" endtime="20210903 14:17:42.891"/>
</kw>
<kw name="Sleep" library="BuiltIn">
<arg>7</arg>
<doc>Pauses the test executed for the given time.</doc>
<msg timestamp="20210903 14:17:49.893" level="INFO">Slept 7 seconds</msg>
<status status="PASS" starttime="20210903 14:17:42.891" endtime="20210903 14:17:49.894"/>
</kw>
<status status="PASS" starttime="20210903 14:17:37.402" endtime="20210903 14:17:49.895"/>
</kw>
<status status="PASS" starttime="20210903 14:17:37.214" endtime="20210903 14:17:49.895"/>
</kw>
<status status="PASS" starttime="20210903 14:17:00.070" endtime="20210903 14:17:49.896"/>
</test>
<test id="s1-t3" name="Verify edit New Customer Offer (Cash Voucher) is successfully">
<kw name="Edit New Customer Campaign">
<kw name="Click Edit Campaign" library="res_camp_newCustomer">
<kw name="Sleep" library="BuiltIn">
<arg>2</arg>
<doc>Pauses the test executed for the given time.</doc>
<msg timestamp="20210903 14:17:51.903" level="INFO">Slept 2 seconds</msg>
<status status="PASS" starttime="20210903 14:17:49.901" endtime="20210903 14:17:51.904"/>
</kw>
<kw name="Wait Until Element Is Enabled" library="Selenium2Library">
<arg>${btn_editCampaign}</arg>
<arg>${delay}</arg>
<doc>Waits until the element ``locator`` is enabled.</doc>
<status status="PASS" starttime="20210903 14:17:51.905" endtime="20210903 14:17:51.945"/>
</kw>
<kw name="Click Element" library="Selenium2Library">
<arg>${btn_editCampaign}</arg>
<doc>Click the element identified by ``locator``.</doc>
<msg timestamp="20210903 14:17:51.946" level="INFO">Clicking element 'xpath://a[contains(text(),'EDIT CAMPAIGN')]'.</msg>
<status status="PASS" starttime="20210903 14:17:51.946" endtime="20210903 14:17:54.138"/>
</kw>
<status status="PASS" starttime="20210903 14:17:49.901" endtime="20210903 14:17:54.138"/>
</kw>
<kw name="Add Term &amp; Condition" library="res_camp_newCustomer">
<kw name="Sleep" library="BuiltIn">
<arg>2</arg>
<doc>Pauses the test executed for the given time.</doc>
<msg timestamp="20210903 14:17:56.139" level="INFO">Slept 2 seconds</msg>
<status status="PASS" starttime="20210903 14:17:54.139" endtime="20210903 14:17:56.140"/>
</kw>
<kw name="Wait Until Element Is Enabled" library="Selenium2Library">
<arg>${fldEdit_addTerm}</arg>
<arg>${delay}</arg>
<doc>Waits until the element ``locator`` is enabled.</doc>
<status status="PASS" starttime="20210903 14:17:56.141" endtime="20210903 14:17:56.181"/>
</kw>
<kw name="Input Text" library="Selenium2Library">
<arg>${fldEdit_addTerm}</arg>
<arg>${EditTermText}</arg>
<doc>Types the given ``text`` into the text field identified by ``locator``.</doc>
<msg timestamp="20210903 14:17:56.182" level="INFO">Typing text 'Term text edited' into text field 'xpath://body[1]/ul[1]/li[2]/section[2]/ul[1]/li[1]/div[2]/ul[2]/li[1]/textarea[1]'.</msg>
<status status="PASS" starttime="20210903 14:17:56.181" endtime="20210903 14:17:56.268"/>
</kw>
<kw name="Click Element" library="Selenium2Library">
<arg>${btn_EditTerm}</arg>
<doc>Click the element identified by ``locator``.</doc>
<msg timestamp="20210903 14:17:56.269" level="INFO">Clicking element 'xpath://button[contains(text(),'ADD TERM')]'.</msg>
<status status="PASS" starttime="20210903 14:17:56.268" endtime="20210903 14:17:56.347"/>
</kw>
<status status="PASS" starttime="20210903 14:17:54.138" endtime="20210903 14:17:56.347"/>
</kw>
<kw name="Edit New Customer Offer Name" library="res_camp_newCustomer">
<kw name="Wait Until Element Is Enabled" library="Selenium2Library">
<arg>${fld_offerName}</arg>
<arg>${delay}</arg>
<doc>Waits until the element ``locator`` is enabled.</doc>
<status status="PASS" starttime="20210903 14:17:56.348" endtime="20210903 14:17:56.364"/>
</kw>
<kw name="Input Text" library="Selenium2Library">
<arg>${fld_offerName}</arg>
<arg>${newCustomerName_edit}</arg>
<doc>Types the given ``text`` into the text field identified by ``locator``.</doc>
<msg timestamp="20210903 14:17:56.364" level="INFO">Typing text 'NewCustomerPromo_Edited' into text field 'id:promotionName'.</msg>
<status status="PASS" starttime="20210903 14:17:56.364" endtime="20210903 14:17:56.496"/>
</kw>
<status status="PASS" starttime="20210903 14:17:56.347" endtime="20210903 14:17:56.497"/>
</kw>
<kw name="Edit Offer Value" library="res_camp_newCustomer">
<kw name="Wait Until Element Is Enabled" library="Selenium2Library">
<arg>${fld_offerValue}</arg>
<arg>${delay}</arg>
<doc>Waits until the element ``locator`` is enabled.</doc>
<status status="PASS" starttime="20210903 14:17:56.497" endtime="20210903 14:17:56.515"/>
</kw>
<kw name="Input Text" library="Selenium2Library">
<arg>${fld_offerValue}</arg>
<arg>${offerValue_Edit}</arg>
<doc>Types the given ``text`` into the text field identified by ``locator``.</doc>
<msg timestamp="20210903 14:17:56.515" level="INFO">Typing text '1750000' into text field 'id:promotionValue'.</msg>
<status status="PASS" starttime="20210903 14:17:56.515" endtime="20210903 14:17:56.598"/>
</kw>
<status status="PASS" starttime="20210903 14:17:56.497" endtime="20210903 14:17:56.598"/>
</kw>
<kw name="Edit Minimum Spend" library="res_camp_newCustomer">
<kw name="Wait Until Element Is Enabled" library="Selenium2Library">
<arg>${fld_minSpend}</arg>
<arg>${delay}</arg>
<doc>Waits until the element ``locator`` is enabled.</doc>
<status status="PASS" starttime="20210903 14:17:56.598" endtime="20210903 14:17:56.611"/>
</kw>
<kw name="Input Text" library="Selenium2Library">
<arg>${fld_minSpend}</arg>
<arg>${minSpendEdit}</arg>
<doc>Types the given ``text`` into the text field identified by ``locator``.</doc>
<msg timestamp="20210903 14:17:56.612" level="INFO">Typing text '10000' into text field 'id:promotionMinimumSpending'.</msg>
<status status="PASS" starttime="20210903 14:17:56.611" endtime="20210903 14:17:56.689"/>
</kw>
<status status="PASS" starttime="20210903 14:17:56.598" endtime="20210903 14:17:56.689"/>
</kw>
<kw name="Click Save Edit" library="res_camp_newCustomer">
<kw name="Scroll Element Into View" library="Selenium2Library">
<arg>${btn_saveEdit}</arg>
<doc>Scrolls the element identified by ``locator`` into view.</doc>
<status status="PASS" starttime="20210903 14:17:56.689" endtime="20210903 14:17:56.961"/>
</kw>
<kw name="Sleep" library="BuiltIn">
<arg>2</arg>
<doc>Pauses the test executed for the given time.</doc>
<msg timestamp="20210903 14:17:58.962" level="INFO">Slept 2 seconds</msg>
<status status="PASS" starttime="20210903 14:17:56.961" endtime="20210903 14:17:58.963"/>
</kw>
<kw name="Wait Until Element Is Enabled" library="Selenium2Library">
<arg>${btn_saveEdit}</arg>
<arg>${delay}</arg>
<doc>Waits until the element ``locator`` is enabled.</doc>
<status status="PASS" starttime="20210903 14:17:58.964" endtime="20210903 14:17:58.997"/>
</kw>
<kw name="Click Element" library="Selenium2Library">
<arg>${btn_saveEdit}</arg>
<doc>Click the element identified by ``locator``.</doc>
<msg timestamp="20210903 14:17:58.998" level="INFO">Clicking element 'xpath://body[1]/ul[1]/li[2]/section[3]/ul[1]/li[2]/a[1]'.</msg>
<status status="PASS" starttime="20210903 14:17:58.998" endtime="20210903 14:17:59.090"/>
</kw>
<kw name="Sleep" library="BuiltIn">
<arg>5</arg>
<doc>Pauses the test executed for the given time.</doc>
<msg timestamp="20210903 14:18:04.091" level="INFO">Slept 5 seconds</msg>
<status status="PASS" starttime="20210903 14:17:59.091" endtime="20210903 14:18:04.092"/>
</kw>
<status status="PASS" starttime="20210903 14:17:56.689" endtime="20210903 14:18:04.092"/>
</kw>
<kw name="Success Edit Message is displayed" library="res_camp_newCustomer">
<kw name="Wait Until Page Contains" library="Selenium2Library">
<arg>${sucEditMsg}</arg>
<arg>${delay}</arg>
<doc>Waits until ``text`` appears on the current page.</doc>
<status status="PASS" starttime="20210903 14:18:04.093" endtime="20210903 14:18:04.113"/>
</kw>
<kw name="Page Should Contain" library="Selenium2Library">
<arg>${sucEditMsg}</arg>
<doc>Verifies that current page contains ``text``.</doc>
<msg timestamp="20210903 14:18:04.124" level="INFO">Current page contains text 'Your Campaign has been updated and will be visible by your customers at the appointed time.'.</msg>
<status status="PASS" starttime="20210903 14:18:04.113" endtime="20210903 14:18:04.125"/>
</kw>
<kw name="Click Element" library="Selenium2Library">
<arg>${btn_closeEdit}</arg>
<doc>Click the element identified by ``locator``.</doc>
<msg timestamp="20210903 14:18:04.125" level="INFO">Clicking element 'xpath://body/div[3]/div[2]/ul[1]/li[1]/button[1]'.</msg>
<kw name="Capture Page Screenshot" library="Selenium2Library">
<doc>Takes a screenshot of the current page and embeds it into a log file.</doc>
<msg timestamp="20210903 14:18:04.566" level="INFO" html="true">&lt;/td&gt;&lt;/tr&gt;&lt;tr&gt;&lt;td colspan="3"&gt;&lt;a href="selenium-screenshot-3.png"&gt;&lt;img src="selenium-screenshot-3.png" width="800px"&gt;&lt;/a&gt;</msg>
<status status="PASS" starttime="20210903 14:18:04.150" endtime="20210903 14:18:04.566"/>
</kw>
<msg timestamp="20210903 14:18:04.571" level="FAIL">ElementNotInteractableException: Message: element not interactable
  (Session info: chrome=93.0.4577.63)
</msg>
<status status="FAIL" starttime="20210903 14:18:04.125" endtime="20210903 14:18:04.571"/>
</kw>
<kw name="Sleep" library="BuiltIn">
<arg>2</arg>
<doc>Pauses the test executed for the given time.</doc>
<status status="NOT RUN" starttime="20210903 14:18:04.571" endtime="20210903 14:18:04.571"/>
</kw>
<status status="FAIL" starttime="20210903 14:18:04.092" endtime="20210903 14:18:04.571"/>
</kw>
<status status="FAIL" starttime="20210903 14:17:49.900" endtime="20210903 14:18:04.572"/>
</kw>
<status status="FAIL" starttime="20210903 14:17:49.898" endtime="20210903 14:18:04.572">ElementNotInteractableException: Message: element not interactable
  (Session info: chrome=93.0.4577.63)
</status>
</test>
<kw name="Close Browser" library="Selenium2Library" type="TEARDOWN">
<doc>Closes the current browser.</doc>
<status status="PASS" starttime="20210903 14:18:04.573" endtime="20210903 14:18:04.646"/>
</kw>
<doc>Verify create New Customer Offer is successfully</doc>
<status status="FAIL" starttime="20210903 14:16:56.536" endtime="20210903 14:18:04.646"/>
</suite>
<statistics>
<total>
<stat pass="2" fail="1" skip="0">All Tests</stat>
</total>
<tag>
</tag>
<suite>
<stat pass="2" fail="1" skip="0" id="s1" name="newCust cashVouc">newCust cashVouc</stat>
</suite>
</statistics>
<errors>
</errors>
</robot>
