<?xml version="1.0" encoding="UTF-8"?>
<robot generator="Rebot 4.1 (Python 3.9.6 on darwin)" generated="20210818 10:54:29.843" rpa="false" schemaversion="2">
<suite id="s1" name="Suites">
<suite id="s1-s1" name="Outlet" source="/Users/machruk/PycharmProjects/Spurr_Web/06.Outlet/outlet.robot">
<kw name="Open GoSpurr.com" library="res_Signup" type="SETUP">
<kw name="Open Browser" library="Selenium2Library">
<arg>${url}</arg>
<arg>${browser}</arg>
<doc>Opens a new browser instance to the optional ``url``.</doc>
<msg timestamp="20210818 10:52:46.341" level="INFO">Opening browser 'chrome' to base url 'https://app-dev-v2.gospurr.com/'.</msg>
<status status="PASS" starttime="20210818 10:52:46.341" endtime="20210818 10:53:15.046"/>
</kw>
<kw name="Maximize Browser Window" library="Selenium2Library">
<doc>Maximizes current browser window.</doc>
<status status="PASS" starttime="20210818 10:53:15.047" endtime="20210818 10:53:15.307"/>
</kw>
<kw name="Wait Until Element Is Enabled" library="Selenium2Library">
<arg>${btn_Signup}</arg>
<arg>${delay}</arg>
<doc>Waits until the element ``locator`` is enabled.</doc>
<status status="PASS" starttime="20210818 10:53:15.308" endtime="20210818 10:53:15.445"/>
</kw>
<kw name="Valid Login with New Password" library="res_Signup">
<kw name="Input New Username" library="res_Signup">
<kw name="Wait Until Element Is Enabled" library="Selenium2Library">
<arg>${field_Usrname}</arg>
<arg>${delay}</arg>
<doc>Waits until the element ``locator`` is enabled.</doc>
<status status="PASS" starttime="20210818 10:53:15.446" endtime="20210818 10:53:15.465"/>
</kw>
<kw name="Input Text" library="Selenium2Library">
<arg>${field_Usrname}</arg>
<arg>${valid_Email}</arg>
<doc>Types the given ``text`` into the text field identified by ``locator``.</doc>
<msg timestamp="20210818 10:53:15.466" level="INFO">Typing text 'machruk@gospurr.com' into text field 'id:email'.</msg>
<status status="PASS" starttime="20210818 10:53:15.465" endtime="20210818 10:53:15.884"/>
</kw>
<status status="PASS" starttime="20210818 10:53:15.446" endtime="20210818 10:53:15.884"/>
</kw>
<kw name="New Password" library="res_Signup">
<kw name="Input Text" library="Selenium2Library">
<arg>${field_Pwd}</arg>
<arg>${newPwd}</arg>
<doc>Types the given ``text`` into the text field identified by ``locator``.</doc>
<msg timestamp="20210818 10:53:15.885" level="INFO">Typing text 'Qwerty' into text field 'id:password'.</msg>
<status status="PASS" starttime="20210818 10:53:15.885" endtime="20210818 10:53:16.053"/>
</kw>
<status status="PASS" starttime="20210818 10:53:15.885" endtime="20210818 10:53:16.054"/>
</kw>
<kw name="Click Login button" library="res_Signup">
<kw name="Click Element" library="Selenium2Library">
<arg>${btn_Signin}</arg>
<doc>Click the element identified by ``locator``.</doc>
<msg timestamp="20210818 10:53:16.054" level="INFO">Clicking element 'id:label-button'.</msg>
<status status="PASS" starttime="20210818 10:53:16.054" endtime="20210818 10:53:16.642"/>
</kw>
<status status="PASS" starttime="20210818 10:53:16.054" endtime="20210818 10:53:16.642"/>
</kw>
<kw name="Verify Login is successfully" library="res_Signup">
<kw name="Wait Until Element Is Enabled" library="Selenium2Library">
<arg>${menu_Dshbrd}</arg>
<arg>${delay}</arg>
<doc>Waits until the element ``locator`` is enabled.</doc>
<status status="PASS" starttime="20210818 10:53:16.642" endtime="20210818 10:53:21.226"/>
</kw>
<kw name="Page Should Contain Element" library="Selenium2Library">
<arg>${menu_Dshbrd}</arg>
<doc>Verifies that element ``locator`` is found on the current page.</doc>
<msg timestamp="20210818 10:53:21.231" level="INFO">Current page contains element 'xpath://a[contains(text(),'Dashboard')]'.</msg>
<status status="PASS" starttime="20210818 10:53:21.226" endtime="20210818 10:53:21.231"/>
</kw>
<status status="PASS" starttime="20210818 10:53:16.642" endtime="20210818 10:53:21.231"/>
</kw>
<status status="PASS" starttime="20210818 10:53:15.446" endtime="20210818 10:53:21.231"/>
</kw>
<kw name="Waiting to Load" library="res_Signup">
<kw name="Sleep" library="BuiltIn">
<arg>5</arg>
<doc>Pauses the test executed for the given time.</doc>
<msg timestamp="20210818 10:53:26.234" level="INFO">Slept 5 seconds</msg>
<status status="PASS" starttime="20210818 10:53:21.232" endtime="20210818 10:53:26.234"/>
</kw>
<status status="PASS" starttime="20210818 10:53:21.232" endtime="20210818 10:53:26.234"/>
</kw>
<status status="PASS" starttime="20210818 10:52:46.341" endtime="20210818 10:53:26.235"/>
</kw>
<test id="s1-s1-t1" name="Verify the features On Outlet Menu are working properly">
<kw name="Go to Outlet Menu" library="res_Outlet">
<kw name="Wait Until Element Is Enabled" library="Selenium2Library">
<arg>${menu_outlet}</arg>
<arg>${delay}</arg>
<doc>Waits until the element ``locator`` is enabled.</doc>
<status status="PASS" starttime="20210818 10:53:26.236" endtime="20210818 10:53:26.257"/>
</kw>
<kw name="Click Element" library="Selenium2Library">
<arg>${menu_outlet}</arg>
<doc>Click the element identified by ``locator``.</doc>
<msg timestamp="20210818 10:53:26.257" level="INFO">Clicking element 'xpath://body/ul[1]/li[1]/ul[1]/li[5]/a[1]'.</msg>
<status status="PASS" starttime="20210818 10:53:26.257" endtime="20210818 10:53:28.091"/>
</kw>
<kw name="Wait Until Page Contains Element" library="Selenium2Library">
<arg>${btn_AddOutlet}</arg>
<arg>${delay}</arg>
<doc>Waits until the element ``locator`` appears on the current page.</doc>
<status status="PASS" starttime="20210818 10:53:28.091" endtime="20210818 10:53:28.101"/>
</kw>
<kw name="Waiting to Load" library="res_Signup">
<kw name="Sleep" library="BuiltIn">
<arg>5</arg>
<doc>Pauses the test executed for the given time.</doc>
<msg timestamp="20210818 10:53:33.108" level="INFO">Slept 5 seconds</msg>
<status status="PASS" starttime="20210818 10:53:28.105" endtime="20210818 10:53:33.111"/>
</kw>
<status status="PASS" starttime="20210818 10:53:28.101" endtime="20210818 10:53:33.113"/>
</kw>
<status status="PASS" starttime="20210818 10:53:26.236" endtime="20210818 10:53:33.114"/>
</kw>
<kw name="Verify Edit Company is Successfully">
<kw name="Click Edit Company Details" library="res_Outlet">
<kw name="Wait Until Element Is Enabled" library="Selenium2Library">
<arg>${btn_editCompany}</arg>
<arg>${delay}</arg>
<doc>Waits until the element ``locator`` is enabled.</doc>
<status status="PASS" starttime="20210818 10:53:33.117" endtime="20210818 10:53:33.181"/>
</kw>
<kw name="Click Element" library="Selenium2Library">
<arg>${btn_editCompany}</arg>
<doc>Click the element identified by ``locator``.</doc>
<msg timestamp="20210818 10:53:33.182" level="INFO">Clicking element 'xpath://*[@class='edit-comp-detail'][contains(text(),'EDIT DETAILS')]'.</msg>
<status status="PASS" starttime="20210818 10:53:33.182" endtime="20210818 10:53:33.676"/>
</kw>
<status status="PASS" starttime="20210818 10:53:33.116" endtime="20210818 10:53:33.677"/>
</kw>
<kw name="Edit Company Name" library="res_Outlet">
<kw name="Wait Until Element Is Enabled" library="Selenium2Library">
<arg>${fld_searchOutlet}</arg>
<arg>${delay}</arg>
<doc>Waits until the element ``locator`` is enabled.</doc>
<status status="PASS" starttime="20210818 10:53:33.678" endtime="20210818 10:53:33.802"/>
</kw>
<kw name="Input Text" library="Selenium2Library">
<arg>${fld_searchOutlet}</arg>
<arg>${edit_companyName}</arg>
<doc>Types the given ``text`` into the text field identified by ``locator``.</doc>
<msg timestamp="20210818 10:53:33.802" level="INFO">Typing text 'Rempah Djawa' into text field 'id:outlet-location'.</msg>
<status status="PASS" starttime="20210818 10:53:33.802" endtime="20210818 10:53:34.065"/>
</kw>
<kw name="Click Element" library="Selenium2Library">
<arg>${fld_searchOutlet}</arg>
<doc>Click the element identified by ``locator``.</doc>
<msg timestamp="20210818 10:53:34.066" level="INFO">Clicking element 'id:outlet-location'.</msg>
<status status="PASS" starttime="20210818 10:53:34.065" endtime="20210818 10:53:34.100"/>
</kw>
<kw name="Wait Until Element Is Enabled" library="Selenium2Library">
<arg>${edit_matchCompnyName}</arg>
<arg>${delay}</arg>
<doc>Waits until the element ``locator`` is enabled.</doc>
<status status="PASS" starttime="20210818 10:53:34.100" endtime="20210818 10:53:34.327"/>
</kw>
<kw name="Click Element" library="Selenium2Library">
<arg>${edit_matchCompnyName}</arg>
<doc>Click the element identified by ``locator``.</doc>
<msg timestamp="20210818 10:53:34.328" level="INFO">Clicking element 'xpath://*[@class='pac-matched'][contains(text(),'Rempah Djawa')]'.</msg>
<status status="PASS" starttime="20210818 10:53:34.328" endtime="20210818 10:53:34.411"/>
</kw>
<status status="PASS" starttime="20210818 10:53:33.677" endtime="20210818 10:53:34.412"/>
</kw>
<kw name="Edit Company Mobile Number" library="res_Outlet">
<kw name="Wait Until Element Is Enabled" library="Selenium2Library">
<arg>${fld_contact}</arg>
<arg>${delay}</arg>
<doc>Waits until the element ``locator`` is enabled.</doc>
<status status="PASS" starttime="20210818 10:53:34.412" endtime="20210818 10:53:34.428"/>
</kw>
<kw name="Input Text" library="Selenium2Library">
<arg>${fld_contact}</arg>
<arg>${edit_compnyNo}</arg>
<doc>Types the given ``text`` into the text field identified by ``locator``.</doc>
<msg timestamp="20210818 10:53:34.429" level="INFO">Typing text '+628528111000' into text field 'xpath://body/ul[1]/li[2]/section[1]/ul[1]/li[1]/div[1]/ul[2]/li[2]/input[1]'.</msg>
<status status="PASS" starttime="20210818 10:53:34.428" endtime="20210818 10:53:34.520"/>
</kw>
<status status="PASS" starttime="20210818 10:53:34.412" endtime="20210818 10:53:34.520"/>
</kw>
<kw name="Edit Company Email" library="res_Outlet">
<kw name="Wait Until Element Is Enabled" library="Selenium2Library">
<arg>${fld_companyEmail}</arg>
<arg>${delay}</arg>
<doc>Waits until the element ``locator`` is enabled.</doc>
<status status="PASS" starttime="20210818 10:53:34.520" endtime="20210818 10:53:34.537"/>
</kw>
<kw name="Input Text" library="Selenium2Library">
<arg>${fld_companyEmail}</arg>
<arg>${edit_email}</arg>
<doc>Types the given ``text`` into the text field identified by ``locator``.</doc>
<msg timestamp="20210818 10:53:34.537" level="INFO">Typing text 'machruk@gospurr.com' into text field 'xpath://body/ul[1]/li[2]/section[1]/ul[1]/li[1]/div[1]/ul[2]/li[3]/input[1]'.</msg>
<status status="PASS" starttime="20210818 10:53:34.537" endtime="20210818 10:53:34.627"/>
</kw>
<status status="PASS" starttime="20210818 10:53:34.520" endtime="20210818 10:53:34.628"/>
</kw>
<kw name="Click Save Edit Company" library="res_Outlet">
<kw name="Wait Until Element Is Enabled" library="Selenium2Library">
<arg>${btn_saveCompEdit}</arg>
<arg>${delay}</arg>
<doc>Waits until the element ``locator`` is enabled.</doc>
<status status="PASS" starttime="20210818 10:53:34.628" endtime="20210818 10:53:34.644"/>
</kw>
<kw name="Click Element" library="Selenium2Library">
<arg>${btn_saveCompEdit}</arg>
<doc>Click the element identified by ``locator``.</doc>
<msg timestamp="20210818 10:53:34.644" level="INFO">Clicking element 'class:save-comp-detail'.</msg>
<status status="PASS" starttime="20210818 10:53:34.644" endtime="20210818 10:53:34.754"/>
</kw>
<kw name="Waiting to Load" library="res_Signup">
<kw name="Sleep" library="BuiltIn">
<arg>5</arg>
<doc>Pauses the test executed for the given time.</doc>
<msg timestamp="20210818 10:53:39.756" level="INFO">Slept 5 seconds</msg>
<status status="PASS" starttime="20210818 10:53:34.755" endtime="20210818 10:53:39.758"/>
</kw>
<status status="PASS" starttime="20210818 10:53:34.755" endtime="20210818 10:53:39.759"/>
</kw>
<status status="PASS" starttime="20210818 10:53:34.628" endtime="20210818 10:53:39.760"/>
</kw>
<kw name="Verify Success Message is displayed after Company edited" library="res_Outlet">
<kw name="Wait Until Element Is Enabled" library="Selenium2Library">
<arg>${btn_closeSucMsg}</arg>
<arg>${delay}</arg>
<doc>Waits until the element ``locator`` is enabled.</doc>
<status status="PASS" starttime="20210818 10:53:39.761" endtime="20210818 10:53:39.797"/>
</kw>
<kw name="Page Should Contain" library="Selenium2Library">
<arg>${SucMsg_Edit}</arg>
<doc>Verifies that current page contains ``text``.</doc>
<msg timestamp="20210818 10:53:39.814" level="INFO">Current page contains text 'Data is successfully saved'.</msg>
<status status="PASS" starttime="20210818 10:53:39.797" endtime="20210818 10:53:39.814"/>
</kw>
<kw name="Click Element" library="Selenium2Library">
<arg>${btn_closeSucMsg}</arg>
<doc>Click the element identified by ``locator``.</doc>
<msg timestamp="20210818 10:53:39.814" level="INFO">Clicking element 'xpath://body[1]/div[4]/div[3]/ul[1]/li[1]/button[1]'.</msg>
<status status="PASS" starttime="20210818 10:53:39.814" endtime="20210818 10:53:39.866"/>
</kw>
<kw name="Sleep" library="BuiltIn">
<arg>2</arg>
<doc>Pauses the test executed for the given time.</doc>
<msg timestamp="20210818 10:53:41.869" level="INFO">Slept 2 seconds</msg>
<status status="PASS" starttime="20210818 10:53:39.866" endtime="20210818 10:53:41.869"/>
</kw>
<kw name="Page Should Contain Element" library="Selenium2Library">
<arg>${btn_brandPhoto}</arg>
<doc>Verifies that element ``locator`` is found on the current page.</doc>
<msg timestamp="20210818 10:53:41.896" level="INFO">Current page contains element 'xpath://body[1]/ul[1]/li[2]/section[2]/ul[1]/li[1]/div[1]/div[1]/input[1]'.</msg>
<status status="PASS" starttime="20210818 10:53:41.871" endtime="20210818 10:53:41.896"/>
</kw>
<status status="PASS" starttime="20210818 10:53:39.760" endtime="20210818 10:53:41.897"/>
</kw>
<status status="PASS" starttime="20210818 10:53:33.115" endtime="20210818 10:53:41.897"/>
</kw>
<kw name="Verify Add Outlet is Successfully">
<kw name="Click Add Outlet" library="res_Outlet">
<kw name="Wait Until Element Is Enabled" library="Selenium2Library">
<arg>${btn_AddOutlet}</arg>
<arg>${delay}</arg>
<doc>Waits until the element ``locator`` is enabled.</doc>
<status status="PASS" starttime="20210818 10:53:41.899" endtime="20210818 10:53:41.921"/>
</kw>
<kw name="Click Element" library="Selenium2Library">
<arg>${btn_AddOutlet}</arg>
<doc>Click the element identified by ``locator``.</doc>
<msg timestamp="20210818 10:53:41.922" level="INFO">Clicking element 'class:outlet-add-button'.</msg>
<status status="PASS" starttime="20210818 10:53:41.922" endtime="20210818 10:53:42.062"/>
</kw>
<status status="PASS" starttime="20210818 10:53:41.898" endtime="20210818 10:53:42.062"/>
</kw>
<kw name="Input Location" library="res_Outlet">
<kw name="Wait Until Element Is Enabled" library="Selenium2Library">
<arg>${fld_outletLoc}</arg>
<arg>${delay}</arg>
<doc>Waits until the element ``locator`` is enabled.</doc>
<status status="PASS" starttime="20210818 10:53:42.063" endtime="20210818 10:53:42.127"/>
</kw>
<kw name="Input Text" library="Selenium2Library">
<arg>${fld_outletLoc}</arg>
<arg>${outlet_loc}</arg>
<doc>Types the given ``text`` into the text field identified by ``locator``.</doc>
<msg timestamp="20210818 10:53:42.127" level="INFO">Typing text 'East Jakarta' into text field 'id:outlet-add-location'.</msg>
<status status="PASS" starttime="20210818 10:53:42.127" endtime="20210818 10:53:42.218"/>
</kw>
<kw name="Click Element" library="Selenium2Library">
<arg>${fld_outletLoc}</arg>
<doc>Click the element identified by ``locator``.</doc>
<msg timestamp="20210818 10:53:42.219" level="INFO">Clicking element 'id:outlet-add-location'.</msg>
<status status="PASS" starttime="20210818 10:53:42.218" endtime="20210818 10:53:42.251"/>
</kw>
<kw name="Wait Until Element Is Enabled" library="Selenium2Library">
<arg>${match_loc}</arg>
<arg>${delay}</arg>
<doc>Waits until the element ``locator`` is enabled.</doc>
<status status="PASS" starttime="20210818 10:53:42.251" endtime="20210818 10:53:42.494"/>
</kw>
<kw name="Click Element" library="Selenium2Library">
<arg>${match_loc}</arg>
<doc>Click the element identified by ``locator``.</doc>
<msg timestamp="20210818 10:53:42.495" level="INFO">Clicking element 'xpath://*[@class='pac-matched'][contains(text(),'East Jakarta')]'.</msg>
<status status="PASS" starttime="20210818 10:53:42.494" endtime="20210818 10:53:42.562"/>
</kw>
<status status="PASS" starttime="20210818 10:53:42.062" endtime="20210818 10:53:42.562"/>
</kw>
<kw name="Input First Name Outlet" library="res_Outlet">
<kw name="Wait Until Element Is Enabled" library="Selenium2Library">
<arg>${fld_fnOutlet}</arg>
<arg>${delay}</arg>
<doc>Waits until the element ``locator`` is enabled.</doc>
<status status="PASS" starttime="20210818 10:53:42.563" endtime="20210818 10:53:42.582"/>
</kw>
<kw name="Input Text" library="Selenium2Library">
<arg>${fld_fnOutlet}</arg>
<arg>${fnOutlet}</arg>
<doc>Types the given ``text`` into the text field identified by ``locator``.</doc>
<msg timestamp="20210818 10:53:42.582" level="INFO">Typing text 'AutoFN_' into text field 'xpath://body[1]/section[1]/ul[1]/li[1]/div[1]/ul[1]/li[3]/input[1]'.</msg>
<status status="PASS" starttime="20210818 10:53:42.582" endtime="20210818 10:53:42.749"/>
</kw>
<status status="PASS" starttime="20210818 10:53:42.563" endtime="20210818 10:53:42.749"/>
</kw>
<kw name="Input Last Name Outlet" library="res_Outlet">
<kw name="Generate Random String" library="String">
<var>${RANDOM}</var>
<arg>5</arg>
<arg>[NUMBERS]</arg>
<doc>Generates a string with a desired ``length`` from the given ``chars``.</doc>
<msg timestamp="20210818 10:53:42.750" level="INFO">${RANDOM} = 72917</msg>
<status status="PASS" starttime="20210818 10:53:42.750" endtime="20210818 10:53:42.750"/>
</kw>
<kw name="Wait Until Element Is Enabled" library="Selenium2Library">
<arg>${fld_lnOutlet}</arg>
<arg>${delay}</arg>
<doc>Waits until the element ``locator`` is enabled.</doc>
<status status="PASS" starttime="20210818 10:53:42.750" endtime="20210818 10:53:42.781"/>
</kw>
<kw name="Input Text" library="Selenium2Library">
<arg>${fld_lnOutlet}</arg>
<arg>${RANDOM}</arg>
<doc>Types the given ``text`` into the text field identified by ``locator``.</doc>
<msg timestamp="20210818 10:53:42.782" level="INFO">Typing text '72917' into text field 'xpath://body[1]/section[1]/ul[1]/li[1]/div[1]/ul[1]/li[4]/input[1]'.</msg>
<status status="PASS" starttime="20210818 10:53:42.781" endtime="20210818 10:53:42.850"/>
</kw>
<status status="PASS" starttime="20210818 10:53:42.749" endtime="20210818 10:53:42.850"/>
</kw>
<kw name="Select Country Code Outlet" library="res_Outlet">
<kw name="Wait Until Element Is Enabled" library="Selenium2Library">
<arg>${drpdwn_countryCode}</arg>
<arg>${delay}</arg>
<doc>Waits until the element ``locator`` is enabled.</doc>
<status status="PASS" starttime="20210818 10:53:42.850" endtime="20210818 10:53:42.903"/>
</kw>
<kw name="Click Element" library="Selenium2Library">
<arg>${drpdwn_countryCode}</arg>
<doc>Click the element identified by ``locator``.</doc>
<msg timestamp="20210818 10:53:42.903" level="INFO">Clicking element 'xpath://body[1]/section[1]/ul[1]/li[1]/div[1]/ul[1]/li[5]/span[1]/span[1]/span[1]/span[1]'.</msg>
<status status="PASS" starttime="20210818 10:53:42.903" endtime="20210818 10:53:43.740"/>
</kw>
<kw name="Wait Until Element Is Enabled" library="Selenium2Library">
<arg>${fld_searchCountryCd}</arg>
<arg>${delay}</arg>
<doc>Waits until the element ``locator`` is enabled.</doc>
<status status="PASS" starttime="20210818 10:53:43.740" endtime="20210818 10:53:43.866"/>
</kw>
<kw name="Input Text" library="Selenium2Library">
<arg>${fld_searchCountryCd}</arg>
<arg>${countryCode}</arg>
<doc>Types the given ``text`` into the text field identified by ``locator``.</doc>
<msg timestamp="20210818 10:53:43.867" level="INFO">Typing text 'Indonesia (+62)' into text field 'xpath://body[1]/span[1]/span[1]/span[1]/input[1]'.</msg>
<status status="PASS" starttime="20210818 10:53:43.866" endtime="20210818 10:53:44.177"/>
</kw>
<kw name="Wait Until Element Is Enabled" library="Selenium2Library">
<arg>${slct_countryCd}</arg>
<arg>${delay}</arg>
<doc>Waits until the element ``locator`` is enabled.</doc>
<status status="PASS" starttime="20210818 10:53:44.178" endtime="20210818 10:53:44.217"/>
</kw>
<kw name="Click Element" library="Selenium2Library">
<arg>${slct_countryCd}</arg>
<doc>Click the element identified by ``locator``.</doc>
<msg timestamp="20210818 10:53:44.218" level="INFO">Clicking element 'xpath://*[@class='select2-results']//ul[1]//*[contains(text(),'Indonesia (+62')][1]'.</msg>
<status status="PASS" starttime="20210818 10:53:44.218" endtime="20210818 10:53:44.432"/>
</kw>
<status status="PASS" starttime="20210818 10:53:42.850" endtime="20210818 10:53:44.432"/>
</kw>
<kw name="Input Mobile Number Outlet" library="res_Outlet">
<kw name="Generate Random String" library="String">
<var>${RANDOM}</var>
<arg>8</arg>
<arg>[NUMBERS]</arg>
<doc>Generates a string with a desired ``length`` from the given ``chars``.</doc>
<msg timestamp="20210818 10:53:44.433" level="INFO">${RANDOM} = 57651008</msg>
<status status="PASS" starttime="20210818 10:53:44.433" endtime="20210818 10:53:44.433"/>
</kw>
<kw name="Wait Until Element Is Enabled" library="Selenium2Library">
<arg>${fld_outletPhone}</arg>
<arg>${delay}</arg>
<doc>Waits until the element ``locator`` is enabled.</doc>
<status status="PASS" starttime="20210818 10:53:44.433" endtime="20210818 10:53:44.451"/>
</kw>
<kw name="Input Text" library="Selenium2Library">
<arg>${fld_outletPhone}</arg>
<arg>${mobileNoOutlet}${RANDOM}</arg>
<doc>Types the given ``text`` into the text field identified by ``locator``.</doc>
<msg timestamp="20210818 10:53:44.452" level="INFO">Typing text '85457651008' into text field 'xpath://body[1]/section[1]/ul[1]/li[1]/div[1]/ul[1]/li[6]/input[1]'.</msg>
<status status="PASS" starttime="20210818 10:53:44.451" endtime="20210818 10:53:44.530"/>
</kw>
<status status="PASS" starttime="20210818 10:53:44.432" endtime="20210818 10:53:44.530"/>
</kw>
<kw name="Input Email Outlet" library="res_Outlet">
<kw name="Generate Random String" library="String">
<var>${RANDOM}</var>
<arg>8</arg>
<doc>Generates a string with a desired ``length`` from the given ``chars``.</doc>
<msg timestamp="20210818 10:53:44.531" level="INFO">${RANDOM} = h86Wk9EM</msg>
<status status="PASS" starttime="20210818 10:53:44.531" endtime="20210818 10:53:44.531"/>
</kw>
<kw name="Wait Until Element Is Enabled" library="Selenium2Library">
<arg>${fld_outletEmail}</arg>
<arg>${delay}</arg>
<doc>Waits until the element ``locator`` is enabled.</doc>
<status status="PASS" starttime="20210818 10:53:44.531" endtime="20210818 10:53:44.553"/>
</kw>
<kw name="Input Text" library="Selenium2Library">
<arg>${fld_outletEmail}</arg>
<arg>${RANDOM}${emailOutlet}</arg>
<doc>Types the given ``text`` into the text field identified by ``locator``.</doc>
<msg timestamp="20210818 10:53:44.554" level="INFO">Typing text 'h86Wk9EM_auto@yopmail.com' into text field 'xpath://body[1]/section[1]/ul[1]/li[1]/div[1]/ul[1]/li[7]/input[1]'.</msg>
<status status="PASS" starttime="20210818 10:53:44.554" endtime="20210818 10:53:44.617"/>
</kw>
<status status="PASS" starttime="20210818 10:53:44.530" endtime="20210818 10:53:44.618"/>
</kw>
<kw name="Click Save Add Outlet" library="res_Outlet">
<kw name="Wait Until Element Is Enabled" library="Selenium2Library">
<arg>${btn_saveAddOutlet}</arg>
<arg>${delay}</arg>
<doc>Waits until the element ``locator`` is enabled.</doc>
<status status="PASS" starttime="20210818 10:53:44.618" endtime="20210818 10:53:44.639"/>
</kw>
<kw name="Click Element" library="Selenium2Library">
<arg>${btn_saveAddOutlet}</arg>
<doc>Click the element identified by ``locator``.</doc>
<msg timestamp="20210818 10:53:44.639" level="INFO">Clicking element 'xpath://body[1]/section[1]/ul[1]/li[1]/div[1]/ul[2]/li[1]/a[2]'.</msg>
<status status="PASS" starttime="20210818 10:53:44.639" endtime="20210818 10:53:44.709"/>
</kw>
<kw name="Waiting to Load" library="res_Signup">
<kw name="Sleep" library="BuiltIn">
<arg>5</arg>
<doc>Pauses the test executed for the given time.</doc>
<msg timestamp="20210818 10:53:49.711" level="INFO">Slept 5 seconds</msg>
<status status="PASS" starttime="20210818 10:53:44.710" endtime="20210818 10:53:49.711"/>
</kw>
<status status="PASS" starttime="20210818 10:53:44.709" endtime="20210818 10:53:49.712"/>
</kw>
<status status="PASS" starttime="20210818 10:53:44.618" endtime="20210818 10:53:49.712"/>
</kw>
<kw name="Verify Success Message is displayed after Outlet Added" library="res_Outlet">
<kw name="Wait Until Element Is Enabled" library="Selenium2Library">
<arg>${btn_closeSucMsg}</arg>
<arg>${delay}</arg>
<doc>Waits until the element ``locator`` is enabled.</doc>
<status status="PASS" starttime="20210818 10:53:49.714" endtime="20210818 10:53:49.736"/>
</kw>
<kw name="Page Should Contain" library="Selenium2Library">
<arg>${sucMsg_added}</arg>
<doc>Verifies that current page contains ``text``.</doc>
<msg timestamp="20210818 10:53:49.752" level="INFO">Current page contains text 'Outlet is successfully added'.</msg>
<status status="PASS" starttime="20210818 10:53:49.737" endtime="20210818 10:53:49.752"/>
</kw>
<kw name="Click Element" library="Selenium2Library">
<arg>${btn_closeSucMsg}</arg>
<doc>Click the element identified by ``locator``.</doc>
<msg timestamp="20210818 10:53:49.752" level="INFO">Clicking element 'xpath://body[1]/div[4]/div[3]/ul[1]/li[1]/button[1]'.</msg>
<status status="PASS" starttime="20210818 10:53:49.752" endtime="20210818 10:53:49.779"/>
</kw>
<kw name="Sleep" library="BuiltIn">
<arg>2</arg>
<doc>Pauses the test executed for the given time.</doc>
<msg timestamp="20210818 10:53:51.781" level="INFO">Slept 2 seconds</msg>
<status status="PASS" starttime="20210818 10:53:49.779" endtime="20210818 10:53:51.783"/>
</kw>
<kw name="Page Should Contain Element" library="Selenium2Library">
<arg>${btn_brandPhoto}</arg>
<doc>Verifies that element ``locator`` is found on the current page.</doc>
<msg timestamp="20210818 10:53:51.805" level="INFO">Current page contains element 'xpath://body[1]/ul[1]/li[2]/section[2]/ul[1]/li[1]/div[1]/div[1]/input[1]'.</msg>
<status status="PASS" starttime="20210818 10:53:51.785" endtime="20210818 10:53:51.805"/>
</kw>
<status status="PASS" starttime="20210818 10:53:49.713" endtime="20210818 10:53:51.806"/>
</kw>
<status status="PASS" starttime="20210818 10:53:41.897" endtime="20210818 10:53:51.806"/>
</kw>
<kw name="Verify Edit Outlet is Successfully">
<kw name="Click Edit Outlet icon" library="res_Outlet">
<kw name="Wait Until Element Is Enabled" library="Selenium2Library">
<arg>${icon_editOutlet}</arg>
<arg>${delay}</arg>
<doc>Waits until the element ``locator`` is enabled.</doc>
<status status="PASS" starttime="20210818 10:53:51.808" endtime="20210818 10:53:51.839"/>
</kw>
<kw name="Click Element" library="Selenium2Library">
<arg>${icon_editOutlet}</arg>
<doc>Click the element identified by ``locator``.</doc>
<msg timestamp="20210818 10:53:51.840" level="INFO">Clicking element 'xpath://body[1]/ul[1]/li[2]/section[3]/div[2]/table[1]/tbody[1]/tr[1]/td[5]/a[1]/img[1]'.</msg>
<status status="PASS" starttime="20210818 10:53:51.839" endtime="20210818 10:53:51.890"/>
</kw>
<status status="PASS" starttime="20210818 10:53:51.808" endtime="20210818 10:53:51.891"/>
</kw>
<kw name="Edit Location" library="res_Outlet">
<kw name="Wait Until Element Is Enabled" library="Selenium2Library">
<arg>${fld_editOutletLoc}</arg>
<arg>${delay}</arg>
<doc>Waits until the element ``locator`` is enabled.</doc>
<status status="PASS" starttime="20210818 10:53:51.891" endtime="20210818 10:53:53.493"/>
</kw>
<kw name="Input Text" library="Selenium2Library">
<arg>${fld_editOutletLoc}</arg>
<arg>${edited_loc}</arg>
<doc>Types the given ``text`` into the text field identified by ``locator``.</doc>
<msg timestamp="20210818 10:53:53.494" level="INFO">Typing text 'Malang' into text field 'xpath://body[1]/section[2]/ul[1]/li[1]/div[1]/ul[1]/li[1]/input[1]'.</msg>
<status status="PASS" starttime="20210818 10:53:53.494" endtime="20210818 10:53:53.609"/>
</kw>
<kw name="Click Element" library="Selenium2Library">
<arg>${fld_editOutletLoc}</arg>
<doc>Click the element identified by ``locator``.</doc>
<msg timestamp="20210818 10:53:53.609" level="INFO">Clicking element 'xpath://body[1]/section[2]/ul[1]/li[1]/div[1]/ul[1]/li[1]/input[1]'.</msg>
<status status="PASS" starttime="20210818 10:53:53.609" endtime="20210818 10:53:53.641"/>
</kw>
<kw name="Wait Until Element Is Enabled" library="Selenium2Library">
<arg>${match_editedLoc}</arg>
<arg>${delay}</arg>
<doc>Waits until the element ``locator`` is enabled.</doc>
<status status="PASS" starttime="20210818 10:53:53.641" endtime="20210818 10:53:53.874"/>
</kw>
<kw name="Click Element" library="Selenium2Library">
<arg>${match_editedLoc}</arg>
<doc>Click the element identified by ``locator``.</doc>
<msg timestamp="20210818 10:53:53.875" level="INFO">Clicking element 'xpath://*[@class='pac-matched'][contains(text(),'Malang')]'.</msg>
<status status="PASS" starttime="20210818 10:53:53.874" endtime="20210818 10:53:53.924"/>
</kw>
<status status="PASS" starttime="20210818 10:53:51.891" endtime="20210818 10:53:53.924"/>
</kw>
<kw name="Edit First Name Outlet" library="res_Outlet">
<kw name="Wait Until Element Is Enabled" library="Selenium2Library">
<arg>${fld_editedFn}</arg>
<arg>${delay}</arg>
<doc>Waits until the element ``locator`` is enabled.</doc>
<status status="PASS" starttime="20210818 10:53:53.925" endtime="20210818 10:53:53.943"/>
</kw>
<kw name="Input Text" library="Selenium2Library">
<arg>${fld_editedFn}</arg>
<arg>${edited_fn}</arg>
<doc>Types the given ``text`` into the text field identified by ``locator``.</doc>
<msg timestamp="20210818 10:53:53.943" level="INFO">Typing text 'Edited_' into text field 'xpath://body[1]/section[2]/ul[1]/li[1]/div[1]/ul[1]/li[3]/input[1]'.</msg>
<status status="PASS" starttime="20210818 10:53:53.943" endtime="20210818 10:53:54.045"/>
</kw>
<status status="PASS" starttime="20210818 10:53:53.924" endtime="20210818 10:53:54.045"/>
</kw>
<kw name="Edit Last Name Outlet" library="res_Outlet">
<kw name="Generate Random String" library="String">
<var>${RANDOM}</var>
<arg>5</arg>
<arg>[NUMBERS]</arg>
<doc>Generates a string with a desired ``length`` from the given ``chars``.</doc>
<msg timestamp="20210818 10:53:54.046" level="INFO">${RANDOM} = 97178</msg>
<status status="PASS" starttime="20210818 10:53:54.046" endtime="20210818 10:53:54.046"/>
</kw>
<kw name="Wait Until Element Is Enabled" library="Selenium2Library">
<arg>${fld_editedLn}</arg>
<arg>${delay}</arg>
<doc>Waits until the element ``locator`` is enabled.</doc>
<status status="PASS" starttime="20210818 10:53:54.046" endtime="20210818 10:53:54.065"/>
</kw>
<kw name="Input Text" library="Selenium2Library">
<arg>${fld_editedLn}</arg>
<arg>${RANDOM}</arg>
<doc>Types the given ``text`` into the text field identified by ``locator``.</doc>
<msg timestamp="20210818 10:53:54.066" level="INFO">Typing text '97178' into text field 'xpath://body[1]/section[2]/ul[1]/li[1]/div[1]/ul[1]/li[4]/input[1]'.</msg>
<status status="PASS" starttime="20210818 10:53:54.065" endtime="20210818 10:53:54.156"/>
</kw>
<status status="PASS" starttime="20210818 10:53:54.045" endtime="20210818 10:53:54.157"/>
</kw>
<kw name="Edit Country Code Outlet" library="res_Outlet">
<kw name="Wait Until Element Is Enabled" library="Selenium2Library">
<arg>${drpdwn_EditedCntryCd}</arg>
<arg>${delay}</arg>
<doc>Waits until the element ``locator`` is enabled.</doc>
<status status="PASS" starttime="20210818 10:53:54.157" endtime="20210818 10:53:54.177"/>
</kw>
<kw name="Click Element" library="Selenium2Library">
<arg>${drpdwn_EditedCntryCd}</arg>
<doc>Click the element identified by ``locator``.</doc>
<msg timestamp="20210818 10:53:54.177" level="INFO">Clicking element 'xpath://body[1]/section[2]/ul[1]/li[1]/div[1]/ul[1]/li[5]/span[1]/span[1]/span[1]/span[1]'.</msg>
<status status="PASS" starttime="20210818 10:53:54.177" endtime="20210818 10:53:54.506"/>
</kw>
<kw name="Wait Until Element Is Enabled" library="Selenium2Library">
<arg>${fld_EditedSrchCntryCd}</arg>
<arg>${delay}</arg>
<doc>Waits until the element ``locator`` is enabled.</doc>
<status status="PASS" starttime="20210818 10:53:54.506" endtime="20210818 10:53:54.536"/>
</kw>
<kw name="Input Text" library="Selenium2Library">
<arg>${fld_EditedSrchCntryCd}</arg>
<arg>${edited_countryCode}</arg>
<doc>Types the given ``text`` into the text field identified by ``locator``.</doc>
<msg timestamp="20210818 10:53:54.536" level="INFO">Typing text 'Singapore (+65)' into text field 'xpath://body[1]/span[1]/span[1]/span[1]/input[1]'.</msg>
<status status="PASS" starttime="20210818 10:53:54.536" endtime="20210818 10:53:55.054"/>
</kw>
<kw name="Wait Until Element Is Enabled" library="Selenium2Library">
<arg>${slct_editedcountryCd}</arg>
<arg>${delay}</arg>
<doc>Waits until the element ``locator`` is enabled.</doc>
<status status="PASS" starttime="20210818 10:53:55.055" endtime="20210818 10:53:55.111"/>
</kw>
<kw name="Click Element" library="Selenium2Library">
<arg>${slct_editedcountryCd}</arg>
<doc>Click the element identified by ``locator``.</doc>
<msg timestamp="20210818 10:53:55.111" level="INFO">Clicking element 'xpath://*[@class='select2-results']//ul[1]//*[contains(text(),'Singapore (+65)')]'.</msg>
<status status="PASS" starttime="20210818 10:53:55.111" endtime="20210818 10:53:55.248"/>
</kw>
<status status="PASS" starttime="20210818 10:53:54.157" endtime="20210818 10:53:55.249"/>
</kw>
<kw name="Edit Mobile Number Outlet" library="res_Outlet">
<kw name="Generate Random String" library="String">
<var>${RANDOM}</var>
<arg>8</arg>
<arg>[NUMBERS]</arg>
<doc>Generates a string with a desired ``length`` from the given ``chars``.</doc>
<msg timestamp="20210818 10:53:55.250" level="INFO">${RANDOM} = 83169827</msg>
<status status="PASS" starttime="20210818 10:53:55.250" endtime="20210818 10:53:55.250"/>
</kw>
<kw name="Wait Until Element Is Enabled" library="Selenium2Library">
<arg>${fld_EditedPhone}</arg>
<arg>${delay}</arg>
<doc>Waits until the element ``locator`` is enabled.</doc>
<status status="PASS" starttime="20210818 10:53:55.250" endtime="20210818 10:53:55.273"/>
</kw>
<kw name="Input Text" library="Selenium2Library">
<arg>${fld_EditedPhone}</arg>
<arg>${edited_mobNo}${RANDOM}</arg>
<doc>Types the given ``text`` into the text field identified by ``locator``.</doc>
<msg timestamp="20210818 10:53:55.274" level="INFO">Typing text '85583169827' into text field 'xpath://body[1]/section[2]/ul[1]/li[1]/div[1]/ul[1]/li[6]/input[1]'.</msg>
<status status="PASS" starttime="20210818 10:53:55.273" endtime="20210818 10:53:55.388"/>
</kw>
<status status="PASS" starttime="20210818 10:53:55.249" endtime="20210818 10:53:55.388"/>
</kw>
<kw name="Edit Email Outlet" library="res_Outlet">
<kw name="Generate Random String" library="String">
<var>${RANDOM}</var>
<arg>8</arg>
<doc>Generates a string with a desired ``length`` from the given ``chars``.</doc>
<msg timestamp="20210818 10:53:55.389" level="INFO">${RANDOM} = DFdgH9QP</msg>
<status status="PASS" starttime="20210818 10:53:55.389" endtime="20210818 10:53:55.389"/>
</kw>
<kw name="Wait Until Element Is Enabled" library="Selenium2Library">
<arg>${fld_EditedEmail}</arg>
<arg>${delay}</arg>
<doc>Waits until the element ``locator`` is enabled.</doc>
<status status="PASS" starttime="20210818 10:53:55.389" endtime="20210818 10:53:55.408"/>
</kw>
<kw name="Input Text" library="Selenium2Library">
<arg>${fld_EditedEmail}</arg>
<arg>${RANDOM}${edited_email}</arg>
<doc>Types the given ``text`` into the text field identified by ``locator``.</doc>
<msg timestamp="20210818 10:53:55.409" level="INFO">Typing text 'DFdgH9QP_edited@yopmail.com' into text field 'xpath://body/section[2]/ul[1]/li[1]/div[1]/ul[1]/li[7]/input[1]'.</msg>
<status status="PASS" starttime="20210818 10:53:55.409" endtime="20210818 10:53:55.504"/>
</kw>
<status status="PASS" starttime="20210818 10:53:55.388" endtime="20210818 10:53:55.504"/>
</kw>
<kw name="Click Save Edit Outlet" library="res_Outlet">
<kw name="Wait Until Element Is Enabled" library="Selenium2Library">
<arg>${btn_saveEdit}</arg>
<arg>${delay}</arg>
<doc>Waits until the element ``locator`` is enabled.</doc>
<status status="PASS" starttime="20210818 10:53:55.505" endtime="20210818 10:53:55.527"/>
</kw>
<kw name="Click Element" library="Selenium2Library">
<arg>${btn_saveEdit}</arg>
<doc>Click the element identified by ``locator``.</doc>
<msg timestamp="20210818 10:53:55.527" level="INFO">Clicking element 'xpath://body[1]/section[2]/ul[1]/li[1]/div[1]/ul[2]/li[1]/a[2]'.</msg>
<status status="PASS" starttime="20210818 10:53:55.527" endtime="20210818 10:53:55.562"/>
</kw>
<kw name="Waiting to Load" library="res_Signup">
<kw name="Sleep" library="BuiltIn">
<arg>5</arg>
<doc>Pauses the test executed for the given time.</doc>
<msg timestamp="20210818 10:54:00.564" level="INFO">Slept 5 seconds</msg>
<status status="PASS" starttime="20210818 10:53:55.563" endtime="20210818 10:54:00.564"/>
</kw>
<status status="PASS" starttime="20210818 10:53:55.562" endtime="20210818 10:54:00.565"/>
</kw>
<status status="PASS" starttime="20210818 10:53:55.505" endtime="20210818 10:54:00.566"/>
</kw>
<kw name="Verify Success Message is displayed after Outlet Edited" library="res_Outlet">
<kw name="Wait Until Element Is Enabled" library="Selenium2Library">
<arg>${btn_closeSucMsg}</arg>
<arg>${delay}</arg>
<doc>Waits until the element ``locator`` is enabled.</doc>
<status status="PASS" starttime="20210818 10:54:00.567" endtime="20210818 10:54:00.589"/>
</kw>
<kw name="Page Should Contain" library="Selenium2Library">
<arg>${SucMsg_Edit}</arg>
<doc>Verifies that current page contains ``text``.</doc>
<msg timestamp="20210818 10:54:00.600" level="INFO">Current page contains text 'Data is successfully saved'.</msg>
<status status="PASS" starttime="20210818 10:54:00.589" endtime="20210818 10:54:00.600"/>
</kw>
<kw name="Click Element" library="Selenium2Library">
<arg>${btn_closeSucMsg}</arg>
<doc>Click the element identified by ``locator``.</doc>
<msg timestamp="20210818 10:54:00.601" level="INFO">Clicking element 'xpath://body[1]/div[4]/div[3]/ul[1]/li[1]/button[1]'.</msg>
<status status="PASS" starttime="20210818 10:54:00.600" endtime="20210818 10:54:00.625"/>
</kw>
<kw name="Sleep" library="BuiltIn">
<arg>2</arg>
<doc>Pauses the test executed for the given time.</doc>
<msg timestamp="20210818 10:54:02.628" level="INFO">Slept 2 seconds</msg>
<status status="PASS" starttime="20210818 10:54:00.625" endtime="20210818 10:54:02.630"/>
</kw>
<kw name="Page Should Contain Element" library="Selenium2Library">
<arg>${btn_brandPhoto}</arg>
<doc>Verifies that element ``locator`` is found on the current page.</doc>
<msg timestamp="20210818 10:54:02.649" level="INFO">Current page contains element 'xpath://body[1]/ul[1]/li[2]/section[2]/ul[1]/li[1]/div[1]/div[1]/input[1]'.</msg>
<status status="PASS" starttime="20210818 10:54:02.631" endtime="20210818 10:54:02.649"/>
</kw>
<status status="PASS" starttime="20210818 10:54:00.566" endtime="20210818 10:54:02.650"/>
</kw>
<status status="PASS" starttime="20210818 10:53:51.807" endtime="20210818 10:54:02.650"/>
</kw>
<kw name="Verify Upload Brand Photo is Successfully">
<kw name="Upload Photo Brand" library="res_Outlet">
<kw name="Wait Until Element Is Enabled" library="Selenium2Library">
<arg>${btn_brandPhoto}</arg>
<arg>${delay}</arg>
<doc>Waits until the element ``locator`` is enabled.</doc>
<status status="PASS" starttime="20210818 10:54:02.651" endtime="20210818 10:54:02.679"/>
</kw>
<kw name="Choose File" library="Selenium2Library">
<arg>${btn_brandPhoto}</arg>
<arg>${image}</arg>
<doc>Inputs the ``file_path`` into the file input field ``locator``.</doc>
<msg timestamp="20210818 10:54:02.680" level="INFO">Sending /Users/machruk/Documents/Gift.png to browser.</msg>
<status status="PASS" starttime="20210818 10:54:02.679" endtime="20210818 10:54:02.759"/>
</kw>
<kw name="Sleep" library="BuiltIn">
<arg>2</arg>
<doc>Pauses the test executed for the given time.</doc>
<msg timestamp="20210818 10:54:04.761" level="INFO">Slept 2 seconds</msg>
<status status="PASS" starttime="20210818 10:54:02.759" endtime="20210818 10:54:04.761"/>
</kw>
<kw name="Wait Until Element Is Enabled" library="Selenium2Library">
<arg>${btn_cropPhoto}</arg>
<arg>${delay}</arg>
<doc>Waits until the element ``locator`` is enabled.</doc>
<status status="PASS" starttime="20210818 10:54:04.763" endtime="20210818 10:54:04.807"/>
</kw>
<kw name="Click Element" library="Selenium2Library">
<arg>${btn_cropPhoto}</arg>
<doc>Click the element identified by ``locator``.</doc>
<msg timestamp="20210818 10:54:04.808" level="INFO">Clicking element 'xpath://body[1]/div[1]/div[2]/ul[1]/li[2]/button[1]'.</msg>
<status status="PASS" starttime="20210818 10:54:04.808" endtime="20210818 10:54:05.139"/>
</kw>
<kw name="Waiting to Load" library="res_Signup">
<kw name="Sleep" library="BuiltIn">
<arg>5</arg>
<doc>Pauses the test executed for the given time.</doc>
<msg timestamp="20210818 10:54:10.141" level="INFO">Slept 5 seconds</msg>
<status status="PASS" starttime="20210818 10:54:05.140" endtime="20210818 10:54:10.141"/>
</kw>
<status status="PASS" starttime="20210818 10:54:05.140" endtime="20210818 10:54:10.142"/>
</kw>
<status status="PASS" starttime="20210818 10:54:02.651" endtime="20210818 10:54:10.142"/>
</kw>
<kw name="Verify Success Message is displayed after Photo Uploaded" library="res_Outlet">
<kw name="Wait Until Element Is Enabled" library="Selenium2Library">
<arg>${btn_closeSucMsg}</arg>
<arg>${delay}</arg>
<doc>Waits until the element ``locator`` is enabled.</doc>
<status status="PASS" starttime="20210818 10:54:10.144" endtime="20210818 10:54:10.172"/>
</kw>
<kw name="Page Should Contain" library="Selenium2Library">
<arg>${SucMsg_UploadLogo}</arg>
<doc>Verifies that current page contains ``text``.</doc>
<msg timestamp="20210818 10:54:10.190" level="INFO">Current page contains text 'Logo is successfully uploaded'.</msg>
<status status="PASS" starttime="20210818 10:54:10.173" endtime="20210818 10:54:10.190"/>
</kw>
<kw name="Click Element" library="Selenium2Library">
<arg>${btn_closeSucMsg}</arg>
<doc>Click the element identified by ``locator``.</doc>
<msg timestamp="20210818 10:54:10.190" level="INFO">Clicking element 'xpath://body[1]/div[4]/div[3]/ul[1]/li[1]/button[1]'.</msg>
<status status="PASS" starttime="20210818 10:54:10.190" endtime="20210818 10:54:10.216"/>
</kw>
<kw name="Sleep" library="BuiltIn">
<arg>2</arg>
<doc>Pauses the test executed for the given time.</doc>
<msg timestamp="20210818 10:54:12.216" level="INFO">Slept 2 seconds</msg>
<status status="PASS" starttime="20210818 10:54:10.216" endtime="20210818 10:54:12.217"/>
</kw>
<kw name="Page Should Contain Element" library="Selenium2Library">
<arg>${btn_brandPhoto}</arg>
<doc>Verifies that element ``locator`` is found on the current page.</doc>
<msg timestamp="20210818 10:54:12.225" level="INFO">Current page contains element 'xpath://body[1]/ul[1]/li[2]/section[2]/ul[1]/li[1]/div[1]/div[1]/input[1]'.</msg>
<status status="PASS" starttime="20210818 10:54:12.217" endtime="20210818 10:54:12.225"/>
</kw>
<status status="PASS" starttime="20210818 10:54:10.143" endtime="20210818 10:54:12.225"/>
</kw>
<status status="PASS" starttime="20210818 10:54:02.650" endtime="20210818 10:54:12.225"/>
</kw>
<kw name="Verify Upload Brand Cover is Successfully">
<kw name="Upload Cover Brand" library="res_Outlet">
<kw name="Wait Until Element Is Enabled" library="Selenium2Library">
<arg>${btn_brandCover}</arg>
<arg>${delay}</arg>
<doc>Waits until the element ``locator`` is enabled.</doc>
<status status="PASS" starttime="20210818 10:54:12.226" endtime="20210818 10:54:12.255"/>
</kw>
<kw name="Choose File" library="Selenium2Library">
<arg>${btn_brandCover}</arg>
<arg>${image}</arg>
<doc>Inputs the ``file_path`` into the file input field ``locator``.</doc>
<msg timestamp="20210818 10:54:12.256" level="INFO">Sending /Users/machruk/Documents/Gift.png to browser.</msg>
<status status="PASS" starttime="20210818 10:54:12.256" endtime="20210818 10:54:12.287"/>
</kw>
<kw name="Sleep" library="BuiltIn">
<arg>2</arg>
<doc>Pauses the test executed for the given time.</doc>
<msg timestamp="20210818 10:54:14.290" level="INFO">Slept 2 seconds</msg>
<status status="PASS" starttime="20210818 10:54:12.287" endtime="20210818 10:54:14.291"/>
</kw>
<kw name="Wait Until Element Is Enabled" library="Selenium2Library">
<arg>${btn_cropCover}</arg>
<arg>${delay}</arg>
<doc>Waits until the element ``locator`` is enabled.</doc>
<status status="PASS" starttime="20210818 10:54:14.292" endtime="20210818 10:54:14.339"/>
</kw>
<kw name="Click Element" library="Selenium2Library">
<arg>${btn_cropCover}</arg>
<doc>Click the element identified by ``locator``.</doc>
<msg timestamp="20210818 10:54:14.340" level="INFO">Clicking element 'xpath://body[1]/div[2]/div[2]/ul[1]/li[2]/button[1]'.</msg>
<status status="PASS" starttime="20210818 10:54:14.339" endtime="20210818 10:54:14.384"/>
</kw>
<kw name="Waiting to Load" library="res_Signup">
<kw name="Sleep" library="BuiltIn">
<arg>5</arg>
<doc>Pauses the test executed for the given time.</doc>
<msg timestamp="20210818 10:54:19.387" level="INFO">Slept 5 seconds</msg>
<status status="PASS" starttime="20210818 10:54:14.385" endtime="20210818 10:54:19.388"/>
</kw>
<status status="PASS" starttime="20210818 10:54:14.384" endtime="20210818 10:54:19.390"/>
</kw>
<status status="PASS" starttime="20210818 10:54:12.226" endtime="20210818 10:54:19.391"/>
</kw>
<kw name="Verify Success Message is displayed after Cover Uploaded" library="res_Outlet">
<kw name="Wait Until Element Is Enabled" library="Selenium2Library">
<arg>${btn_closeSucMsg}</arg>
<arg>${delay}</arg>
<doc>Waits until the element ``locator`` is enabled.</doc>
<status status="PASS" starttime="20210818 10:54:19.394" endtime="20210818 10:54:19.424"/>
</kw>
<kw name="Page Should Contain" library="Selenium2Library">
<arg>${SucMsg_UploadCover}</arg>
<doc>Verifies that current page contains ``text``.</doc>
<msg timestamp="20210818 10:54:19.440" level="INFO">Current page contains text 'Feature image is successfully uploaded'.</msg>
<status status="PASS" starttime="20210818 10:54:19.424" endtime="20210818 10:54:19.441"/>
</kw>
<kw name="Click Element" library="Selenium2Library">
<arg>${btn_closeSucMsg}</arg>
<doc>Click the element identified by ``locator``.</doc>
<msg timestamp="20210818 10:54:19.441" level="INFO">Clicking element 'xpath://body[1]/div[4]/div[3]/ul[1]/li[1]/button[1]'.</msg>
<status status="PASS" starttime="20210818 10:54:19.441" endtime="20210818 10:54:19.470"/>
</kw>
<kw name="Sleep" library="BuiltIn">
<arg>2</arg>
<doc>Pauses the test executed for the given time.</doc>
<msg timestamp="20210818 10:54:21.471" level="INFO">Slept 2 seconds</msg>
<status status="PASS" starttime="20210818 10:54:19.470" endtime="20210818 10:54:21.472"/>
</kw>
<kw name="Page Should Contain Element" library="Selenium2Library">
<arg>${btn_brandPhoto}</arg>
<doc>Verifies that element ``locator`` is found on the current page.</doc>
<msg timestamp="20210818 10:54:21.489" level="INFO">Current page contains element 'xpath://body[1]/ul[1]/li[2]/section[2]/ul[1]/li[1]/div[1]/div[1]/input[1]'.</msg>
<status status="PASS" starttime="20210818 10:54:21.474" endtime="20210818 10:54:21.489"/>
</kw>
<status status="PASS" starttime="20210818 10:54:19.392" endtime="20210818 10:54:21.490"/>
</kw>
<status status="PASS" starttime="20210818 10:54:12.226" endtime="20210818 10:54:21.490"/>
</kw>
<kw name="Verify Edit Brand Details are Successfully">
<kw name="Click Edit Details" library="res_Outlet">
<kw name="Wait Until Element Is Enabled" library="Selenium2Library">
<arg>${btn_editBrand}</arg>
<arg>${delay}</arg>
<doc>Waits until the element ``locator`` is enabled.</doc>
<status status="PASS" starttime="20210818 10:54:21.492" endtime="20210818 10:54:21.522"/>
</kw>
<kw name="Click Element" library="Selenium2Library">
<arg>${btn_editBrand}</arg>
<doc>Click the element identified by ``locator``.</doc>
<msg timestamp="20210818 10:54:21.523" level="INFO">Clicking element 'class:edit-brand-detail'.</msg>
<status status="PASS" starttime="20210818 10:54:21.523" endtime="20210818 10:54:21.566"/>
</kw>
<status status="PASS" starttime="20210818 10:54:21.491" endtime="20210818 10:54:21.566"/>
</kw>
<kw name="Edit Brand Name" library="res_Outlet">
<kw name="Generate Random String" library="String">
<var>${RANDOM}</var>
<arg>5</arg>
<arg>[NUMBERS]</arg>
<doc>Generates a string with a desired ``length`` from the given ``chars``.</doc>
<msg timestamp="20210818 10:54:21.567" level="INFO">${RANDOM} = 69207</msg>
<status status="PASS" starttime="20210818 10:54:21.566" endtime="20210818 10:54:21.567"/>
</kw>
<kw name="Wait Until Element Is Enabled" library="Selenium2Library">
<arg>${fld_BrandName}</arg>
<arg>${delay}</arg>
<doc>Waits until the element ``locator`` is enabled.</doc>
<status status="PASS" starttime="20210818 10:54:21.567" endtime="20210818 10:54:21.608"/>
</kw>
<kw name="Input Text" library="Selenium2Library">
<arg>${fld_BrandName}</arg>
<arg>${editBrandName}${RANDOM}</arg>
<doc>Types the given ``text`` into the text field identified by ``locator``.</doc>
<msg timestamp="20210818 10:54:21.610" level="INFO">Typing text 'BrandEdited_69207' into text field 'class:outlet-brand'.</msg>
<status status="PASS" starttime="20210818 10:54:21.609" endtime="20210818 10:54:21.725"/>
</kw>
<status status="PASS" starttime="20210818 10:54:21.566" endtime="20210818 10:54:21.726"/>
</kw>
<kw name="Edit Businness Type" library="res_Outlet">
<kw name="Wait Until Element Is Enabled" library="Selenium2Library">
<arg>${fld_editBusType}</arg>
<arg>${delay}</arg>
<doc>Waits until the element ``locator`` is enabled.</doc>
<status status="PASS" starttime="20210818 10:54:21.726" endtime="20210818 10:54:21.744"/>
</kw>
<kw name="Click Element" library="Selenium2Library">
<arg>${fld_editBusType}</arg>
<doc>Click the element identified by ``locator``.</doc>
<msg timestamp="20210818 10:54:21.744" level="INFO">Clicking element 'xpath://body[1]/ul[1]/li[2]/section[2]/ul[1]/li[3]/div[1]/ul[1]/li[2]/span[1]/span[1]/span[1]/span[1]'.</msg>
<status status="PASS" starttime="20210818 10:54:21.744" endtime="20210818 10:54:21.844"/>
</kw>
<kw name="Wait Until Element Is Enabled" library="Selenium2Library">
<arg>${slct_BusType}</arg>
<arg>${delay}</arg>
<doc>Waits until the element ``locator`` is enabled.</doc>
<status status="PASS" starttime="20210818 10:54:21.844" endtime="20210818 10:54:21.864"/>
</kw>
<kw name="Click Element" library="Selenium2Library">
<arg>${slct_BusType}</arg>
<doc>Click the element identified by ``locator``.</doc>
<msg timestamp="20210818 10:54:21.864" level="INFO">Clicking element 'xpath://*[contains(text(),'Food Court')]'.</msg>
<status status="PASS" starttime="20210818 10:54:21.864" endtime="20210818 10:54:22.245"/>
</kw>
<status status="PASS" starttime="20210818 10:54:21.726" endtime="20210818 10:54:22.246"/>
</kw>
<kw name="Click Save Edit Brand" library="res_Outlet">
<kw name="Wait Until Element Is Enabled" library="Selenium2Library">
<arg>${btn_saveBrandEdit}</arg>
<arg>${delay}</arg>
<doc>Waits until the element ``locator`` is enabled.</doc>
<status status="PASS" starttime="20210818 10:54:22.246" endtime="20210818 10:54:22.262"/>
</kw>
<kw name="Click Element" library="Selenium2Library">
<arg>${btn_saveBrandEdit}</arg>
<doc>Click the element identified by ``locator``.</doc>
<msg timestamp="20210818 10:54:22.262" level="INFO">Clicking element 'class:save-brand-detail'.</msg>
<status status="PASS" starttime="20210818 10:54:22.262" endtime="20210818 10:54:22.292"/>
</kw>
<kw name="Waiting to Load" library="res_Signup">
<kw name="Sleep" library="BuiltIn">
<arg>5</arg>
<doc>Pauses the test executed for the given time.</doc>
<msg timestamp="20210818 10:54:27.296" level="INFO">Slept 5 seconds</msg>
<status status="PASS" starttime="20210818 10:54:22.292" endtime="20210818 10:54:27.297"/>
</kw>
<status status="PASS" starttime="20210818 10:54:22.292" endtime="20210818 10:54:27.298"/>
</kw>
<status status="PASS" starttime="20210818 10:54:22.246" endtime="20210818 10:54:27.299"/>
</kw>
<kw name="Verify Success Message is displayed after Brand edited" library="res_Outlet">
<kw name="Wait Until Element Is Enabled" library="Selenium2Library">
<arg>${btn_closeSucMsg}</arg>
<arg>${delay}</arg>
<doc>Waits until the element ``locator`` is enabled.</doc>
<status status="PASS" starttime="20210818 10:54:27.302" endtime="20210818 10:54:27.329"/>
</kw>
<kw name="Page Should Contain" library="Selenium2Library">
<arg>${SucMsg_Edit}</arg>
<doc>Verifies that current page contains ``text``.</doc>
<msg timestamp="20210818 10:54:27.343" level="INFO">Current page contains text 'Data is successfully saved'.</msg>
<status status="PASS" starttime="20210818 10:54:27.330" endtime="20210818 10:54:27.343"/>
</kw>
<kw name="Click Element" library="Selenium2Library">
<arg>${btn_closeSucMsg}</arg>
<doc>Click the element identified by ``locator``.</doc>
<msg timestamp="20210818 10:54:27.344" level="INFO">Clicking element 'xpath://body[1]/div[4]/div[3]/ul[1]/li[1]/button[1]'.</msg>
<status status="PASS" starttime="20210818 10:54:27.343" endtime="20210818 10:54:27.371"/>
</kw>
<kw name="Sleep" library="BuiltIn">
<arg>2</arg>
<doc>Pauses the test executed for the given time.</doc>
<msg timestamp="20210818 10:54:29.374" level="INFO">Slept 2 seconds</msg>
<status status="PASS" starttime="20210818 10:54:27.371" endtime="20210818 10:54:29.376"/>
</kw>
<kw name="Page Should Contain Element" library="Selenium2Library">
<arg>${btn_brandPhoto}</arg>
<doc>Verifies that element ``locator`` is found on the current page.</doc>
<msg timestamp="20210818 10:54:29.395" level="INFO">Current page contains element 'xpath://body[1]/ul[1]/li[2]/section[2]/ul[1]/li[1]/div[1]/div[1]/input[1]'.</msg>
<status status="PASS" starttime="20210818 10:54:29.379" endtime="20210818 10:54:29.395"/>
</kw>
<status status="PASS" starttime="20210818 10:54:27.300" endtime="20210818 10:54:29.395"/>
</kw>
<status status="PASS" starttime="20210818 10:54:21.491" endtime="20210818 10:54:29.396"/>
</kw>
<status status="PASS" starttime="20210818 10:53:26.235" endtime="20210818 10:54:29.396"/>
</test>
<kw name="Close Browser" library="Selenium2Library" type="TEARDOWN">
<doc>Closes the current browser.</doc>
<status status="PASS" starttime="20210818 10:54:29.399" endtime="20210818 10:54:29.477"/>
</kw>
<doc>Verify the features On Outlet Menu are working properly</doc>
<status status="PASS" starttime="20210818 10:52:46.196" endtime="20210818 10:54:29.477"/>
</suite>
<suite id="s1-s2" name="User" source="/Users/machruk/PycharmProjects/Spurr_Web/05.User/user.robot">
<kw name="Open GoSpurr.com" library="res_Signup" type="SETUP">
<kw name="Open Browser" library="Selenium2Library">
<arg>${url}</arg>
<arg>${browser}</arg>
<doc>Opens a new browser instance to the optional ``url``.</doc>
<msg timestamp="20210818 10:52:46.340" level="INFO">Opening browser 'chrome' to base url 'https://app-dev-v2.gospurr.com/'.</msg>
<status status="PASS" starttime="20210818 10:52:46.340" endtime="20210818 10:53:14.935"/>
</kw>
<kw name="Maximize Browser Window" library="Selenium2Library">
<doc>Maximizes current browser window.</doc>
<status status="PASS" starttime="20210818 10:53:14.942" endtime="20210818 10:53:15.086"/>
</kw>
<kw name="Wait Until Element Is Enabled" library="Selenium2Library">
<arg>${btn_Signup}</arg>
<arg>${delay}</arg>
<doc>Waits until the element ``locator`` is enabled.</doc>
<status status="PASS" starttime="20210818 10:53:15.086" endtime="20210818 10:53:15.172"/>
</kw>
<kw name="Valid Login with New Password" library="res_Signup">
<kw name="Input New Username" library="res_Signup">
<kw name="Wait Until Element Is Enabled" library="Selenium2Library">
<arg>${field_Usrname}</arg>
<arg>${delay}</arg>
<doc>Waits until the element ``locator`` is enabled.</doc>
<status status="PASS" starttime="20210818 10:53:15.173" endtime="20210818 10:53:15.197"/>
</kw>
<kw name="Input Text" library="Selenium2Library">
<arg>${field_Usrname}</arg>
<arg>${valid_Email}</arg>
<doc>Types the given ``text`` into the text field identified by ``locator``.</doc>
<msg timestamp="20210818 10:53:15.197" level="INFO">Typing text 'machruk@gospurr.com' into text field 'id:email'.</msg>
<status status="PASS" starttime="20210818 10:53:15.197" endtime="20210818 10:53:15.721"/>
</kw>
<status status="PASS" starttime="20210818 10:53:15.173" endtime="20210818 10:53:15.721"/>
</kw>
<kw name="New Password" library="res_Signup">
<kw name="Input Text" library="Selenium2Library">
<arg>${field_Pwd}</arg>
<arg>${newPwd}</arg>
<doc>Types the given ``text`` into the text field identified by ``locator``.</doc>
<msg timestamp="20210818 10:53:15.722" level="INFO">Typing text 'Qwerty' into text field 'id:password'.</msg>
<status status="PASS" starttime="20210818 10:53:15.722" endtime="20210818 10:53:15.863"/>
</kw>
<status status="PASS" starttime="20210818 10:53:15.721" endtime="20210818 10:53:15.863"/>
</kw>
<kw name="Click Login button" library="res_Signup">
<kw name="Click Element" library="Selenium2Library">
<arg>${btn_Signin}</arg>
<doc>Click the element identified by ``locator``.</doc>
<msg timestamp="20210818 10:53:15.864" level="INFO">Clicking element 'id:label-button'.</msg>
<status status="PASS" starttime="20210818 10:53:15.863" endtime="20210818 10:53:16.474"/>
</kw>
<status status="PASS" starttime="20210818 10:53:15.863" endtime="20210818 10:53:16.474"/>
</kw>
<kw name="Verify Login is successfully" library="res_Signup">
<kw name="Wait Until Element Is Enabled" library="Selenium2Library">
<arg>${menu_Dshbrd}</arg>
<arg>${delay}</arg>
<doc>Waits until the element ``locator`` is enabled.</doc>
<status status="PASS" starttime="20210818 10:53:16.474" endtime="20210818 10:53:19.245"/>
</kw>
<kw name="Page Should Contain Element" library="Selenium2Library">
<arg>${menu_Dshbrd}</arg>
<doc>Verifies that element ``locator`` is found on the current page.</doc>
<msg timestamp="20210818 10:53:19.250" level="INFO">Current page contains element 'xpath://a[contains(text(),'Dashboard')]'.</msg>
<status status="PASS" starttime="20210818 10:53:19.245" endtime="20210818 10:53:19.250"/>
</kw>
<status status="PASS" starttime="20210818 10:53:16.474" endtime="20210818 10:53:19.250"/>
</kw>
<status status="PASS" starttime="20210818 10:53:15.173" endtime="20210818 10:53:19.250"/>
</kw>
<kw name="Waiting to Load" library="res_Signup">
<kw name="Sleep" library="BuiltIn">
<arg>5</arg>
<doc>Pauses the test executed for the given time.</doc>
<msg timestamp="20210818 10:53:24.252" level="INFO">Slept 5 seconds</msg>
<status status="PASS" starttime="20210818 10:53:19.251" endtime="20210818 10:53:24.253"/>
</kw>
<status status="PASS" starttime="20210818 10:53:19.250" endtime="20210818 10:53:24.253"/>
</kw>
<status status="PASS" starttime="20210818 10:52:46.339" endtime="20210818 10:53:24.254"/>
</kw>
<test id="s1-s2-t1" name="Verify the features On User Menu are working properly">
<kw name="Go to User Menu" library="res_User">
<kw name="Set Selenium Implicit Wait" library="Selenium2Library">
<arg>${delay}</arg>
<doc>Sets the implicit wait value used by Selenium.</doc>
<status status="PASS" starttime="20210818 10:53:24.257" endtime="20210818 10:53:24.260"/>
</kw>
<kw name="Wait Until Element Is Enabled" library="Selenium2Library">
<arg>${menu_user}</arg>
<arg>${delay}</arg>
<doc>Waits until the element ``locator`` is enabled.</doc>
<status status="PASS" starttime="20210818 10:53:24.260" endtime="20210818 10:53:24.300"/>
</kw>
<kw name="Click Element" library="Selenium2Library">
<arg>${menu_user}</arg>
<doc>Click the element identified by ``locator``.</doc>
<msg timestamp="20210818 10:53:24.300" level="INFO">Clicking element 'xpath://body/ul[1]/li[1]/ul[1]/li[6]/a[1]'.</msg>
<status status="PASS" starttime="20210818 10:53:24.300" endtime="20210818 10:53:24.742"/>
</kw>
<kw name="Wait Until Page Contains Element" library="Selenium2Library">
<arg>${btn_uploadImage}</arg>
<arg>${delay}</arg>
<doc>Waits until the element ``locator`` appears on the current page.</doc>
<status status="PASS" starttime="20210818 10:53:24.742" endtime="20210818 10:53:24.751"/>
</kw>
<status status="PASS" starttime="20210818 10:53:24.256" endtime="20210818 10:53:24.751"/>
</kw>
<kw name="Verify Add User feature is working properly">
<kw name="Click Add User" library="res_User">
<kw name="Wait Until Element Is Enabled" library="Selenium2Library">
<arg>${btn_addUser}</arg>
<arg>${delay}</arg>
<doc>Waits until the element ``locator`` is enabled.</doc>
<status status="PASS" starttime="20210818 10:53:24.751" endtime="20210818 10:53:24.767"/>
</kw>
<kw name="Click Element" library="Selenium2Library">
<arg>${btn_addUser}</arg>
<doc>Click the element identified by ``locator``.</doc>
<msg timestamp="20210818 10:53:24.767" level="INFO">Clicking element 'id:user-add-button'.</msg>
<status status="PASS" starttime="20210818 10:53:24.767" endtime="20210818 10:53:28.200"/>
</kw>
<status status="PASS" starttime="20210818 10:53:24.751" endtime="20210818 10:53:28.200"/>
</kw>
<kw name="Add User First Name" library="res_User">
<kw name="Generate Random String" library="String">
<var>${RANDOM}</var>
<arg>4</arg>
<doc>Generates a string with a desired ``length`` from the given ``chars``.</doc>
<msg timestamp="20210818 10:53:28.210" level="INFO">${RANDOM} = 3vXE</msg>
<status status="PASS" starttime="20210818 10:53:28.201" endtime="20210818 10:53:28.210"/>
</kw>
<kw name="Wait Until Element Is Enabled" library="Selenium2Library">
<arg>${field_addName}</arg>
<arg>${delay}</arg>
<doc>Waits until the element ``locator`` is enabled.</doc>
<status status="PASS" starttime="20210818 10:53:28.211" endtime="20210818 10:53:28.240"/>
</kw>
<kw name="Input Text" library="Selenium2Library">
<arg>${field_addName}</arg>
<arg>${addName}${RANDOM}</arg>
<doc>Types the given ``text`` into the text field identified by ``locator``.</doc>
<msg timestamp="20210818 10:53:28.240" level="INFO">Typing text 'AutoFName_3vXE' into text field 'xpath://body/section[2]/ul[1]/li[1]/div[1]/ul[1]/li[1]/input[1]'.</msg>
<status status="PASS" starttime="20210818 10:53:28.240" endtime="20210818 10:53:28.433"/>
</kw>
<status status="PASS" starttime="20210818 10:53:28.200" endtime="20210818 10:53:28.433"/>
</kw>
<kw name="Add User Last Name" library="res_User">
<kw name="Generate Random String" library="String">
<var>${RANDOM}</var>
<arg>3</arg>
<doc>Generates a string with a desired ``length`` from the given ``chars``.</doc>
<msg timestamp="20210818 10:53:28.434" level="INFO">${RANDOM} = R4d</msg>
<status status="PASS" starttime="20210818 10:53:28.434" endtime="20210818 10:53:28.434"/>
</kw>
<kw name="Wait Until Element Is Enabled" library="Selenium2Library">
<arg>${field_addLastName}</arg>
<arg>${delay}</arg>
<doc>Waits until the element ``locator`` is enabled.</doc>
<status status="PASS" starttime="20210818 10:53:28.434" endtime="20210818 10:53:28.458"/>
</kw>
<kw name="Input Text" library="Selenium2Library">
<arg>${field_addLastName}</arg>
<arg>${addLastName}${RANDOM}</arg>
<doc>Types the given ``text`` into the text field identified by ``locator``.</doc>
<msg timestamp="20210818 10:53:28.459" level="INFO">Typing text 'LNR4d' into text field 'xpath://body/section[2]/ul[1]/li[1]/div[1]/ul[1]/li[2]/input[1]'.</msg>
<status status="PASS" starttime="20210818 10:53:28.458" endtime="20210818 10:53:28.517"/>
</kw>
<status status="PASS" starttime="20210818 10:53:28.433" endtime="20210818 10:53:28.518"/>
</kw>
<kw name="Add Country Code" library="res_User">
<kw name="Wait Until Element Is Enabled" library="Selenium2Library">
<arg>${drpdwn_cntryCode}</arg>
<arg>${delay}</arg>
<doc>Waits until the element ``locator`` is enabled.</doc>
<status status="PASS" starttime="20210818 10:53:28.518" endtime="20210818 10:53:28.540"/>
</kw>
<kw name="Click Element" library="Selenium2Library">
<arg>${drpdwn_cntryCode}</arg>
<doc>Click the element identified by ``locator``.</doc>
<msg timestamp="20210818 10:53:28.541" level="INFO">Clicking element 'xpath://body[1]/section[2]/ul[1]/li[1]/div[1]/ul[1]/li[3]/span[1]/span[1]/span[1]/span[1]'.</msg>
<status status="PASS" starttime="20210818 10:53:28.541" endtime="20210818 10:53:28.941"/>
</kw>
<status status="PASS" starttime="20210818 10:53:28.518" endtime="20210818 10:53:28.941"/>
</kw>
<kw name="Add Mobile Number" library="res_User">
<kw name="Generate Random String" library="String">
<var>${RANDOM}</var>
<arg>8</arg>
<arg>[NUMBERS]</arg>
<doc>Generates a string with a desired ``length`` from the given ``chars``.</doc>
<msg timestamp="20210818 10:53:28.942" level="INFO">${RANDOM} = 23208582</msg>
<status status="PASS" starttime="20210818 10:53:28.942" endtime="20210818 10:53:28.942"/>
</kw>
<kw name="Wait Until Element Is Enabled" library="Selenium2Library">
<arg>${field_addMblNo}</arg>
<arg>${delay}</arg>
<doc>Waits until the element ``locator`` is enabled.</doc>
<status status="PASS" starttime="20210818 10:53:28.942" endtime="20210818 10:53:29.081"/>
</kw>
<kw name="Input Text" library="Selenium2Library">
<arg>${field_addMblNo}</arg>
<arg>${addMblNo}${RANDOM}</arg>
<doc>Types the given ``text`` into the text field identified by ``locator``.</doc>
<msg timestamp="20210818 10:53:29.082" level="INFO">Typing text '85223208582' into text field 'xpath://body[1]/section[2]/ul[1]/li[1]/div[1]/ul[1]/li[4]/input[1]'.</msg>
<status status="PASS" starttime="20210818 10:53:29.081" endtime="20210818 10:53:29.167"/>
</kw>
<status status="PASS" starttime="20210818 10:53:28.941" endtime="20210818 10:53:29.167"/>
</kw>
<kw name="Add Email" library="res_User">
<kw name="Generate Random String" library="String">
<var>${RANDOM}</var>
<arg>8</arg>
<doc>Generates a string with a desired ``length`` from the given ``chars``.</doc>
<msg timestamp="20210818 10:53:29.168" level="INFO">${RANDOM} = gIaSgmUP</msg>
<status status="PASS" starttime="20210818 10:53:29.167" endtime="20210818 10:53:29.168"/>
</kw>
<kw name="Wait Until Element Is Enabled" library="Selenium2Library">
<arg>${field_addEmail}</arg>
<arg>${delay}</arg>
<doc>Waits until the element ``locator`` is enabled.</doc>
<status status="PASS" starttime="20210818 10:53:29.168" endtime="20210818 10:53:29.189"/>
</kw>
<kw name="Input Text" library="Selenium2Library">
<arg>${field_addEmail}</arg>
<arg>${RANDOM}${addEmail}</arg>
<doc>Types the given ``text`` into the text field identified by ``locator``.</doc>
<msg timestamp="20210818 10:53:29.190" level="INFO">Typing text 'gIaSgmUP@yopmail.com' into text field 'xpath://body[1]/section[2]/ul[1]/li[1]/div[1]/ul[1]/li[5]/input[1]'.</msg>
<status status="PASS" starttime="20210818 10:53:29.190" endtime="20210818 10:53:29.271"/>
</kw>
<status status="PASS" starttime="20210818 10:53:29.167" endtime="20210818 10:53:29.272"/>
</kw>
<kw name="Add Outlet" library="res_User">
<kw name="Wait Until Element Is Enabled" library="Selenium2Library">
<arg>${drpdwn_outlet}</arg>
<arg>${delay}</arg>
<doc>Waits until the element ``locator`` is enabled.</doc>
<status status="PASS" starttime="20210818 10:53:29.272" endtime="20210818 10:53:29.305"/>
</kw>
<kw name="Click Element" library="Selenium2Library">
<arg>${drpdwn_outlet}</arg>
<doc>Click the element identified by ``locator``.</doc>
<msg timestamp="20210818 10:53:29.307" level="INFO">Clicking element 'xpath://body[1]/section[2]/ul[1]/li[1]/div[1]/ul[1]/li[6]/span[1]/span[1]/span[1]'.</msg>
<status status="PASS" starttime="20210818 10:53:29.306" endtime="20210818 10:53:29.915"/>
</kw>
<kw name="Wait Until Element Is Enabled" library="Selenium2Library">
<arg>${outlet}</arg>
<arg>${delay}</arg>
<doc>Waits until the element ``locator`` is enabled.</doc>
<status status="PASS" starttime="20210818 10:53:29.915" endtime="20210818 10:53:29.961"/>
</kw>
<kw name="Click Element" library="Selenium2Library">
<arg>${outlet}</arg>
<doc>Click the element identified by ``locator``.</doc>
<msg timestamp="20210818 10:53:29.962" level="INFO">Clicking element 'xpath://body[1]/span[1]/span[1]/span[2]/ul[1]/li[1]'.</msg>
<status status="PASS" starttime="20210818 10:53:29.961" endtime="20210818 10:53:30.173"/>
</kw>
<status status="PASS" starttime="20210818 10:53:29.272" endtime="20210818 10:53:30.174"/>
</kw>
<kw name="Add Group" library="res_User">
<kw name="Wait Until Element Is Enabled" library="Selenium2Library">
<arg>${drpdwn_group}</arg>
<arg>${delay}</arg>
<doc>Waits until the element ``locator`` is enabled.</doc>
<status status="PASS" starttime="20210818 10:53:30.175" endtime="20210818 10:53:30.200"/>
</kw>
<kw name="Click Element" library="Selenium2Library">
<arg>${drpdwn_group}</arg>
<doc>Click the element identified by ``locator``.</doc>
<msg timestamp="20210818 10:53:30.201" level="INFO">Clicking element 'xpath://body[1]/section[2]/ul[1]/li[1]/div[1]/ul[1]/li[7]/span[1]/span[1]/span[1]'.</msg>
<status status="PASS" starttime="20210818 10:53:30.201" endtime="20210818 10:53:30.346"/>
</kw>
<kw name="Wait Until Element Is Enabled" library="Selenium2Library">
<arg>${group_staff}</arg>
<arg>${delay}</arg>
<doc>Waits until the element ``locator`` is enabled.</doc>
<status status="PASS" starttime="20210818 10:53:30.346" endtime="20210818 10:53:30.375"/>
</kw>
<kw name="Click Element" library="Selenium2Library">
<arg>${group_staff}</arg>
<doc>Click the element identified by ``locator``.</doc>
<msg timestamp="20210818 10:53:30.376" level="INFO">Clicking element 'xpath://body[1]/span[1]/span[1]/span[2]/ul[1]/li[3]'.</msg>
<status status="PASS" starttime="20210818 10:53:30.376" endtime="20210818 10:53:30.448"/>
</kw>
<status status="PASS" starttime="20210818 10:53:30.174" endtime="20210818 10:53:30.448"/>
</kw>
<kw name="Click Save Add User" library="res_User">
<kw name="Wait Until Element Is Enabled" library="Selenium2Library">
<arg>${save_addUser}</arg>
<arg>${delay}</arg>
<doc>Waits until the element ``locator`` is enabled.</doc>
<status status="PASS" starttime="20210818 10:53:30.449" endtime="20210818 10:53:30.489"/>
</kw>
<kw name="Click Element" library="Selenium2Library">
<arg>${save_addUser}</arg>
<doc>Click the element identified by ``locator``.</doc>
<msg timestamp="20210818 10:53:30.490" level="INFO">Clicking element 'xpath://body[1]/section[2]/ul[1]/li[1]/div[1]/ul[2]/li[1]/a[2]'.</msg>
<status status="PASS" starttime="20210818 10:53:30.490" endtime="20210818 10:53:30.721"/>
</kw>
<status status="PASS" starttime="20210818 10:53:30.448" endtime="20210818 10:53:30.721"/>
</kw>
<kw name="Waiting to Load" library="res_Signup">
<kw name="Sleep" library="BuiltIn">
<arg>5</arg>
<doc>Pauses the test executed for the given time.</doc>
<msg timestamp="20210818 10:53:35.725" level="INFO">Slept 5 seconds</msg>
<status status="PASS" starttime="20210818 10:53:30.722" endtime="20210818 10:53:35.726"/>
</kw>
<status status="PASS" starttime="20210818 10:53:30.722" endtime="20210818 10:53:35.728"/>
</kw>
<status status="PASS" starttime="20210818 10:53:24.751" endtime="20210818 10:53:35.728"/>
</kw>
<kw name="Verify Edit User is successfully">
<kw name="Click Edit Icon" library="res_User">
<kw name="Wait Until Element Is Enabled" library="Selenium2Library">
<arg>${btn_editUser}</arg>
<arg>${delay}</arg>
<doc>Waits until the element ``locator`` is enabled.</doc>
<status status="PASS" starttime="20210818 10:53:35.730" endtime="20210818 10:53:36.502"/>
</kw>
<kw name="Click Element" library="Selenium2Library">
<arg>${btn_editUser}</arg>
<doc>Click the element identified by ``locator``.</doc>
<msg timestamp="20210818 10:53:36.502" level="INFO">Clicking element 'xpath://body[1]/ul[1]/li[2]/section[2]/div[2]/table[1]/tbody[1]/tr[1]/td[8]/a[1]/img[1]'.</msg>
<status status="PASS" starttime="20210818 10:53:36.502" endtime="20210818 10:53:36.660"/>
</kw>
<status status="PASS" starttime="20210818 10:53:35.729" endtime="20210818 10:53:36.661"/>
</kw>
<kw name="Edit User First Name" library="res_User">
<kw name="Generate Random String" library="String">
<var>${RANDOM}</var>
<arg>3</arg>
<doc>Generates a string with a desired ``length`` from the given ``chars``.</doc>
<msg timestamp="20210818 10:53:36.664" level="INFO">${RANDOM} = qCX</msg>
<status status="PASS" starttime="20210818 10:53:36.664" endtime="20210818 10:53:36.664"/>
</kw>
<kw name="Wait Until Element Is Enabled" library="Selenium2Library">
<arg>${fld_editFnUser}</arg>
<arg>${delay}</arg>
<doc>Waits until the element ``locator`` is enabled.</doc>
<status status="PASS" starttime="20210818 10:53:36.664" endtime="20210818 10:53:37.300"/>
</kw>
<kw name="Input Text" library="Selenium2Library">
<arg>${fld_editFnUser}</arg>
<arg>${editFnUser}${RANDOM}</arg>
<doc>Types the given ``text`` into the text field identified by ``locator``.</doc>
<msg timestamp="20210818 10:53:37.301" level="INFO">Typing text 'EditedFN_qCX' into text field 'xpath://body[1]/section[3]/ul[1]/li[1]/div[1]/ul[1]/li[1]/input[1]'.</msg>
<status status="PASS" starttime="20210818 10:53:37.301" endtime="20210818 10:53:37.541"/>
</kw>
<status status="PASS" starttime="20210818 10:53:36.663" endtime="20210818 10:53:37.541"/>
</kw>
<kw name="Edit User Last Name" library="res_User">
<kw name="Generate Random String" library="String">
<var>${RANDOM}</var>
<arg>3</arg>
<doc>Generates a string with a desired ``length`` from the given ``chars``.</doc>
<msg timestamp="20210818 10:53:37.542" level="INFO">${RANDOM} = 2eD</msg>
<status status="PASS" starttime="20210818 10:53:37.542" endtime="20210818 10:53:37.542"/>
</kw>
<kw name="Wait Until Element Is Enabled" library="Selenium2Library">
<arg>${fld_editLnUser}</arg>
<arg>${delay}</arg>
<doc>Waits until the element ``locator`` is enabled.</doc>
<status status="PASS" starttime="20210818 10:53:37.543" endtime="20210818 10:53:37.563"/>
</kw>
<kw name="Input Text" library="Selenium2Library">
<arg>${fld_editLnUser}</arg>
<arg>${editLnUser}${RANDOM}</arg>
<doc>Types the given ``text`` into the text field identified by ``locator``.</doc>
<msg timestamp="20210818 10:53:37.564" level="INFO">Typing text 'EditedLN_2eD' into text field 'xpath://body[1]/section[3]/ul[1]/li[1]/div[1]/ul[1]/li[2]/input[1]'.</msg>
<status status="PASS" starttime="20210818 10:53:37.564" endtime="20210818 10:53:37.698"/>
</kw>
<status status="PASS" starttime="20210818 10:53:37.542" endtime="20210818 10:53:37.698"/>
</kw>
<kw name="Edit User Mobile Number" library="res_User">
<kw name="Generate Random String" library="String">
<var>${RANDOM}</var>
<arg>8</arg>
<arg>[NUMBERS]</arg>
<doc>Generates a string with a desired ``length`` from the given ``chars``.</doc>
<msg timestamp="20210818 10:53:37.699" level="INFO">${RANDOM} = 27487897</msg>
<status status="PASS" starttime="20210818 10:53:37.698" endtime="20210818 10:53:37.699"/>
</kw>
<kw name="Wait Until Element Is Enabled" library="Selenium2Library">
<arg>${fld_editMobNoUser}</arg>
<arg>${delay}</arg>
<doc>Waits until the element ``locator`` is enabled.</doc>
<status status="PASS" starttime="20210818 10:53:37.699" endtime="20210818 10:53:37.729"/>
</kw>
<kw name="Input Text" library="Selenium2Library">
<arg>${fld_editMobNoUser}</arg>
<arg>${editMobNoUser}${RANDOM}</arg>
<doc>Types the given ``text`` into the text field identified by ``locator``.</doc>
<msg timestamp="20210818 10:53:37.729" level="INFO">Typing text '85327487897' into text field 'xpath://body[1]/section[3]/ul[1]/li[1]/div[1]/ul[1]/li[4]/input[1]'.</msg>
<status status="PASS" starttime="20210818 10:53:37.729" endtime="20210818 10:53:37.862"/>
</kw>
<status status="PASS" starttime="20210818 10:53:37.698" endtime="20210818 10:53:37.863"/>
</kw>
<kw name="Edit User Email" library="res_User">
<kw name="Generate Random String" library="String">
<var>${RANDOM}</var>
<arg>6</arg>
<doc>Generates a string with a desired ``length`` from the given ``chars``.</doc>
<msg timestamp="20210818 10:53:37.863" level="INFO">${RANDOM} = PQl8iY</msg>
<status status="PASS" starttime="20210818 10:53:37.863" endtime="20210818 10:53:37.863"/>
</kw>
<kw name="Wait Until Element Is Enabled" library="Selenium2Library">
<arg>${fld_email}</arg>
<arg>${delay}</arg>
<doc>Waits until the element ``locator`` is enabled.</doc>
<status status="PASS" starttime="20210818 10:53:37.864" endtime="20210818 10:53:37.884"/>
</kw>
<kw name="Input Text" library="Selenium2Library">
<arg>${fld_email}</arg>
<arg>${RANDOM}${editEmailUser}</arg>
<doc>Types the given ``text`` into the text field identified by ``locator``.</doc>
<msg timestamp="20210818 10:53:37.884" level="INFO">Typing text 'PQl8iY_edited@yopmail.com' into text field 'xpath://body[1]/section[3]/ul[1]/li[1]/div[1]/ul[1]/li[5]/input[1]'.</msg>
<status status="PASS" starttime="20210818 10:53:37.884" endtime="20210818 10:53:38.033"/>
</kw>
<status status="PASS" starttime="20210818 10:53:37.863" endtime="20210818 10:53:38.033"/>
</kw>
<kw name="Click Save User Edited" library="res_User">
<kw name="Wait Until Element Is Enabled" library="Selenium2Library">
<arg>${btn_saveEditUser}</arg>
<arg>${delay}</arg>
<doc>Waits until the element ``locator`` is enabled.</doc>
<status status="PASS" starttime="20210818 10:53:38.033" endtime="20210818 10:53:38.053"/>
</kw>
<kw name="Click Element" library="Selenium2Library">
<arg>${btn_saveEditUser}</arg>
<doc>Click the element identified by ``locator``.</doc>
<msg timestamp="20210818 10:53:38.053" level="INFO">Clicking element 'xpath://body[1]/section[3]/ul[1]/li[1]/div[1]/ul[2]/li[1]/a[2]'.</msg>
<status status="PASS" starttime="20210818 10:53:38.053" endtime="20210818 10:53:38.129"/>
</kw>
<status status="PASS" starttime="20210818 10:53:38.033" endtime="20210818 10:53:38.130"/>
</kw>
<kw name="Verify Success Message after editing is displayed" library="res_User">
<kw name="Wait Until Element Is Enabled" library="Selenium2Library">
<arg>${btn_closeSuccMsg}</arg>
<arg>${delay}</arg>
<doc>Waits until the element ``locator`` is enabled.</doc>
<status status="PASS" starttime="20210818 10:53:38.130" endtime="20210818 10:53:38.152"/>
</kw>
<kw name="Page Should Contain" library="Selenium2Library">
<arg>${editSuccessMsg}</arg>
<doc>Verifies that current page contains ``text``.</doc>
<msg timestamp="20210818 10:53:39.203" level="INFO">Current page contains text 'Data is successfully saved'.</msg>
<status status="PASS" starttime="20210818 10:53:38.152" endtime="20210818 10:53:39.203"/>
</kw>
<kw name="Click Element" library="Selenium2Library">
<arg>${btn_closeSuccMsg}</arg>
<doc>Click the element identified by ``locator``.</doc>
<msg timestamp="20210818 10:53:39.204" level="INFO">Clicking element 'xpath://body[1]/div[3]/div[3]/ul[1]/li[1]/button[1]'.</msg>
<status status="PASS" starttime="20210818 10:53:39.204" endtime="20210818 10:53:39.402"/>
</kw>
<status status="PASS" starttime="20210818 10:53:38.130" endtime="20210818 10:53:39.402"/>
</kw>
<status status="PASS" starttime="20210818 10:53:35.728" endtime="20210818 10:53:39.403"/>
</kw>
<kw name="Verify Edit Detail is successfully">
<kw name="Click Edit Details" library="res_User">
<kw name="Wait Until Element Is Enabled" library="Selenium2Library">
<arg>${btn_editDetail}</arg>
<arg>${delay}</arg>
<doc>Waits until the element ``locator`` is enabled.</doc>
<status status="PASS" starttime="20210818 10:53:39.404" endtime="20210818 10:53:39.422"/>
</kw>
<kw name="Click Element" library="Selenium2Library">
<arg>${btn_editDetail}</arg>
<doc>Click the element identified by ``locator``.</doc>
<msg timestamp="20210818 10:53:39.422" level="INFO">Clicking element 'xpath://a[contains(text(),'EDIT DETAILS')]'.</msg>
<status status="PASS" starttime="20210818 10:53:39.422" endtime="20210818 10:53:39.848"/>
</kw>
<status status="PASS" starttime="20210818 10:53:39.403" endtime="20210818 10:53:39.848"/>
</kw>
<kw name="Edit First Name" library="res_User">
<kw name="Wait Until Element Is Enabled" library="Selenium2Library">
<arg>${field_editFn}</arg>
<arg>${delay}</arg>
<doc>Waits until the element ``locator`` is enabled.</doc>
[...]
<status status="PASS" starttime="20210818 10:53:45.814" endtime="20210818 10:53:45.834"/>
</kw>
<kw name="Input Text" library="Selenium2Library">
<arg>${field_editLn}</arg>
<arg>${valid_LastName}</arg>
<doc>Types the given ``text`` into the text field identified by ``locator``.</doc>
<msg timestamp="20210818 10:53:45.834" level="INFO">Typing text 'Marjuki' into text field 'xpath://body/ul[1]/li[2]/section[1]/ul[1]/li[2]/div[1]/ul[1]/li[2]/input[1]'.</msg>
<status status="PASS" starttime="20210818 10:53:45.834" endtime="20210818 10:53:45.945"/>
</kw>
<status status="PASS" starttime="20210818 10:53:45.814" endtime="20210818 10:53:45.945"/>
</kw>
<kw name="Restore Mobile Number" library="res_User">
<kw name="Wait Until Element Is Enabled" library="Selenium2Library">
<arg>${field_EditMobNo}</arg>
<arg>${delay}</arg>
<doc>Waits until the element ``locator`` is enabled.</doc>
<status status="PASS" starttime="20210818 10:53:45.945" endtime="20210818 10:53:45.963"/>
</kw>
<kw name="Input Text" library="Selenium2Library">
<arg>${field_EditMobNo}</arg>
<arg>${rest_mobileNo}</arg>
<doc>Types the given ``text`` into the text field identified by ``locator``.</doc>
<msg timestamp="20210818 10:53:45.964" level="INFO">Typing text '+6285281114886' into text field 'xpath://body/ul[1]/li[2]/section[1]/ul[1]/li[2]/div[1]/ul[1]/li[3]/input[1]'.</msg>
<status status="PASS" starttime="20210818 10:53:45.964" endtime="20210818 10:53:46.084"/>
</kw>
<status status="PASS" starttime="20210818 10:53:45.945" endtime="20210818 10:53:46.084"/>
</kw>
<kw name="Restore Email" library="res_User">
<kw name="Wait Until Element Is Enabled" library="Selenium2Library">
<arg>${field_editEmail}</arg>
<arg>${delay}</arg>
<doc>Waits until the element ``locator`` is enabled.</doc>
<status status="PASS" starttime="20210818 10:53:46.085" endtime="20210818 10:53:46.102"/>
</kw>
<kw name="Input Text" library="Selenium2Library">
<arg>${field_editEmail}</arg>
<arg>${valid_Email}</arg>
<doc>Types the given ``text`` into the text field identified by ``locator``.</doc>
<msg timestamp="20210818 10:53:46.102" level="INFO">Typing text 'machruk@gospurr.com' into text field 'xpath://body/ul[1]/li[2]/section[1]/ul[1]/li[2]/div[1]/ul[1]/li[4]/input[1]'.</msg>
<status status="PASS" starttime="20210818 10:53:46.102" endtime="20210818 10:53:46.217"/>
</kw>
<status status="PASS" starttime="20210818 10:53:46.085" endtime="20210818 10:53:46.217"/>
</kw>
<kw name="Click Save Edited Details" library="res_User">
<kw name="Wait Until Element Is Enabled" library="Selenium2Library">
<arg>${btn_saveUserDet}</arg>
<arg>${delay}</arg>
<doc>Waits until the element ``locator`` is enabled.</doc>
<status status="PASS" starttime="20210818 10:53:46.218" endtime="20210818 10:53:46.236"/>
</kw>
<kw name="Click Element" library="Selenium2Library">
<arg>${btn_saveUserDet}</arg>
<doc>Click the element identified by ``locator``.</doc>
<msg timestamp="20210818 10:53:46.237" level="INFO">Clicking element 'xpath://*[@class='save-user-detail'][contains(text(),'SAVE')]'.</msg>
<status status="PASS" starttime="20210818 10:53:46.237" endtime="20210818 10:53:46.296"/>
</kw>
<kw name="Sleep" library="BuiltIn">
<arg>5</arg>
<doc>Pauses the test executed for the given time.</doc>
<msg timestamp="20210818 10:53:51.299" level="INFO">Slept 5 seconds</msg>
<status status="PASS" starttime="20210818 10:53:46.297" endtime="20210818 10:53:51.299"/>
</kw>
<status status="PASS" starttime="20210818 10:53:46.217" endtime="20210818 10:53:51.301"/>
</kw>
<kw name="Waiting to Load" library="res_Signup">
<kw name="Sleep" library="BuiltIn">
<arg>5</arg>
<doc>Pauses the test executed for the given time.</doc>
<msg timestamp="20210818 10:53:56.307" level="INFO">Slept 5 seconds</msg>
<status status="PASS" starttime="20210818 10:53:51.305" endtime="20210818 10:53:56.308"/>
</kw>
<status status="PASS" starttime="20210818 10:53:51.303" endtime="20210818 10:53:56.310"/>
</kw>
<status status="PASS" starttime="20210818 10:53:39.403" endtime="20210818 10:53:56.311"/>
</kw>
<kw name="Verify Reset Password is successfully">
<kw name="Click Reset Password" library="res_User">
<kw name="Wait Until Element Is Enabled" library="Selenium2Library">
<arg>${btn_resetPassword}</arg>
<arg>${delay}</arg>
<doc>Waits until the element ``locator`` is enabled.</doc>
<status status="PASS" starttime="20210818 10:53:56.314" endtime="20210818 10:53:56.355"/>
</kw>
<kw name="Click Element" library="Selenium2Library">
<arg>${btn_resetPassword}</arg>
<doc>Click the element identified by ``locator``.</doc>
<msg timestamp="20210818 10:53:56.356" level="INFO">Clicking element 'xpath://a[contains(text(),'RESET PASSWORD')]'.</msg>
<status status="PASS" starttime="20210818 10:53:56.355" endtime="20210818 10:53:56.400"/>
</kw>
<status status="PASS" starttime="20210818 10:53:56.313" endtime="20210818 10:53:56.400"/>
</kw>
<kw name="Input New Password" library="res_User">
<kw name="Wait Until Element Is Enabled" library="Selenium2Library">
<arg>${fld_newPwd}</arg>
<arg>${delay}</arg>
<doc>Waits until the element ``locator`` is enabled.</doc>
<status status="PASS" starttime="20210818 10:53:56.401" endtime="20210818 10:53:56.424"/>
</kw>
<kw name="Input Text" library="Selenium2Library">
<arg>${fld_newPwd}</arg>
<arg>${newPwd}</arg>
<doc>Types the given ``text`` into the text field identified by ``locator``.</doc>
<msg timestamp="20210818 10:53:56.425" level="INFO">Typing text 'Qwerty' into text field 'xpath://body[1]/section[1]/ul[1]/li[1]/div[1]/ul[1]/li[1]/input[1]'.</msg>
<status status="PASS" starttime="20210818 10:53:56.425" endtime="20210818 10:53:56.540"/>
</kw>
<status status="PASS" starttime="20210818 10:53:56.400" endtime="20210818 10:53:56.541"/>
</kw>
<kw name="Confirm New Password" library="res_User">
<kw name="Wait Until Element Is Enabled" library="Selenium2Library">
<arg>${fld_cnfrmPwd}</arg>
<arg>${delay}</arg>
<doc>Waits until the element ``locator`` is enabled.</doc>
<status status="PASS" starttime="20210818 10:53:56.541" endtime="20210818 10:53:56.564"/>
</kw>
<kw name="Input Text" library="Selenium2Library">
<arg>${fld_cnfrmPwd}</arg>
<arg>${newPwd}</arg>
<doc>Types the given ``text`` into the text field identified by ``locator``.</doc>
<msg timestamp="20210818 10:53:56.565" level="INFO">Typing text 'Qwerty' into text field 'xpath://body[1]/section[1]/ul[1]/li[1]/div[1]/ul[1]/li[2]/input[1]'.</msg>
<status status="PASS" starttime="20210818 10:53:56.564" endtime="20210818 10:53:56.626"/>
</kw>
<status status="PASS" starttime="20210818 10:53:56.541" endtime="20210818 10:53:56.626"/>
</kw>
<kw name="Save New Password" library="res_User">
<kw name="Wait Until Element Is Enabled" library="Selenium2Library">
<arg>${btn_saveNewPwd}</arg>
<arg>${delay}</arg>
<doc>Waits until the element ``locator`` is enabled.</doc>
<status status="PASS" starttime="20210818 10:53:56.627" endtime="20210818 10:53:56.646"/>
</kw>
<kw name="Click Element" library="Selenium2Library">
<arg>${btn_saveNewPwd}</arg>
<doc>Click the element identified by ``locator``.</doc>
<msg timestamp="20210818 10:53:56.646" level="INFO">Clicking element 'xpath://body/section[1]/ul[1]/li[1]/div[1]/ul[2]/li[1]/a[1]'.</msg>
<status status="PASS" starttime="20210818 10:53:56.646" endtime="20210818 10:53:56.681"/>
</kw>
<status status="PASS" starttime="20210818 10:53:56.627" endtime="20210818 10:53:56.682"/>
</kw>
<kw name="Verify Success Message after update password is displayed" library="res_User">
<kw name="Wait Until Element Is Enabled" library="Selenium2Library">
<arg>${btn_closeNewPwd}</arg>
<arg>${delay}</arg>
<doc>Waits until the element ``locator`` is enabled.</doc>
<status status="PASS" starttime="20210818 10:53:56.682" endtime="20210818 10:53:56.724"/>
</kw>
<kw name="Page Should Contain" library="Selenium2Library">
<arg>${SucMsg_newPwd}</arg>
<doc>Verifies that current page contains ``text``.</doc>
<msg timestamp="20210818 10:53:57.193" level="INFO">Current page contains text 'Password is successfully updated'.</msg>
<status status="PASS" starttime="20210818 10:53:56.724" endtime="20210818 10:53:57.193"/>
</kw>
<kw name="Click Element" library="Selenium2Library">
<arg>${btn_closeNewPwd}</arg>
<doc>Click the element identified by ``locator``.</doc>
<msg timestamp="20210818 10:53:57.194" level="INFO">Clicking element 'xpath://button[contains(text(),'Close')]'.</msg>
<status status="PASS" starttime="20210818 10:53:57.194" endtime="20210818 10:53:57.419"/>
</kw>
<status status="PASS" starttime="20210818 10:53:56.682" endtime="20210818 10:53:57.419"/>
</kw>
<kw name="Sign Out" library="res_Signup">
<kw name="Click Profile Menu" library="res_Signup">
<kw name="Wait Until Element Is Enabled" library="Selenium2Library">
<arg>${profileMenu}</arg>
<arg>${delay}</arg>
<doc>Waits until the element ``locator`` is enabled.</doc>
<status status="PASS" starttime="20210818 10:53:57.421" endtime="20210818 10:53:57.446"/>
</kw>
<kw name="Click Element" library="Selenium2Library">
<arg>${profileMenu}</arg>
<doc>Click the element identified by ``locator``.</doc>
<msg timestamp="20210818 10:53:57.447" level="INFO">Clicking element 'xpath://header/ul[1]/li[3]/a[1]/span[1]/img[1]'.</msg>
<status status="PASS" starttime="20210818 10:53:57.446" endtime="20210818 10:53:57.842"/>
</kw>
<status status="PASS" starttime="20210818 10:53:57.420" endtime="20210818 10:53:57.842"/>
</kw>
<kw name="Click Sign Out" library="res_Signup">
<kw name="Wait Until Element Is Enabled" library="Selenium2Library">
<arg>${signOut}</arg>
<arg>${delay}</arg>
<doc>Waits until the element ``locator`` is enabled.</doc>
<status status="PASS" starttime="20210818 10:53:57.843" endtime="20210818 10:53:57.859"/>
</kw>
<kw name="Click Element" library="Selenium2Library">
<arg>${signOut}</arg>
<doc>Click the element identified by ``locator``.</doc>
<msg timestamp="20210818 10:53:57.860" level="INFO">Clicking element 'xpath://a[contains(text(),'Sign Out')]'.</msg>
<status status="PASS" starttime="20210818 10:53:57.860" endtime="20210818 10:53:58.135"/>
</kw>
<status status="PASS" starttime="20210818 10:53:57.842" endtime="20210818 10:53:58.135"/>
</kw>
<status status="PASS" starttime="20210818 10:53:57.420" endtime="20210818 10:53:58.135"/>
</kw>
<kw name="Valid Login with New Password" library="res_Signup">
<kw name="Input New Username" library="res_Signup">
<kw name="Wait Until Element Is Enabled" library="Selenium2Library">
<arg>${field_Usrname}</arg>
<arg>${delay}</arg>
<doc>Waits until the element ``locator`` is enabled.</doc>
<status status="PASS" starttime="20210818 10:53:58.136" endtime="20210818 10:53:58.149"/>
</kw>
<kw name="Input Text" library="Selenium2Library">
<arg>${field_Usrname}</arg>
<arg>${valid_Email}</arg>
<doc>Types the given ``text`` into the text field identified by ``locator``.</doc>
<msg timestamp="20210818 10:53:58.149" level="INFO">Typing text 'machruk@gospurr.com' into text field 'id:email'.</msg>
<status status="PASS" starttime="20210818 10:53:58.149" endtime="20210818 10:53:58.266"/>
</kw>
<status status="PASS" starttime="20210818 10:53:58.136" endtime="20210818 10:53:58.267"/>
</kw>
<kw name="New Password" library="res_Signup">
<kw name="Input Text" library="Selenium2Library">
<arg>${field_Pwd}</arg>
<arg>${newPwd}</arg>
<doc>Types the given ``text`` into the text field identified by ``locator``.</doc>
<msg timestamp="20210818 10:53:58.267" level="INFO">Typing text 'Qwerty' into text field 'id:password'.</msg>
<status status="PASS" starttime="20210818 10:53:58.267" endtime="20210818 10:53:58.322"/>
</kw>
<status status="PASS" starttime="20210818 10:53:58.267" endtime="20210818 10:53:58.322"/>
</kw>
<kw name="Click Login button" library="res_Signup">
<kw name="Click Element" library="Selenium2Library">
<arg>${btn_Signin}</arg>
<doc>Click the element identified by ``locator``.</doc>
<msg timestamp="20210818 10:53:58.323" level="INFO">Clicking element 'id:label-button'.</msg>
<status status="PASS" starttime="20210818 10:53:58.323" endtime="20210818 10:53:58.370"/>
</kw>
<status status="PASS" starttime="20210818 10:53:58.322" endtime="20210818 10:53:58.370"/>
</kw>
<kw name="Verify Login is successfully" library="res_Signup">
<kw name="Wait Until Element Is Enabled" library="Selenium2Library">
<arg>${menu_Dshbrd}</arg>
<arg>${delay}</arg>
<doc>Waits until the element ``locator`` is enabled.</doc>
<status status="PASS" starttime="20210818 10:53:58.371" endtime="20210818 10:54:00.995"/>
</kw>
<kw name="Page Should Contain Element" library="Selenium2Library">
<arg>${menu_Dshbrd}</arg>
<doc>Verifies that element ``locator`` is found on the current page.</doc>
<msg timestamp="20210818 10:54:01.002" level="INFO">Current page contains element 'xpath://a[contains(text(),'Dashboard')]'.</msg>
<status status="PASS" starttime="20210818 10:54:00.995" endtime="20210818 10:54:01.002"/>
</kw>
<status status="PASS" starttime="20210818 10:53:58.371" endtime="20210818 10:54:01.002"/>
</kw>
<status status="PASS" starttime="20210818 10:53:58.135" endtime="20210818 10:54:01.002"/>
</kw>
<kw name="Waiting to Load" library="res_Signup">
<kw name="Sleep" library="BuiltIn">
<arg>5</arg>
<doc>Pauses the test executed for the given time.</doc>
<msg timestamp="20210818 10:54:06.006" level="INFO">Slept 5 seconds</msg>
<status status="PASS" starttime="20210818 10:54:01.003" endtime="20210818 10:54:06.007"/>
</kw>
<status status="PASS" starttime="20210818 10:54:01.002" endtime="20210818 10:54:06.008"/>
</kw>
<status status="PASS" starttime="20210818 10:53:56.311" endtime="20210818 10:54:06.008"/>
</kw>
<kw name="Go to User Menu" library="res_User">
<kw name="Set Selenium Implicit Wait" library="Selenium2Library">
<arg>${delay}</arg>
<doc>Sets the implicit wait value used by Selenium.</doc>
<status status="PASS" starttime="20210818 10:54:06.009" endtime="20210818 10:54:06.012"/>
</kw>
<kw name="Wait Until Element Is Enabled" library="Selenium2Library">
<arg>${menu_user}</arg>
<arg>${delay}</arg>
<doc>Waits until the element ``locator`` is enabled.</doc>
<status status="PASS" starttime="20210818 10:54:06.012" endtime="20210818 10:54:06.041"/>
</kw>
<kw name="Click Element" library="Selenium2Library">
<arg>${menu_user}</arg>
<doc>Click the element identified by ``locator``.</doc>
<msg timestamp="20210818 10:54:06.042" level="INFO">Clicking element 'xpath://body/ul[1]/li[1]/ul[1]/li[6]/a[1]'.</msg>
<status status="PASS" starttime="20210818 10:54:06.041" endtime="20210818 10:54:06.227"/>
</kw>
<kw name="Wait Until Page Contains Element" library="Selenium2Library">
<arg>${btn_uploadImage}</arg>
<arg>${delay}</arg>
<doc>Waits until the element ``locator`` appears on the current page.</doc>
<status status="PASS" starttime="20210818 10:54:06.227" endtime="20210818 10:54:06.238"/>
</kw>
<status status="PASS" starttime="20210818 10:54:06.008" endtime="20210818 10:54:06.238"/>
</kw>
<kw name="Verify Upload Image is successfully">
<kw name="Upload Profile Image" library="res_User">
<kw name="Set Selenium Implicit Wait" library="Selenium2Library">
<arg>${delay}</arg>
<doc>Sets the implicit wait value used by Selenium.</doc>
<status status="PASS" starttime="20210818 10:54:06.239" endtime="20210818 10:54:06.240"/>
</kw>
<kw name="Wait Until Element Is Enabled" library="Selenium2Library">
<arg>${btn_uploadImage}</arg>
<arg>${delay}</arg>
<doc>Waits until the element ``locator`` is enabled.</doc>
<status status="PASS" starttime="20210818 10:54:06.240" endtime="20210818 10:54:06.277"/>
</kw>
<kw name="Choose File" library="Selenium2Library">
<arg>${btn_uploadImage}</arg>
<arg>${image}</arg>
<doc>Inputs the ``file_path`` into the file input field ``locator``.</doc>
<msg timestamp="20210818 10:54:06.278" level="INFO">Sending /Users/machruk/Documents/Gift.png to browser.</msg>
<status status="PASS" starttime="20210818 10:54:06.278" endtime="20210818 10:54:06.373"/>
</kw>
<kw name="Sleep" library="BuiltIn">
<arg>5</arg>
<doc>Pauses the test executed for the given time.</doc>
<msg timestamp="20210818 10:54:11.375" level="INFO">Slept 5 seconds</msg>
<status status="PASS" starttime="20210818 10:54:06.373" endtime="20210818 10:54:11.375"/>
</kw>
<kw name="Wait Until Element Is Enabled" library="Selenium2Library">
<arg>${btn_crop}</arg>
<arg>${delay}</arg>
<doc>Waits until the element ``locator`` is enabled.</doc>
<status status="PASS" starttime="20210818 10:54:11.377" endtime="20210818 10:54:11.420"/>
</kw>
<kw name="Click Element" library="Selenium2Library">
<arg>${btn_crop}</arg>
<doc>Click the element identified by ``locator``.</doc>
<msg timestamp="20210818 10:54:11.421" level="INFO">Clicking element 'xpath://button[contains(text(),'Crop')]'.</msg>
<status status="PASS" starttime="20210818 10:54:11.420" endtime="20210818 10:54:11.715"/>
</kw>
<status status="PASS" starttime="20210818 10:54:06.239" endtime="20210818 10:54:11.715"/>
</kw>
<kw name="Verify Success Message is displayed" library="res_User">
<kw name="Wait Until Element Is Enabled" library="Selenium2Library">
<arg>${btn_close}</arg>
<arg>${delay}</arg>
<doc>Waits until the element ``locator`` is enabled.</doc>
<status status="PASS" starttime="20210818 10:54:11.716" endtime="20210818 10:54:11.763"/>
</kw>
<kw name="Page Should Contain" library="Selenium2Library">
<arg>${success_msg}</arg>
<doc>Verifies that current page contains ``text``.</doc>
<msg timestamp="20210818 10:54:12.783" level="INFO">Current page contains text 'Image is successfully uploaded'.</msg>
<status status="PASS" starttime="20210818 10:54:11.763" endtime="20210818 10:54:12.784"/>
</kw>
<kw name="Click Element" library="Selenium2Library">
<arg>${btn_close}</arg>
<doc>Click the element identified by ``locator``.</doc>
<msg timestamp="20210818 10:54:12.784" level="INFO">Clicking element 'xpath://body[1]/div[3]/div[3]/ul[1]/li[1]/button[1]'.</msg>
<status status="PASS" starttime="20210818 10:54:12.784" endtime="20210818 10:54:12.925"/>
</kw>
<kw name="Wait Until Element Is Enabled" library="Selenium2Library">
<arg>${btn_addUser}</arg>
<arg>${delay}</arg>
<doc>Waits until the element ``locator`` is enabled.</doc>
<status status="PASS" starttime="20210818 10:54:12.926" endtime="20210818 10:54:12.946"/>
</kw>
<kw name="Page Should Contain Element" library="Selenium2Library">
<arg>${btn_addUser}</arg>
<doc>Verifies that element ``locator`` is found on the current page.</doc>
<msg timestamp="20210818 10:54:12.951" level="INFO">Current page contains element 'id:user-add-button'.</msg>
<status status="PASS" starttime="20210818 10:54:12.947" endtime="20210818 10:54:12.951"/>
</kw>
<kw name="Sleep" library="BuiltIn">
<arg>3</arg>
<doc>Pauses the test executed for the given time.</doc>
<msg timestamp="20210818 10:54:15.954" level="INFO">Slept 3 seconds</msg>
<status status="PASS" starttime="20210818 10:54:12.951" endtime="20210818 10:54:15.954"/>
</kw>
<status status="PASS" starttime="20210818 10:54:11.715" endtime="20210818 10:54:15.954"/>
</kw>
<status status="PASS" starttime="20210818 10:54:06.238" endtime="20210818 10:54:15.955"/>
</kw>
<status status="PASS" starttime="20210818 10:53:24.254" endtime="20210818 10:54:15.955"/>
</test>
<kw name="Close Browser" library="Selenium2Library" type="TEARDOWN">
<doc>Closes the current browser.</doc>
<status status="PASS" starttime="20210818 10:54:15.959" endtime="20210818 10:54:16.045"/>
</kw>
<doc>Verify the features On User Menu are working properly</doc>
<status status="PASS" starttime="20210818 10:52:46.196" endtime="20210818 10:54:16.045"/>
</suite>
<doc>[https://pabot.org/?ref=log|Pabot] result from 2 executions.</doc>
<status status="PASS" starttime="20210818 10:52:46.184" endtime="20210818 10:54:29.479"/>
</suite>
<statistics>
<total>
<stat pass="2" fail="0" skip="0">All Tests</stat>
</total>
<tag>
</tag>
<suite>
<stat pass="2" fail="0" skip="0" id="s1" name="Suites">Suites</stat>
<stat pass="1" fail="0" skip="0" id="s1-s1" name="Outlet">Suites.Outlet</stat>
<stat pass="1" fail="0" skip="0" id="s1-s2" name="User">Suites.User</stat>
</suite>
</statistics>
<errors>
</errors>
</robot>
