<?xml version="1.0" encoding="UTF-8"?>
<robot generator="Robot 4.1 (Python 3.9.6 on darwin)" generated="20210830 17:49:52.991" rpa="false" schemaversion="2">
<suite id="s1" name="newCust cashVouc" source="/Users/machruk/PycharmProjects/Spurr_Web/Campaign/01.newCustomerOffer/newCust_cashVouc.robot">
<kw name="Connect To Database" library="DatabaseLibrary" type="SETUP">
<arg>pymysql</arg>
<arg>${DBName}</arg>
<arg>${DBUser}</arg>
<arg>${DBPass}</arg>
<arg>${DBHost}</arg>
<arg>${DBPort}</arg>
<doc>Loads the DB API 2.0 module given `dbapiModuleName` then uses it to
connect to the database using `dbName`, `dbUsername`, and `dbPassword`.</doc>
<msg timestamp="20210830 17:49:53.146" level="INFO">Connecting using : pymysql.connect(db=cvm_v2, user=qa, passwd=DWkg8yNJjZMYFwgd, host=34.68.209.108, port=3306, charset=None) </msg>
<status status="PASS" starttime="20210830 17:49:53.138" endtime="20210830 17:49:54.001"/>
</kw>
<test id="s1-t1" name="Delete Existing Campaign">
<kw name="Delete New Customer Campaign" library="res_dbShopick">
<kw name="Execute Sql String" library="DatabaseLibrary">
<var>${del_newCust}</var>
<arg>Delete from shopick_v2.campaign_master_promotion where promotion_name='${newCustomerName}';</arg>
<doc>Executes the sqlString as SQL commands. Useful to pass arguments to your sql. Set optional input `sansTran` to
True to run command without an explicit transaction commit or rollback.</doc>
<msg timestamp="20210830 17:49:54.009" level="INFO">Executing : Execute SQL String  |  Delete from shopick_v2.campaign_master_promotion where promotion_name='NewCustomerPromo_Auto'; </msg>
<msg timestamp="20210830 17:49:54.645" level="INFO">${del_newCust} = None</msg>
<status status="PASS" starttime="20210830 17:49:54.008" endtime="20210830 17:49:54.646"/>
</kw>
<kw name="Execute Sql String" library="DatabaseLibrary">
<var>${del_newCustEdited}</var>
<arg>Delete from shopick_v2.campaign_master_promotion where promotion_name='${newCustomerName_edit}';</arg>
<doc>Executes the sqlString as SQL commands. Useful to pass arguments to your sql. Set optional input `sansTran` to
True to run command without an explicit transaction commit or rollback.</doc>
<msg timestamp="20210830 17:49:54.648" level="INFO">Executing : Execute SQL String  |  Delete from shopick_v2.campaign_master_promotion where promotion_name='NewCustomerPromo_Edited'; </msg>
<msg timestamp="20210830 17:49:55.285" level="INFO">${del_newCustEdited} = None</msg>
<status status="PASS" starttime="20210830 17:49:54.647" endtime="20210830 17:49:55.285"/>
</kw>
<status status="PASS" starttime="20210830 17:49:54.006" endtime="20210830 17:49:55.286"/>
</kw>
<status status="PASS" starttime="20210830 17:49:54.003" endtime="20210830 17:49:55.287"/>
</test>
<test id="s1-t2" name="Verify create New Customer Offer (Cash Voucher) is successfully">
<kw name="New Customer =&gt; Cash Voucher =&gt; Step 1">
<kw name="Go to Outlet menu" library="res_camp_newCustomer">
<kw name="Open GoSpurr.com" library="res_Signup">
<kw name="Open Browser" library="Selenium2Library">
<arg>${url}</arg>
<arg>${browser}</arg>
<doc>Opens a new browser instance to the optional ``url``.</doc>
<msg timestamp="20210830 17:49:55.294" level="INFO">Opening browser 'chrome' to base url 'https://app-dev-v2.gospurr.com/'.</msg>
<status status="PASS" starttime="20210830 17:49:55.293" endtime="20210830 17:50:00.736"/>
</kw>
<kw name="Maximize Browser Window" library="Selenium2Library">
<doc>Maximizes current browser window.</doc>
<status status="PASS" starttime="20210830 17:50:00.736" endtime="20210830 17:50:00.880"/>
</kw>
<kw name="Wait Until Element Is Enabled" library="Selenium2Library">
<arg>${btn_Signup}</arg>
<arg>${delay}</arg>
<doc>Waits until the element ``locator`` is enabled.</doc>
<status status="PASS" starttime="20210830 17:50:00.880" endtime="20210830 17:50:00.955"/>
</kw>
<kw name="Valid Login with New Password" library="res_Signup">
<kw name="Input New Username" library="res_Signup">
<kw name="Wait Until Element Is Enabled" library="Selenium2Library">
<arg>${field_Usrname}</arg>
<arg>${delay}</arg>
<doc>Waits until the element ``locator`` is enabled.</doc>
<status status="PASS" starttime="20210830 17:50:00.956" endtime="20210830 17:50:00.973"/>
</kw>
<kw name="Input Text" library="Selenium2Library">
<arg>${field_Usrname}</arg>
<arg>${valid_Email}</arg>
<doc>Types the given ``text`` into the text field identified by ``locator``.</doc>
<msg timestamp="20210830 17:50:00.973" level="INFO">Typing text 'machruk@gospurr.com' into text field 'id:email'.</msg>
<status status="PASS" starttime="20210830 17:50:00.973" endtime="20210830 17:50:01.325"/>
</kw>
<status status="PASS" starttime="20210830 17:50:00.955" endtime="20210830 17:50:01.325"/>
</kw>
<kw name="New Password" library="res_Signup">
<kw name="Input Text" library="Selenium2Library">
<arg>${field_Pwd}</arg>
<arg>${newPwd}</arg>
<doc>Types the given ``text`` into the text field identified by ``locator``.</doc>
<msg timestamp="20210830 17:50:01.326" level="INFO">Typing text 'Qwerty' into text field 'id:password'.</msg>
<status status="PASS" starttime="20210830 17:50:01.326" endtime="20210830 17:50:01.415"/>
</kw>
<status status="PASS" starttime="20210830 17:50:01.325" endtime="20210830 17:50:01.415"/>
</kw>
<kw name="Click Login button" library="res_Signup">
<kw name="Click Element" library="Selenium2Library">
<arg>${btn_Signin}</arg>
<doc>Click the element identified by ``locator``.</doc>
<msg timestamp="20210830 17:50:01.415" level="INFO">Clicking element 'id:label-button'.</msg>
<status status="PASS" starttime="20210830 17:50:01.415" endtime="20210830 17:50:01.801"/>
</kw>
<status status="PASS" starttime="20210830 17:50:01.415" endtime="20210830 17:50:01.801"/>
</kw>
<kw name="Verify Login is successfully" library="res_Signup">
<kw name="Wait Until Element Is Enabled" library="Selenium2Library">
<arg>${menu_Dshbrd}</arg>
<arg>${delay}</arg>
<doc>Waits until the element ``locator`` is enabled.</doc>
<status status="PASS" starttime="20210830 17:50:01.801" endtime="20210830 17:50:04.452"/>
</kw>
<kw name="Page Should Contain Element" library="Selenium2Library">
<arg>${menu_Dshbrd}</arg>
<doc>Verifies that element ``locator`` is found on the current page.</doc>
<msg timestamp="20210830 17:50:04.493" level="INFO">Current page contains element 'xpath://a[contains(text(),'Dashboard')]'.</msg>
<status status="PASS" starttime="20210830 17:50:04.452" endtime="20210830 17:50:04.493"/>
</kw>
<status status="PASS" starttime="20210830 17:50:01.801" endtime="20210830 17:50:04.493"/>
</kw>
<status status="PASS" starttime="20210830 17:50:00.955" endtime="20210830 17:50:04.493"/>
</kw>
<kw name="Waiting to Load" library="res_Signup">
<kw name="Sleep" library="BuiltIn">
<arg>5</arg>
<doc>Pauses the test executed for the given time.</doc>
<msg timestamp="20210830 17:50:09.496" level="INFO">Slept 5 seconds</msg>
<status status="PASS" starttime="20210830 17:50:04.493" endtime="20210830 17:50:09.496"/>
</kw>
<status status="PASS" starttime="20210830 17:50:04.493" endtime="20210830 17:50:09.496"/>
</kw>
<status status="PASS" starttime="20210830 17:49:55.292" endtime="20210830 17:50:09.496"/>
</kw>
<kw name="Wait Until Element Is Enabled" library="Selenium2Library">
<arg>${menu_campaign}</arg>
<arg>${delay}</arg>
<doc>Waits until the element ``locator`` is enabled.</doc>
<status status="PASS" starttime="20210830 17:50:09.497" endtime="20210830 17:50:09.552"/>
</kw>
<kw name="Click Element" library="Selenium2Library">
<arg>${menu_campaign}</arg>
<doc>Click the element identified by ``locator``.</doc>
<msg timestamp="20210830 17:50:09.553" level="INFO">Clicking element 'xpath://body[1]/ul[1]/li[1]/ul[1]/li[3]/a[1]'.</msg>
<status status="PASS" starttime="20210830 17:50:09.552" endtime="20210830 17:50:10.383"/>
</kw>
<kw name="Wait Until Page Contains Element" library="Selenium2Library">
<arg>${btn_crtCampaign}</arg>
<arg>${delay}</arg>
<doc>Waits until the element ``locator`` appears on the current page.</doc>
<status status="PASS" starttime="20210830 17:50:10.383" endtime="20210830 17:50:10.394"/>
</kw>
<kw name="Waiting to Load" library="res_Signup">
<kw name="Sleep" library="BuiltIn">
<arg>5</arg>
<doc>Pauses the test executed for the given time.</doc>
<msg timestamp="20210830 17:50:15.398" level="INFO">Slept 5 seconds</msg>
<status status="PASS" starttime="20210830 17:50:10.395" endtime="20210830 17:50:15.398"/>
</kw>
<status status="PASS" starttime="20210830 17:50:10.394" endtime="20210830 17:50:15.399"/>
</kw>
<status status="PASS" starttime="20210830 17:49:55.291" endtime="20210830 17:50:15.400"/>
</kw>
<kw name="Click Create Campaign" library="res_camp_newCustomer">
<kw name="Wait Until Element Is Enabled" library="Selenium2Library">
<arg>${btn_crtCampaign}</arg>
<arg>${delay}</arg>
<doc>Waits until the element ``locator`` is enabled.</doc>
<status status="PASS" starttime="20210830 17:50:15.403" endtime="20210830 17:50:15.438"/>
</kw>
<kw name="Click Element" library="Selenium2Library">
<arg>${btn_crtCampaign}</arg>
<doc>Click the element identified by ``locator``.</doc>
<msg timestamp="20210830 17:50:15.439" level="INFO">Clicking element 'xpath://body[1]/ul[1]/li[2]/section[1]/div[1]/ul[1]/li[1]/a[1]'.</msg>
<status status="PASS" starttime="20210830 17:50:15.439" endtime="20210830 17:50:15.663"/>
</kw>
<kw name="Wait Until Page Contains Element" library="Selenium2Library">
<arg>${rdBtn_NewCstmr}</arg>
<arg>${delay}</arg>
<doc>Waits until the element ``locator`` appears on the current page.</doc>
<status status="PASS" starttime="20210830 17:50:15.663" endtime="20210830 17:50:15.671"/>
</kw>
<kw name="Sleep" library="BuiltIn">
<arg>3</arg>
<doc>Pauses the test executed for the given time.</doc>
<msg timestamp="20210830 17:50:18.672" level="INFO">Slept 3 seconds</msg>
<status status="PASS" starttime="20210830 17:50:15.671" endtime="20210830 17:50:18.672"/>
</kw>
<status status="PASS" starttime="20210830 17:50:15.401" endtime="20210830 17:50:18.673"/>
</kw>
<kw name="Select New Customer Offer" library="res_camp_newCustomer">
<kw name="Wait Until Element Is Enabled" library="Selenium2Library">
<arg>${rdBtn_NewCstmr}</arg>
<arg>${delay}</arg>
<doc>Waits until the element ``locator`` is enabled.</doc>
<status status="PASS" starttime="20210830 17:50:18.674" endtime="20210830 17:50:18.707"/>
</kw>
<kw name="Click Element" library="Selenium2Library">
<arg>${rdBtn_NewCstmr}</arg>
<doc>Click the element identified by ``locator``.</doc>
<msg timestamp="20210830 17:50:18.708" level="INFO">Clicking element 'id:NEW_CUSTOMER'.</msg>
<status status="PASS" starttime="20210830 17:50:18.707" endtime="20210830 17:50:19.026"/>
</kw>
<status status="PASS" starttime="20210830 17:50:18.673" endtime="20210830 17:50:19.026"/>
</kw>
<kw name="Click Next button" library="res_camp_newCustomer">
<kw name="Scroll Element Into View" library="Selenium2Library">
<arg>${btn_next}</arg>
<doc>Scrolls the element identified by ``locator`` into view.</doc>
<status status="PASS" starttime="20210830 17:50:19.027" endtime="20210830 17:50:19.302"/>
</kw>
<kw name="Wait Until Element Is Enabled" library="Selenium2Library">
<arg>${btn_next}</arg>
<arg>${delay}</arg>
<doc>Waits until the element ``locator`` is enabled.</doc>
<status status="PASS" starttime="20210830 17:50:19.302" endtime="20210830 17:50:19.332"/>
</kw>
<kw name="Click Element" library="Selenium2Library">
<arg>${btn_next}</arg>
<doc>Click the element identified by ``locator``.</doc>
<msg timestamp="20210830 17:50:19.332" level="INFO">Clicking element 'xpath://body[1]/ul[1]/li[2]/section[1]/div[1]/ul[1]/li[2]/a[1]'.</msg>
<status status="PASS" starttime="20210830 17:50:19.332" endtime="20210830 17:50:19.820"/>
</kw>
<status status="PASS" starttime="20210830 17:50:19.026" endtime="20210830 17:50:19.820"/>
</kw>
<status status="PASS" starttime="20210830 17:49:55.290" endtime="20210830 17:50:19.820"/>
</kw>
<kw name="New Customer =&gt; Cash Voucher =&gt; Step 2">
<kw name="Input New Customer Name" library="res_camp_newCustomer">
<kw name="Sleep" library="BuiltIn">
<arg>5</arg>
<doc>Pauses the test executed for the given time.</doc>
<msg timestamp="20210830 17:50:24.823" level="INFO">Slept 5 seconds</msg>
<status status="PASS" starttime="20210830 17:50:19.821" endtime="20210830 17:50:24.824"/>
</kw>
<kw name="Wait Until Element Is Enabled" library="Selenium2Library">
<arg>${fld_offerName}</arg>
<arg>${delay}</arg>
<doc>Waits until the element ``locator`` is enabled.</doc>
<status status="PASS" starttime="20210830 17:50:24.825" endtime="20210830 17:50:24.871"/>
</kw>
<kw name="Input Text" library="Selenium2Library">
<arg>${fld_offerName}</arg>
<arg>${newCustomerName}</arg>
<doc>Types the given ``text`` into the text field identified by ``locator``.</doc>
<msg timestamp="20210830 17:50:24.872" level="INFO">Typing text 'NewCustomerPromo_Auto' into text field 'id:promotionName'.</msg>
<status status="PASS" starttime="20210830 17:50:24.871" endtime="20210830 17:50:25.091"/>
</kw>
<status status="PASS" starttime="20210830 17:50:19.820" endtime="20210830 17:50:25.091"/>
</kw>
<kw name="Select Cash Voucher Type" library="res_camp_newCustomer">
<kw name="Wait Until Element Is Enabled" library="Selenium2Library">
<arg>${drpdwn_offerType}</arg>
<arg>${delay}</arg>
<doc>Waits until the element ``locator`` is enabled.</doc>
<status status="PASS" starttime="20210830 17:50:25.092" endtime="20210830 17:50:25.109"/>
</kw>
<kw name="Click Element" library="Selenium2Library">
<arg>${drpdwn_offerType}</arg>
<doc>Click the element identified by ``locator``.</doc>
<msg timestamp="20210830 17:50:25.110" level="INFO">Clicking element 'xpath://body[1]/ul[1]/li[2]/section[3]/ul[1]/li[1]/ul[1]/li[1]/div[1]/ul[1]/li[1]/form[1]/ul[1]/li[2]/span[1]/span[1]/span[1]/span[1]'.</msg>
<status status="PASS" starttime="20210830 17:50:25.109" endtime="20210830 17:50:25.650"/>
</kw>
<kw name="Wait Until Element Is Enabled" library="Selenium2Library">
<arg>${opt_getVoucher}</arg>
<arg>${delay}</arg>
<doc>Waits until the element ``locator`` is enabled.</doc>
<status status="PASS" starttime="20210830 17:50:25.651" endtime="20210830 17:50:25.673"/>
</kw>
<kw name="Click Element" library="Selenium2Library">
<arg>${opt_getVoucher}</arg>
<doc>Click the element identified by ``locator``.</doc>
<msg timestamp="20210830 17:50:25.674" level="INFO">Clicking element 'xpath://body[1]/span[1]/span[1]/span[2]/ul[1]/li[4]'.</msg>
<status status="PASS" starttime="20210830 17:50:25.673" endtime="20210830 17:50:25.933"/>
</kw>
<status status="PASS" starttime="20210830 17:50:25.091" endtime="20210830 17:50:25.933"/>
</kw>
<kw name="Input Offer Value" library="res_camp_newCustomer">
<kw name="Wait Until Element Is Enabled" library="Selenium2Library">
<arg>${fld_offerValue}</arg>
<arg>${delay}</arg>
<doc>Waits until the element ``locator`` is enabled.</doc>
<status status="PASS" starttime="20210830 17:50:25.933" endtime="20210830 17:50:25.958"/>
</kw>
<kw name="Input Text" library="Selenium2Library">
<arg>${fld_offerValue}</arg>
<arg>${offerValue}</arg>
<doc>Types the given ``text`` into the text field identified by ``locator``.</doc>
<msg timestamp="20210830 17:50:25.959" level="INFO">Typing text '2000000' into text field 'id:promotionValue'.</msg>
<status status="PASS" starttime="20210830 17:50:25.958" endtime="20210830 17:50:26.058"/>
</kw>
<status status="PASS" starttime="20210830 17:50:25.933" endtime="20210830 17:50:26.058"/>
</kw>
<kw name="Input Minimum Spending" library="res_camp_newCustomer">
<kw name="Wait Until Element Is Enabled" library="Selenium2Library">
<arg>${fld_minSpend}</arg>
<arg>${delay}</arg>
<doc>Waits until the element ``locator`` is enabled.</doc>
<status status="PASS" starttime="20210830 17:50:26.059" endtime="20210830 17:50:26.078"/>
</kw>
<kw name="Input Text" library="Selenium2Library">
<arg>${fld_minSpend}</arg>
<arg>${minSpend}</arg>
<doc>Types the given ``text`` into the text field identified by ``locator``.</doc>
<msg timestamp="20210830 17:50:26.078" level="INFO">Typing text '5000' into text field 'id:promotionMinimumSpending'.</msg>
<status status="PASS" starttime="20210830 17:50:26.078" endtime="20210830 17:50:26.129"/>
</kw>
<status status="PASS" starttime="20210830 17:50:26.058" endtime="20210830 17:50:26.129"/>
</kw>
<kw name="Select Offer Period" library="res_camp_newCustomer">
<kw name="Get Current Date" library="DateTime">
<var>${slct_StrtDate}</var>
<doc>Returns current local or UTC time with an optional increment.</doc>
<msg timestamp="20210830 17:50:26.130" level="INFO">${slct_StrtDate} = 2021-08-30 17:50:26.130</msg>
<status status="PASS" starttime="20210830 17:50:26.130" endtime="20210830 17:50:26.130"/>
</kw>
<kw name="Convert Date" library="DateTime">
<var>${startDate}</var>
<arg>${slct_StrtDate}</arg>
<arg>result_format=%d</arg>
<doc>Converts between supported `date formats`.</doc>
<msg timestamp="20210830 17:50:26.133" level="INFO">${startDate} = 30</msg>
<status status="PASS" starttime="20210830 17:50:26.131" endtime="20210830 17:50:26.133"/>
</kw>
<kw name="Sleep" library="BuiltIn">
<arg>2</arg>
<doc>Pauses the test executed for the given time.</doc>
<msg timestamp="20210830 17:50:28.134" level="INFO">Slept 2 seconds</msg>
<status status="PASS" starttime="20210830 17:50:26.133" endtime="20210830 17:50:28.135"/>
</kw>
<kw name="Click Element" library="Selenium2Library">
<arg>${fld_offerStrdate}</arg>
<doc>Click the element identified by ``locator``.</doc>
<msg timestamp="20210830 17:50:28.137" level="INFO">Clicking element 'name:promotionStart'.</msg>
<status status="PASS" starttime="20210830 17:50:28.136" endtime="20210830 17:50:28.494"/>
</kw>
<kw name="Click Element" library="Selenium2Library">
<arg>//*[@class='ui-datepicker-calendar']//*[contains(text(),'${startDate}')]</arg>
<doc>Click the element identified by ``locator``.</doc>
<msg timestamp="20210830 17:50:28.494" level="INFO">Clicking element '//*[@class='ui-datepicker-calendar']//*[contains(text(),'30')]'.</msg>
<status status="PASS" starttime="20210830 17:50:28.494" endtime="20210830 17:50:28.751"/>
</kw>
<kw name="Sleep" library="BuiltIn">
<arg>2</arg>
<doc>Pauses the test executed for the given time.</doc>
<msg timestamp="20210830 17:50:30.752" level="INFO">Slept 2 seconds</msg>
<status status="PASS" starttime="20210830 17:50:28.751" endtime="20210830 17:50:30.753"/>
</kw>
<kw name="Add Time To Date" library="DateTime">
<var>${slct_EndDate}</var>
<arg>${slct_StrtDate}</arg>
<arg>7 Days</arg>
<doc>Adds time to date and returns the resulting date.</doc>
<msg timestamp="20210830 17:50:30.757" level="INFO">${slct_EndDate} = 2021-09-06 17:50:26.130</msg>
<status status="PASS" starttime="20210830 17:50:30.754" endtime="20210830 17:50:30.757"/>
</kw>
<kw name="Convert Date" library="DateTime">
<var>${EndDate}</var>
<arg>${slct_EndDate}</arg>
<arg>result_format=%d</arg>
<doc>Converts between supported `date formats`.</doc>
<msg timestamp="20210830 17:50:30.759" level="INFO">${EndDate} = 06</msg>
<status status="PASS" starttime="20210830 17:50:30.758" endtime="20210830 17:50:30.760"/>
</kw>
<kw name="Convert To Integer" library="BuiltIn">
<var>${int}</var>
<arg>${EndDate}</arg>
<doc>Converts the given item to an integer number.</doc>
<msg timestamp="20210830 17:50:30.761" level="INFO">${int} = 6</msg>
<status status="PASS" starttime="20210830 17:50:30.760" endtime="20210830 17:50:30.761"/>
</kw>
<kw name="Click Element" library="Selenium2Library">
<arg>${fld_offerEnddate}</arg>
<doc>Click the element identified by ``locator``.</doc>
<msg timestamp="20210830 17:50:30.762" level="INFO">Clicking element 'name:promotionExpired'.</msg>
<status status="PASS" starttime="20210830 17:50:30.761" endtime="20210830 17:50:30.857"/>
</kw>
<kw name="Click Element" library="Selenium2Library">
<arg>//*[@class='ui-datepicker-calendar']//*[contains(text(),'${int}')]</arg>
<doc>Click the element identified by ``locator``.</doc>
<msg timestamp="20210830 17:50:30.857" level="INFO">Clicking element '//*[@class='ui-datepicker-calendar']//*[contains(text(),'6')]'.</msg>
<status status="PASS" starttime="20210830 17:50:30.857" endtime="20210830 17:50:30.919"/>
</kw>
<status status="PASS" starttime="20210830 17:50:26.129" endtime="20210830 17:50:30.919"/>
</kw>
<kw name="Click Next button" library="res_camp_newCustomer">
<kw name="Scroll Element Into View" library="Selenium2Library">
<arg>${btn_next}</arg>
<doc>Scrolls the element identified by ``locator`` into view.</doc>
<status status="PASS" starttime="20210830 17:50:30.920" endtime="20210830 17:50:31.191"/>
</kw>
<kw name="Wait Until Element Is Enabled" library="Selenium2Library">
<arg>${btn_next}</arg>
<arg>${delay}</arg>
<doc>Waits until the element ``locator`` is enabled.</doc>
<status status="PASS" starttime="20210830 17:50:31.192" endtime="20210830 17:50:31.216"/>
</kw>
<kw name="Click Element" library="Selenium2Library">
<arg>${btn_next}</arg>
<doc>Click the element identified by ``locator``.</doc>
<msg timestamp="20210830 17:50:31.217" level="INFO">Clicking element 'xpath://body[1]/ul[1]/li[2]/section[1]/div[1]/ul[1]/li[2]/a[1]'.</msg>
<status status="PASS" starttime="20210830 17:50:31.216" endtime="20210830 17:50:32.062"/>
</kw>
<status status="PASS" starttime="20210830 17:50:30.919" endtime="20210830 17:50:32.062"/>
</kw>
<status status="PASS" starttime="20210830 17:50:19.820" endtime="20210830 17:50:32.062"/>
</kw>
<kw name="New Customer =&gt; Cash Voucher =&gt; Step 3">
<kw name="Add T&amp;C" library="res_camp_newCustomer">
<kw name="Wait Until Element Is Enabled" library="Selenium2Library">
<arg>${fld_addTerm}</arg>
<arg>${delay}</arg>
<doc>Waits until the element ``locator`` is enabled.</doc>
<status status="PASS" starttime="20210830 17:50:32.063" endtime="20210830 17:50:32.119"/>
</kw>
<kw name="Input Text" library="Selenium2Library">
<arg>${fld_addTerm}</arg>
<arg>${addTermText}</arg>
<doc>Types the given ``text`` into the text field identified by ``locator``.</doc>
<msg timestamp="20210830 17:50:32.119" level="INFO">Typing text 'This is an automation term' into text field 'xpath://body[1]/ul[1]/li[2]/section[3]/ul[1]/li[1]/ul[1]/li[1]/div[2]/ul[2]/li[1]/textarea[1]'.</msg>
<status status="PASS" starttime="20210830 17:50:32.119" endtime="20210830 17:50:32.213"/>
</kw>
<status status="PASS" starttime="20210830 17:50:32.062" endtime="20210830 17:50:32.213"/>
</kw>
<kw name="Click Publish" library="res_camp_newCustomer">
<kw name="Wait Until Element Is Enabled" library="Selenium2Library">
<arg>${btn_publish}</arg>
<arg>${delay}</arg>
<doc>Waits until the element ``locator`` is enabled.</doc>
<status status="PASS" starttime="20210830 17:50:32.214" endtime="20210830 17:50:32.262"/>
</kw>
<kw name="Click Element" library="Selenium2Library">
<arg>${btn_publish}</arg>
<doc>Click the element identified by ``locator``.</doc>
<msg timestamp="20210830 17:50:32.262" level="INFO">Clicking element 'xpath://body[1]/ul[1]/li[2]/section[4]/ul[1]/li[2]/a[1]'.</msg>
<status status="PASS" starttime="20210830 17:50:32.262" endtime="20210830 17:50:32.320"/>
</kw>
<status status="PASS" starttime="20210830 17:50:32.213" endtime="20210830 17:50:32.321"/>
</kw>
<kw name="Success Message is displayed" library="res_camp_newCustomer">
<kw name="Sleep" library="BuiltIn">
<arg>5</arg>
<doc>Pauses the test executed for the given time.</doc>
<msg timestamp="20210830 17:50:37.324" level="INFO">Slept 5 seconds</msg>
<status status="PASS" starttime="20210830 17:50:32.321" endtime="20210830 17:50:37.325"/>
</kw>
<kw name="Wait Until Page Contains" library="Selenium2Library">
<arg>${sucMsg}</arg>
<arg>${delay}</arg>
<doc>Waits until ``text`` appears on the current page.</doc>
<status status="PASS" starttime="20210830 17:50:37.326" endtime="20210830 17:50:37.366"/>
</kw>
<kw name="Page Should Contain" library="Selenium2Library">
<arg>${sucMsg}</arg>
<doc>Verifies that current page contains ``text``.</doc>
<msg timestamp="20210830 17:50:37.376" level="INFO">Current page contains text 'Your Campaign has been published and will be visible by your customers at the appointed time.'.</msg>
<status status="PASS" starttime="20210830 17:50:37.366" endtime="20210830 17:50:37.376"/>
</kw>
<kw name="Click Element" library="Selenium2Library">
<arg>${btn_closeMsg}</arg>
<doc>Click the element identified by ``locator``.</doc>
<msg timestamp="20210830 17:50:37.377" level="INFO">Clicking element 'xpath://button[contains(text(),'Close')]'.</msg>
<status status="PASS" starttime="20210830 17:50:37.377" endtime="20210830 17:50:37.732"/>
</kw>
<kw name="Sleep" library="BuiltIn">
<arg>5</arg>
<doc>Pauses the test executed for the given time.</doc>
<msg timestamp="20210830 17:50:42.734" level="INFO">Slept 5 seconds</msg>
<status status="PASS" starttime="20210830 17:50:37.733" endtime="20210830 17:50:42.735"/>
</kw>
<status status="PASS" starttime="20210830 17:50:32.321" endtime="20210830 17:50:42.736"/>
</kw>
<status status="PASS" starttime="20210830 17:50:32.062" endtime="20210830 17:50:42.737"/>
</kw>
<status status="PASS" starttime="20210830 17:49:55.289" endtime="20210830 17:50:42.738"/>
</test>
<test id="s1-t3" name="Verify edit Anniversary Offer (Cash Voucher) is successfully">
<kw name="Edit New Customer Campaign">
<kw name="Click Edit Campaign" library="res_camp_newCustomer">
<kw name="Sleep" library="BuiltIn">
<arg>2</arg>
<doc>Pauses the test executed for the given time.</doc>
<msg timestamp="20210830 17:50:44.744" level="INFO">Slept 2 seconds</msg>
<status status="PASS" starttime="20210830 17:50:42.743" endtime="20210830 17:50:44.745"/>
</kw>
<kw name="Wait Until Element Is Enabled" library="Selenium2Library">
<arg>${btn_editCampaign}</arg>
<arg>${delay}</arg>
<doc>Waits until the element ``locator`` is enabled.</doc>
<status status="PASS" starttime="20210830 17:50:44.746" endtime="20210830 17:50:44.817"/>
</kw>
<kw name="Click Element" library="Selenium2Library">
<arg>${btn_editCampaign}</arg>
<doc>Click the element identified by ``locator``.</doc>
<msg timestamp="20210830 17:50:44.817" level="INFO">Clicking element 'xpath://a[contains(text(),'EDIT CAMPAIGN')]'.</msg>
<status status="PASS" starttime="20210830 17:50:44.817" endtime="20210830 17:50:45.681"/>
</kw>
<status status="PASS" starttime="20210830 17:50:42.742" endtime="20210830 17:50:45.681"/>
</kw>
<kw name="Add Term &amp; Condition" library="res_camp_newCustomer">
<kw name="Sleep" library="BuiltIn">
<arg>2</arg>
<doc>Pauses the test executed for the given time.</doc>
<msg timestamp="20210830 17:50:47.684" level="INFO">Slept 2 seconds</msg>
<status status="PASS" starttime="20210830 17:50:45.682" endtime="20210830 17:50:47.684"/>
</kw>
<kw name="Wait Until Element Is Enabled" library="Selenium2Library">
<arg>${fldEdit_addTerm}</arg>
<arg>${delay}</arg>
<doc>Waits until the element ``locator`` is enabled.</doc>
<status status="PASS" starttime="20210830 17:50:47.684" endtime="20210830 17:50:47.705"/>
</kw>
<kw name="Input Text" library="Selenium2Library">
<arg>${fldEdit_addTerm}</arg>
<arg>${EditTermText}</arg>
<doc>Types the given ``text`` into the text field identified by ``locator``.</doc>
<msg timestamp="20210830 17:50:47.706" level="INFO">Typing text 'Term text edited' into text field 'xpath://body[1]/ul[1]/li[2]/section[2]/ul[1]/li[1]/div[2]/ul[2]/li[1]/textarea[1]'.</msg>
<status status="PASS" starttime="20210830 17:50:47.706" endtime="20210830 17:50:47.800"/>
</kw>
<kw name="Click Element" library="Selenium2Library">
<arg>${btn_EditTerm}</arg>
<doc>Click the element identified by ``locator``.</doc>
<msg timestamp="20210830 17:50:47.800" level="INFO">Clicking element 'xpath://button[contains(text(),'ADD TERM')]'.</msg>
<status status="PASS" starttime="20210830 17:50:47.800" endtime="20210830 17:50:47.861"/>
</kw>
<status status="PASS" starttime="20210830 17:50:45.682" endtime="20210830 17:50:47.861"/>
</kw>
<kw name="Edit New Customer Offer Name" library="res_camp_newCustomer">
<kw name="Wait Until Element Is Enabled" library="Selenium2Library">
<arg>${fld_offerName}</arg>
<arg>${delay}</arg>
<doc>Waits until the element ``locator`` is enabled.</doc>
<status status="PASS" starttime="20210830 17:50:47.861" endtime="20210830 17:50:47.878"/>
</kw>
<kw name="Input Text" library="Selenium2Library">
<arg>${fld_offerName}</arg>
<arg>${newCustomerName_edit}</arg>
<doc>Types the given ``text`` into the text field identified by ``locator``.</doc>
<msg timestamp="20210830 17:50:47.879" level="INFO">Typing text 'NewCustomerPromo_Edited' into text field 'id:promotionName'.</msg>
<status status="PASS" starttime="20210830 17:50:47.878" endtime="20210830 17:50:48.043"/>
</kw>
<status status="PASS" starttime="20210830 17:50:47.861" endtime="20210830 17:50:48.043"/>
</kw>
<kw name="Edit Offer Value" library="res_camp_newCustomer">
<kw name="Wait Until Element Is Enabled" library="Selenium2Library">
<arg>${fld_offerValue}</arg>
<arg>${delay}</arg>
<doc>Waits until the element ``locator`` is enabled.</doc>
<status status="PASS" starttime="20210830 17:50:48.043" endtime="20210830 17:50:48.059"/>
</kw>
<kw name="Input Text" library="Selenium2Library">
<arg>${fld_offerValue}</arg>
<arg>${offerValue_Edit}</arg>
<doc>Types the given ``text`` into the text field identified by ``locator``.</doc>
<msg timestamp="20210830 17:50:48.059" level="INFO">Typing text '1750000' into text field 'id:promotionValue'.</msg>
<status status="PASS" starttime="20210830 17:50:48.059" endtime="20210830 17:50:48.168"/>
</kw>
<status status="PASS" starttime="20210830 17:50:48.043" endtime="20210830 17:50:48.168"/>
</kw>
<kw name="Edit Minimum Spend" library="res_camp_newCustomer">
<kw name="Wait Until Element Is Enabled" library="Selenium2Library">
<arg>${fld_minSpend}</arg>
<arg>${delay}</arg>
<doc>Waits until the element ``locator`` is enabled.</doc>
<status status="PASS" starttime="20210830 17:50:48.168" endtime="20210830 17:50:48.184"/>
</kw>
<kw name="Input Text" library="Selenium2Library">
<arg>${fld_minSpend}</arg>
<arg>${minSpendEdit}</arg>
<doc>Types the given ``text`` into the text field identified by ``locator``.</doc>
<msg timestamp="20210830 17:50:48.184" level="INFO">Typing text '10000' into text field 'id:promotionMinimumSpending'.</msg>
<status status="PASS" starttime="20210830 17:50:48.184" endtime="20210830 17:50:48.283"/>
</kw>
<status status="PASS" starttime="20210830 17:50:48.168" endtime="20210830 17:50:48.283"/>
</kw>
<kw name="Click Save Edit" library="res_camp_newCustomer">
<kw name="Scroll Element Into View" library="Selenium2Library">
<arg>${btn_saveEdit}</arg>
<doc>Scrolls the element identified by ``locator`` into view.</doc>
<status status="PASS" starttime="20210830 17:50:48.283" endtime="20210830 17:50:48.563"/>
</kw>
<kw name="Sleep" library="BuiltIn">
<arg>2</arg>
<doc>Pauses the test executed for the given time.</doc>
<msg timestamp="20210830 17:50:50.566" level="INFO">Slept 2 seconds</msg>
<status status="PASS" starttime="20210830 17:50:48.564" endtime="20210830 17:50:50.567"/>
</kw>
<kw name="Wait Until Element Is Enabled" library="Selenium2Library">
<arg>${btn_saveEdit}</arg>
<arg>${delay}</arg>
<doc>Waits until the element ``locator`` is enabled.</doc>
<status status="PASS" starttime="20210830 17:50:50.568" endtime="20210830 17:50:50.601"/>
</kw>
<kw name="Click Element" library="Selenium2Library">
<arg>${btn_saveEdit}</arg>
<doc>Click the element identified by ``locator``.</doc>
<msg timestamp="20210830 17:50:50.602" level="INFO">Clicking element 'xpath://body[1]/ul[1]/li[2]/section[3]/ul[1]/li[2]/a[1]'.</msg>
<status status="PASS" starttime="20210830 17:50:50.602" endtime="20210830 17:50:50.811"/>
</kw>
<kw name="Sleep" library="BuiltIn">
<arg>5</arg>
<doc>Pauses the test executed for the given time.</doc>
<msg timestamp="20210830 17:50:55.812" level="INFO">Slept 5 seconds</msg>
<status status="PASS" starttime="20210830 17:50:50.811" endtime="20210830 17:50:55.813"/>
</kw>
<status status="PASS" starttime="20210830 17:50:48.283" endtime="20210830 17:50:55.814"/>
</kw>
<kw name="Success Edit Message is displayed" library="res_camp_newCustomer">
<kw name="Wait Until Page Contains" library="Selenium2Library">
<arg>${sucEditMsg}</arg>
<arg>${delay}</arg>
<doc>Waits until ``text`` appears on the current page.</doc>
<status status="PASS" starttime="20210830 17:50:55.817" endtime="20210830 17:50:55.841"/>
</kw>
<kw name="Page Should Contain" library="Selenium2Library">
<arg>${sucEditMsg}</arg>
<doc>Verifies that current page contains ``text``.</doc>
<msg timestamp="20210830 17:50:55.853" level="INFO">Current page contains text 'Your Campaign has been updated and will be visible by your customers at the appointed time.'.</msg>
<status status="PASS" starttime="20210830 17:50:55.841" endtime="20210830 17:50:55.853"/>
</kw>
<kw name="Click Element" library="Selenium2Library">
<arg>${btn_closeEdit}</arg>
<doc>Click the element identified by ``locator``.</doc>
<msg timestamp="20210830 17:50:55.855" level="INFO">Clicking element 'xpath://body/div[3]/div[2]/ul[1]/li[1]/button[1]'.</msg>
<status status="PASS" starttime="20210830 17:50:55.855" endtime="20210830 17:50:56.229"/>
</kw>
<kw name="Sleep" library="BuiltIn">
<arg>2</arg>
<doc>Pauses the test executed for the given time.</doc>
<msg timestamp="20210830 17:50:58.232" level="INFO">Slept 2 seconds</msg>
<status status="PASS" starttime="20210830 17:50:56.229" endtime="20210830 17:50:58.232"/>
</kw>
<status status="PASS" starttime="20210830 17:50:55.815" endtime="20210830 17:50:58.233"/>
</kw>
<status status="PASS" starttime="20210830 17:50:42.741" endtime="20210830 17:50:58.233"/>
</kw>
<status status="PASS" starttime="20210830 17:50:42.739" endtime="20210830 17:50:58.234"/>
</test>
<kw name="Close Browser" library="Selenium2Library" type="TEARDOWN">
<doc>Closes the current browser.</doc>
<status status="PASS" starttime="20210830 17:50:58.237" endtime="20210830 17:50:58.376"/>
</kw>
<doc>Verify create New Customer Offer is successfully</doc>
<status status="PASS" starttime="20210830 17:49:52.992" endtime="20210830 17:50:58.376"/>
</suite>
<statistics>
<total>
<stat pass="3" fail="0" skip="0">All Tests</stat>
</total>
<tag>
</tag>
<suite>
<stat pass="3" fail="0" skip="0" id="s1" name="newCust cashVouc">newCust cashVouc</stat>
</suite>
</statistics>
<errors>
</errors>
</robot>
