<?xml version="1.0" encoding="UTF-8"?>
<robot generator="Robot 4.1 (Python 3.9.6 on darwin)" generated="20210820 17:00:52.634" rpa="false" schemaversion="2">
<suite id="s1" name="upgradePro" source="/Users/machruk/PycharmProjects/Spurr_Web/UpgradePro/upgradePro.robot">
<kw name="Open GoSpurr.com" library="res_Signup" type="SETUP">
<kw name="Open Browser" library="Selenium2Library">
<arg>${url}</arg>
<arg>${browser}</arg>
<doc>Opens a new browser instance to the optional ``url``.</doc>
<msg timestamp="20210820 17:00:52.851" level="INFO">Opening browser 'chrome' to base url 'https://app-dev-v2.gospurr.com/'.</msg>
<status status="PASS" starttime="20210820 17:00:52.851" endtime="20210820 17:01:09.731"/>
</kw>
<kw name="Maximize Browser Window" library="Selenium2Library">
<doc>Maximizes current browser window.</doc>
<status status="PASS" starttime="20210820 17:01:09.732" endtime="20210820 17:01:09.868"/>
</kw>
<kw name="Wait Until Element Is Enabled" library="Selenium2Library">
<arg>${btn_Signup}</arg>
<arg>${delay}</arg>
<doc>Waits until the element ``locator`` is enabled.</doc>
<status status="PASS" starttime="20210820 17:01:09.869" endtime="20210820 17:01:09.924"/>
</kw>
<kw name="Valid Login with New Password" library="res_Signup">
<kw name="Input New Username" library="res_Signup">
<kw name="Wait Until Element Is Enabled" library="Selenium2Library">
<arg>${field_Usrname}</arg>
<arg>${delay}</arg>
<doc>Waits until the element ``locator`` is enabled.</doc>
<status status="PASS" starttime="20210820 17:01:09.924" endtime="20210820 17:01:09.943"/>
</kw>
<kw name="Input Text" library="Selenium2Library">
<arg>${field_Usrname}</arg>
<arg>${valid_Email}</arg>
<doc>Types the given ``text`` into the text field identified by ``locator``.</doc>
<msg timestamp="20210820 17:01:09.944" level="INFO">Typing text 'machruk@gospurr.com' into text field 'id:email'.</msg>
<status status="PASS" starttime="20210820 17:01:09.943" endtime="20210820 17:01:10.250"/>
</kw>
<status status="PASS" starttime="20210820 17:01:09.924" endtime="20210820 17:01:10.250"/>
</kw>
<kw name="New Password" library="res_Signup">
<kw name="Input Text" library="Selenium2Library">
<arg>${field_Pwd}</arg>
<arg>${newPwd}</arg>
<doc>Types the given ``text`` into the text field identified by ``locator``.</doc>
<msg timestamp="20210820 17:01:10.251" level="INFO">Typing text 'Qwerty' into text field 'id:password'.</msg>
<status status="PASS" starttime="20210820 17:01:10.250" endtime="20210820 17:01:10.356"/>
</kw>
<status status="PASS" starttime="20210820 17:01:10.250" endtime="20210820 17:01:10.356"/>
</kw>
<kw name="Click Login button" library="res_Signup">
<kw name="Click Element" library="Selenium2Library">
<arg>${btn_Signin}</arg>
<doc>Click the element identified by ``locator``.</doc>
<msg timestamp="20210820 17:01:10.357" level="INFO">Clicking element 'id:label-button'.</msg>
<status status="PASS" starttime="20210820 17:01:10.356" endtime="20210820 17:01:10.769"/>
</kw>
<status status="PASS" starttime="20210820 17:01:10.356" endtime="20210820 17:01:10.769"/>
</kw>
<kw name="Verify Login is successfully" library="res_Signup">
<kw name="Wait Until Element Is Enabled" library="Selenium2Library">
<arg>${menu_Dshbrd}</arg>
<arg>${delay}</arg>
<doc>Waits until the element ``locator`` is enabled.</doc>
<status status="PASS" starttime="20210820 17:01:10.769" endtime="20210820 17:01:19.906"/>
</kw>
<kw name="Page Should Contain Element" library="Selenium2Library">
<arg>${menu_Dshbrd}</arg>
<doc>Verifies that element ``locator`` is found on the current page.</doc>
<msg timestamp="20210820 17:01:19.915" level="INFO">Current page contains element 'xpath://a[contains(text(),'Dashboard')]'.</msg>
<status status="PASS" starttime="20210820 17:01:19.906" endtime="20210820 17:01:19.915"/>
</kw>
<status status="PASS" starttime="20210820 17:01:10.769" endtime="20210820 17:01:19.915"/>
</kw>
<status status="PASS" starttime="20210820 17:01:09.924" endtime="20210820 17:01:19.915"/>
</kw>
<kw name="Waiting to Load" library="res_Signup">
<kw name="Sleep" library="BuiltIn">
<arg>5</arg>
<doc>Pauses the test executed for the given time.</doc>
<msg timestamp="20210820 17:01:24.919" level="INFO">Slept 5 seconds</msg>
<status status="PASS" starttime="20210820 17:01:19.915" endtime="20210820 17:01:24.920"/>
</kw>
<status status="PASS" starttime="20210820 17:01:19.915" endtime="20210820 17:01:24.921"/>
</kw>
<status status="PASS" starttime="20210820 17:00:52.851" endtime="20210820 17:01:24.921"/>
</kw>
<test id="s1-t1" name="Verify Upgrade to pro is successfully (Annual)">
<kw name="Click Profile Menu" library="res_Signup">
<kw name="Wait Until Element Is Enabled" library="Selenium2Library">
<arg>${profileMenu}</arg>
<arg>${delay}</arg>
<doc>Waits until the element ``locator`` is enabled.</doc>
<status status="PASS" starttime="20210820 17:01:24.926" endtime="20210820 17:01:24.969"/>
</kw>
<kw name="Click Element" library="Selenium2Library">
<arg>${profileMenu}</arg>
<doc>Click the element identified by ``locator``.</doc>
<msg timestamp="20210820 17:01:24.969" level="INFO">Clicking element 'xpath://header/ul[1]/li[3]/a[1]/span[1]/img[1]'.</msg>
<status status="PASS" starttime="20210820 17:01:24.969" endtime="20210820 17:01:25.294"/>
</kw>
<status status="PASS" starttime="20210820 17:01:24.925" endtime="20210820 17:01:25.295"/>
</kw>
<kw name="Click Account Menu" library="res_Signup">
<kw name="Wait Until Element Is Enabled" library="Selenium2Library">
<arg>${menu_account}</arg>
<arg>${delay}</arg>
<doc>Waits until the element ``locator`` is enabled.</doc>
<status status="PASS" starttime="20210820 17:01:25.295" endtime="20210820 17:01:25.312"/>
</kw>
<kw name="Click Element" library="Selenium2Library">
<arg>${menu_account}</arg>
<doc>Click the element identified by ``locator``.</doc>
<msg timestamp="20210820 17:01:25.312" level="INFO">Clicking element 'xpath://a[contains(text(),'Account')]'.</msg>
<status status="PASS" starttime="20210820 17:01:25.312" endtime="20210820 17:01:26.603"/>
</kw>
<status status="PASS" starttime="20210820 17:01:25.295" endtime="20210820 17:01:26.604"/>
</kw>
<kw name="Sleep" library="BuiltIn">
<arg>3</arg>
<doc>Pauses the test executed for the given time.</doc>
<msg timestamp="20210820 17:01:29.606" level="INFO">Slept 3 seconds</msg>
<status status="PASS" starttime="20210820 17:01:26.604" endtime="20210820 17:01:29.607"/>
</kw>
<kw name="Click Upgrade" library="res_UpgradePro">
<kw name="Wait Until Element Is Enabled" library="Selenium2Library">
<arg>${btn_upgradePro}</arg>
<arg>${delay}</arg>
<doc>Waits until the element ``locator`` is enabled.</doc>
<status status="PASS" starttime="20210820 17:01:29.610" endtime="20210820 17:01:29.651"/>
</kw>
<kw name="Click Element" library="Selenium2Library">
<arg>${btn_upgradePro}</arg>
<doc>Click the element identified by ``locator``.</doc>
<msg timestamp="20210820 17:01:29.652" level="INFO">Clicking element 'id:action-Premium'.</msg>
<kw name="Capture Page Screenshot" library="Selenium2Library">
<doc>Takes a screenshot of the current page and embeds it into a log file.</doc>
<msg timestamp="20210820 17:01:31.070" level="INFO" html="true">&lt;/td&gt;&lt;/tr&gt;&lt;tr&gt;&lt;td colspan="3"&gt;&lt;a href="selenium-screenshot-4.png"&gt;&lt;img src="selenium-screenshot-4.png" width="800px"&gt;&lt;/a&gt;</msg>
<status status="PASS" starttime="20210820 17:01:30.744" endtime="20210820 17:01:31.070"/>
</kw>
<msg timestamp="20210820 17:01:31.075" level="FAIL">ElementClickInterceptedException: Message: element click intercepted: Element &lt;a id="action-Premium" href="/subscription?plan=Premium&amp;amp;meta=eyJwcmljZU1vbnRobHkiOjI0MDAwMCwicHJpY2VTdHJpcGVDb2RlIjoicHJpY2VfMUlYS3kwRHg0SnkzZVE5cmlDT3hQb2hUIiwicHJpY2VTdHJpcGVDb2RlQW51YWwiOiJwcmljZV8xSVhMRUFEeDRKeTNlUTlyc3dTdXJyalEiLCJwcmljZVllYXJseSI6MjIwMDAwMCwic3RyaXBlUGxhbklkIjoicHJvZF9KOWVHNzRyNkhkam14aiIsInR5cGVBY3RpdmUiOiJZIiwidHlwZUlkIjoiOTBmMjI1NTctMWM4Yi00ZDNkLWI2NDAtMDE1YWY1YTlhMDZhIiwidHlwZU5hbWUiOiJQcmVtaXVtIn0=" class="btn btn-green" disabled="disabled"&gt;...&lt;/a&gt; is not clickable at point (1169, 734). Other element would receive the click: &lt;div&gt;...&lt;/div&gt;
  (Session info: chrome=92.0.4515.159)
</msg>
<status status="FAIL" starttime="20210820 17:01:29.651" endtime="20210820 17:01:31.075"/>
</kw>
<kw name="Sleep" library="BuiltIn">
<arg>3</arg>
<doc>Pauses the test executed for the given time.</doc>
<status status="NOT RUN" starttime="20210820 17:01:31.076" endtime="20210820 17:01:31.076"/>
</kw>
<status status="FAIL" starttime="20210820 17:01:29.608" endtime="20210820 17:01:31.076"/>
</kw>
<kw name="Sleep" library="BuiltIn">
<arg>3</arg>
<doc>Pauses the test executed for the given time.</doc>
<status status="NOT RUN" starttime="20210820 17:01:31.076" endtime="20210820 17:01:31.076"/>
</kw>
<kw name="Select Annual Charges" library="res_UpgradePro">
<status status="NOT RUN" starttime="20210820 17:01:31.076" endtime="20210820 17:01:31.076"/>
</kw>
<kw name="Input Card Number" library="res_UpgradePro">
<status status="NOT RUN" starttime="20210820 17:01:31.076" endtime="20210820 17:01:31.076"/>
</kw>
<kw name="Input Firstname Billing" library="res_UpgradePro">
<status status="NOT RUN" starttime="20210820 17:01:31.077" endtime="20210820 17:01:31.077"/>
</kw>
<kw name="Input Lastname Billing" library="res_UpgradePro">
<status status="NOT RUN" starttime="20210820 17:01:31.077" endtime="20210820 17:01:31.077"/>
</kw>
<kw name="Input Address Line 1" library="res_UpgradePro">
<status status="NOT RUN" starttime="20210820 17:01:31.077" endtime="20210820 17:01:31.077"/>
</kw>
<kw name="Input Address Line 2" library="res_UpgradePro">
<status status="NOT RUN" starttime="20210820 17:01:31.077" endtime="20210820 17:01:31.077"/>
</kw>
<kw name="Input Postcode" library="res_UpgradePro">
<status status="NOT RUN" starttime="20210820 17:01:31.077" endtime="20210820 17:01:31.077"/>
</kw>
<kw name="Input City" library="res_UpgradePro">
<status status="NOT RUN" starttime="20210820 17:01:31.077" endtime="20210820 17:01:31.077"/>
</kw>
<kw name="Input State/Territory" library="res_UpgradePro">
<status status="NOT RUN" starttime="20210820 17:01:31.077" endtime="20210820 17:01:31.077"/>
</kw>
<kw name="Input Country" library="res_UpgradePro">
<status status="NOT RUN" starttime="20210820 17:01:31.077" endtime="20210820 17:01:31.077"/>
</kw>
<kw name="Click Update Plan" library="res_UpgradePro">
<status status="NOT RUN" starttime="20210820 17:01:31.077" endtime="20210820 17:01:31.077"/>
</kw>
<status status="FAIL" starttime="20210820 17:01:24.922" endtime="20210820 17:01:31.077">ElementClickInterceptedException: Message: element click intercepted: Element &lt;a id="action-Premium" href="/subscription?plan=Premium&amp;amp;meta=eyJwcmljZU1vbnRobHkiOjI0MDAwMCwicHJpY2VTdHJpcGVDb2RlIjoicHJpY2VfMUlYS3kwRHg0SnkzZVE5cmlDT3hQb2hUIiwicHJpY2VTdHJpcGVDb2RlQW51YWwiOiJwcmljZV8xSVhMRUFEeDRKeTNlUTlyc3dTdXJyalEiLCJwcmljZVllYXJseSI6MjIwMDAwMCwic3RyaXBlUGxhbklkIjoicHJvZF9KOWVHNzRyNkhkam14aiIsInR5cGVBY3RpdmUiOiJZIiwidHlwZUlkIjoiOTBmMjI1NTctMWM4Yi00ZDNkLWI2NDAtMDE1YWY1YTlhMDZhIiwidHlwZU5hbWUiOiJQcmVtaXVtIn0=" class="btn btn-green" disabled="disabled"&gt;...&lt;/a&gt; is not clickable at point (1169, 734). Other element would receive the click: &lt;div&gt;...&lt;/div&gt;
  (Session info: chrome=92.0.4515.159)
</status>
</test>
<doc>Verify Upgrade to pro is successfully</doc>
<status status="FAIL" starttime="20210820 17:00:52.635" endtime="20210820 17:01:31.078"/>
</suite>
<statistics>
<total>
<stat pass="0" fail="1" skip="0">All Tests</stat>
</total>
<tag>
</tag>
<suite>
<stat pass="0" fail="1" skip="0" id="s1" name="upgradePro">upgradePro</stat>
</suite>
</statistics>
<errors>
</errors>
</robot>
