<?xml version="1.0" encoding="UTF-8"?>
<robot generator="Robot 4.1 (Python 3.9.6 on darwin)" generated="20210831 17:17:50.686" rpa="false" schemaversion="2">
<suite id="s1" name="newCust freeGift" source="/Users/machruk/PycharmProjects/Spurr_Web/Campaign/01.newCustomerOffer/FreeGift/newCust_freeGift.robot">
<kw name="Connect To Database" library="DatabaseLibrary" type="SETUP">
<arg>pymysql</arg>
<arg>${DBName}</arg>
<arg>${DBUser}</arg>
<arg>${DBPass}</arg>
<arg>${DBHost}</arg>
<arg>${DBPort}</arg>
<doc>Loads the DB API 2.0 module given `dbapiModuleName` then uses it to
connect to the database using `dbName`, `dbUsername`, and `dbPassword`.</doc>
<msg timestamp="20210831 17:17:50.844" level="INFO">Connecting using : pymysql.connect(db=cvm_v2, user=qa, passwd=DWkg8yNJjZMYFwgd, host=34.68.209.108, port=3306, charset=None) </msg>
<status status="PASS" starttime="20210831 17:17:50.836" endtime="20210831 17:17:52.044"/>
</kw>
<test id="s1-t1" name="Verify edit New Customer Offer (Free Gift) is successfully">
<kw name="Edit New Customer Campaign">
<kw name="Go to Outlet menu" library="res_camp_newCustomer">
<kw name="Open GoSpurr.com" library="res_Signup">
<kw name="Open Browser" library="Selenium2Library">
<arg>${url}</arg>
<arg>${browser}</arg>
<doc>Opens a new browser instance to the optional ``url``.</doc>
<msg timestamp="20210831 17:17:52.053" level="INFO">Opening browser 'chrome' to base url 'https://app-dev-v2.gospurr.com/'.</msg>
<status status="PASS" starttime="20210831 17:17:52.052" endtime="20210831 17:17:58.390"/>
</kw>
<kw name="Maximize Browser Window" library="Selenium2Library">
<doc>Maximizes current browser window.</doc>
<status status="PASS" starttime="20210831 17:17:58.390" endtime="20210831 17:17:58.531"/>
</kw>
<kw name="Wait Until Element Is Enabled" library="Selenium2Library">
<arg>${btn_Signup}</arg>
<arg>${delay}</arg>
<doc>Waits until the element ``locator`` is enabled.</doc>
<status status="PASS" starttime="20210831 17:17:58.532" endtime="20210831 17:17:58.599"/>
</kw>
<kw name="Valid Login with New Password" library="res_Signup">
<kw name="Input New Username" library="res_Signup">
<kw name="Wait Until Element Is Enabled" library="Selenium2Library">
<arg>${field_Usrname}</arg>
<arg>${delay}</arg>
<doc>Waits until the element ``locator`` is enabled.</doc>
<status status="PASS" starttime="20210831 17:17:58.599" endtime="20210831 17:17:58.617"/>
</kw>
<kw name="Input Text" library="Selenium2Library">
<arg>${field_Usrname}</arg>
<arg>${valid_Email}</arg>
<doc>Types the given ``text`` into the text field identified by ``locator``.</doc>
<msg timestamp="20210831 17:17:58.618" level="INFO">Typing text 'machruk@gospurr.com' into text field 'id:email'.</msg>
<status status="PASS" starttime="20210831 17:17:58.618" endtime="20210831 17:17:59.042"/>
</kw>
<status status="PASS" starttime="20210831 17:17:58.599" endtime="20210831 17:17:59.042"/>
</kw>
<kw name="New Password" library="res_Signup">
<kw name="Input Text" library="Selenium2Library">
<arg>${field_Pwd}</arg>
<arg>${newPwd}</arg>
<doc>Types the given ``text`` into the text field identified by ``locator``.</doc>
<msg timestamp="20210831 17:17:59.043" level="INFO">Typing text 'Qwerty' into text field 'id:password'.</msg>
<status status="PASS" starttime="20210831 17:17:59.043" endtime="20210831 17:17:59.145"/>
</kw>
<status status="PASS" starttime="20210831 17:17:59.043" endtime="20210831 17:17:59.146"/>
</kw>
<kw name="Click Login button" library="res_Signup">
<kw name="Click Element" library="Selenium2Library">
<arg>${btn_Signin}</arg>
<doc>Click the element identified by ``locator``.</doc>
<msg timestamp="20210831 17:17:59.146" level="INFO">Clicking element 'id:label-button'.</msg>
<status status="PASS" starttime="20210831 17:17:59.146" endtime="20210831 17:17:59.553"/>
</kw>
<status status="PASS" starttime="20210831 17:17:59.146" endtime="20210831 17:17:59.554"/>
</kw>
<kw name="Verify Login is successfully" library="res_Signup">
<kw name="Wait Until Element Is Enabled" library="Selenium2Library">
<arg>${menu_Dshbrd}</arg>
<arg>${delay}</arg>
<doc>Waits until the element ``locator`` is enabled.</doc>
<status status="PASS" starttime="20210831 17:17:59.554" endtime="20210831 17:18:02.298"/>
</kw>
<kw name="Page Should Contain Element" library="Selenium2Library">
<arg>${menu_Dshbrd}</arg>
<doc>Verifies that element ``locator`` is found on the current page.</doc>
<msg timestamp="20210831 17:18:02.302" level="INFO">Current page contains element 'xpath://a[contains(text(),'Dashboard')]'.</msg>
<status status="PASS" starttime="20210831 17:18:02.298" endtime="20210831 17:18:02.302"/>
</kw>
<status status="PASS" starttime="20210831 17:17:59.554" endtime="20210831 17:18:02.302"/>
</kw>
<status status="PASS" starttime="20210831 17:17:58.599" endtime="20210831 17:18:02.302"/>
</kw>
<kw name="Waiting to Load" library="res_Signup">
<kw name="Sleep" library="BuiltIn">
<arg>5</arg>
<doc>Pauses the test executed for the given time.</doc>
<msg timestamp="20210831 17:18:07.304" level="INFO">Slept 5 seconds</msg>
<status status="PASS" starttime="20210831 17:18:02.303" endtime="20210831 17:18:07.304"/>
</kw>
<status status="PASS" starttime="20210831 17:18:02.302" endtime="20210831 17:18:07.305"/>
</kw>
<status status="PASS" starttime="20210831 17:17:52.051" endtime="20210831 17:18:07.305"/>
</kw>
<kw name="Wait Until Element Is Enabled" library="Selenium2Library">
<arg>${menu_campaign}</arg>
<arg>${delay}</arg>
<doc>Waits until the element ``locator`` is enabled.</doc>
<status status="PASS" starttime="20210831 17:18:07.305" endtime="20210831 17:18:07.353"/>
</kw>
<kw name="Click Element" library="Selenium2Library">
<arg>${menu_campaign}</arg>
<doc>Click the element identified by ``locator``.</doc>
<msg timestamp="20210831 17:18:07.354" level="INFO">Clicking element 'xpath://body[1]/ul[1]/li[1]/ul[1]/li[3]/a[1]'.</msg>
<status status="PASS" starttime="20210831 17:18:07.354" endtime="20210831 17:18:07.918"/>
</kw>
<kw name="Wait Until Page Contains Element" library="Selenium2Library">
<arg>${btn_crtCampaign}</arg>
<arg>${delay}</arg>
<doc>Waits until the element ``locator`` appears on the current page.</doc>
<status status="PASS" starttime="20210831 17:18:07.919" endtime="20210831 17:18:07.927"/>
</kw>
<kw name="Waiting to Load" library="res_Signup">
<kw name="Sleep" library="BuiltIn">
<arg>5</arg>
<doc>Pauses the test executed for the given time.</doc>
<msg timestamp="20210831 17:18:12.929" level="INFO">Slept 5 seconds</msg>
<status status="PASS" starttime="20210831 17:18:07.928" endtime="20210831 17:18:12.930"/>
</kw>
<status status="PASS" starttime="20210831 17:18:07.927" endtime="20210831 17:18:12.931"/>
</kw>
<status status="PASS" starttime="20210831 17:17:52.050" endtime="20210831 17:18:12.931"/>
</kw>
<kw name="Click Edit Campaign" library="res_camp_newCustomer">
<kw name="Sleep" library="BuiltIn">
<arg>2</arg>
<doc>Pauses the test executed for the given time.</doc>
<msg timestamp="20210831 17:18:14.935" level="INFO">Slept 2 seconds</msg>
<status status="PASS" starttime="20210831 17:18:12.933" endtime="20210831 17:18:14.936"/>
</kw>
<kw name="Wait Until Element Is Enabled" library="Selenium2Library">
<arg>${btn_editCampaign}</arg>
<arg>${delay}</arg>
<doc>Waits until the element ``locator`` is enabled.</doc>
<status status="PASS" starttime="20210831 17:18:14.937" endtime="20210831 17:18:14.983"/>
</kw>
<kw name="Click Element" library="Selenium2Library">
<arg>${btn_editCampaign}</arg>
<doc>Click the element identified by ``locator``.</doc>
<msg timestamp="20210831 17:18:14.983" level="INFO">Clicking element 'xpath://a[contains(text(),'EDIT CAMPAIGN')]'.</msg>
<status status="PASS" starttime="20210831 17:18:14.983" endtime="20210831 17:18:15.637"/>
</kw>
<status status="PASS" starttime="20210831 17:18:12.932" endtime="20210831 17:18:15.638"/>
</kw>
<kw name="Add Term &amp; Condition" library="res_camp_newCustomer">
<kw name="Sleep" library="BuiltIn">
<arg>2</arg>
<doc>Pauses the test executed for the given time.</doc>
<msg timestamp="20210831 17:18:17.639" level="INFO">Slept 2 seconds</msg>
<status status="PASS" starttime="20210831 17:18:15.638" endtime="20210831 17:18:17.639"/>
</kw>
<kw name="Wait Until Element Is Enabled" library="Selenium2Library">
<arg>${fldEdit_addTerm}</arg>
<arg>${delay}</arg>
<doc>Waits until the element ``locator`` is enabled.</doc>
<status status="PASS" starttime="20210831 17:18:17.640" endtime="20210831 17:18:18.544"/>
</kw>
<kw name="Input Text" library="Selenium2Library">
<arg>${fldEdit_addTerm}</arg>
<arg>${EditTermText}</arg>
<doc>Types the given ``text`` into the text field identified by ``locator``.</doc>
<msg timestamp="20210831 17:18:18.544" level="INFO">Typing text 'Term text edited' into text field 'xpath://body[1]/ul[1]/li[2]/section[2]/ul[1]/li[1]/div[2]/ul[2]/li[1]/textarea[1]'.</msg>
<status status="PASS" starttime="20210831 17:18:18.544" endtime="20210831 17:18:18.774"/>
</kw>
<kw name="Click Element" library="Selenium2Library">
<arg>${btn_EditTerm}</arg>
<doc>Click the element identified by ``locator``.</doc>
<msg timestamp="20210831 17:18:18.774" level="INFO">Clicking element 'xpath://button[contains(text(),'ADD TERM')]'.</msg>
<status status="PASS" starttime="20210831 17:18:18.774" endtime="20210831 17:18:19.508"/>
</kw>
<status status="PASS" starttime="20210831 17:18:15.638" endtime="20210831 17:18:19.508"/>
</kw>
<kw name="Edit New Customer Offer Name" library="res_camp_newCustomer">
<kw name="Wait Until Element Is Enabled" library="Selenium2Library">
<arg>${fld_offerName}</arg>
<arg>${delay}</arg>
<doc>Waits until the element ``locator`` is enabled.</doc>
<status status="PASS" starttime="20210831 17:18:19.508" endtime="20210831 17:18:19.527"/>
</kw>
<kw name="Input Text" library="Selenium2Library">
<arg>${fld_offerName}</arg>
<arg>${newCustomerName_edit}</arg>
<doc>Types the given ``text`` into the text field identified by ``locator``.</doc>
<msg timestamp="20210831 17:18:19.527" level="INFO">Typing text 'NewCustomerPromo_Edited' into text field 'id:promotionName'.</msg>
<status status="PASS" starttime="20210831 17:18:19.527" endtime="20210831 17:18:19.751"/>
</kw>
<status status="PASS" starttime="20210831 17:18:19.508" endtime="20210831 17:18:19.751"/>
</kw>
<kw name="Edit Offer Value" library="res_camp_newCustomer">
<kw name="Wait Until Element Is Enabled" library="Selenium2Library">
<arg>${fld_offerValue}</arg>
<arg>${delay}</arg>
<doc>Waits until the element ``locator`` is enabled.</doc>
<status status="PASS" starttime="20210831 17:18:19.752" endtime="20210831 17:18:19.767"/>
</kw>
<kw name="Input Text" library="Selenium2Library">
<arg>${fld_offerValue}</arg>
<arg>${offerValue_Edit}</arg>
<doc>Types the given ``text`` into the text field identified by ``locator``.</doc>
<msg timestamp="20210831 17:18:19.768" level="INFO">Typing text '1750000' into text field 'id:promotionValue'.</msg>
<status status="PASS" starttime="20210831 17:18:19.767" endtime="20210831 17:18:19.875"/>
</kw>
<status status="PASS" starttime="20210831 17:18:19.751" endtime="20210831 17:18:19.875"/>
</kw>
<kw name="Edit Minimum Spend" library="res_camp_newCustomer">
<kw name="Wait Until Element Is Enabled" library="Selenium2Library">
<arg>${fld_minSpend}</arg>
<arg>${delay}</arg>
<doc>Waits until the element ``locator`` is enabled.</doc>
<status status="PASS" starttime="20210831 17:18:19.876" endtime="20210831 17:18:19.891"/>
</kw>
<kw name="Input Text" library="Selenium2Library">
<arg>${fld_minSpend}</arg>
<arg>${minSpendEdit}</arg>
<doc>Types the given ``text`` into the text field identified by ``locator``.</doc>
<msg timestamp="20210831 17:18:19.892" level="INFO">Typing text '10000' into text field 'id:promotionMinimumSpending'.</msg>
<status status="PASS" starttime="20210831 17:18:19.891" endtime="20210831 17:18:19.996"/>
</kw>
<status status="PASS" starttime="20210831 17:18:19.875" endtime="20210831 17:18:19.996"/>
</kw>
<kw name="Click Save Edit" library="res_camp_newCustomer">
<kw name="Scroll Element Into View" library="Selenium2Library">
<arg>${btn_saveEdit}</arg>
<doc>Scrolls the element identified by ``locator`` into view.</doc>
<status status="PASS" starttime="20210831 17:18:19.996" endtime="20210831 17:18:20.285"/>
</kw>
<kw name="Sleep" library="BuiltIn">
<arg>2</arg>
<doc>Pauses the test executed for the given time.</doc>
<msg timestamp="20210831 17:18:22.287" level="INFO">Slept 2 seconds</msg>
<status status="PASS" starttime="20210831 17:18:20.285" endtime="20210831 17:18:22.287"/>
</kw>
<kw name="Wait Until Element Is Enabled" library="Selenium2Library">
<arg>${btn_saveEdit}</arg>
<arg>${delay}</arg>
<doc>Waits until the element ``locator`` is enabled.</doc>
<status status="PASS" starttime="20210831 17:18:22.288" endtime="20210831 17:18:22.332"/>
</kw>
<kw name="Click Element" library="Selenium2Library">
<arg>${btn_saveEdit}</arg>
<doc>Click the element identified by ``locator``.</doc>
<msg timestamp="20210831 17:18:22.332" level="INFO">Clicking element 'xpath://body[1]/ul[1]/li[2]/section[3]/ul[1]/li[2]/a[1]'.</msg>
<status status="PASS" starttime="20210831 17:18:22.332" endtime="20210831 17:18:22.787"/>
</kw>
<kw name="Sleep" library="BuiltIn">
<arg>5</arg>
<doc>Pauses the test executed for the given time.</doc>
<msg timestamp="20210831 17:18:27.788" level="INFO">Slept 5 seconds</msg>
<status status="PASS" starttime="20210831 17:18:22.787" endtime="20210831 17:18:27.788"/>
</kw>
<status status="PASS" starttime="20210831 17:18:19.996" endtime="20210831 17:18:27.789"/>
</kw>
<kw name="Success Edit Message is displayed" library="res_camp_newCustomer">
<kw name="Wait Until Page Contains" library="Selenium2Library">
<arg>${sucEditMsg}</arg>
<arg>${delay}</arg>
<doc>Waits until ``text`` appears on the current page.</doc>
<status status="PASS" starttime="20210831 17:18:27.791" endtime="20210831 17:18:27.828"/>
</kw>
<kw name="Page Should Contain" library="Selenium2Library">
<arg>${sucEditMsg}</arg>
<doc>Verifies that current page contains ``text``.</doc>
<msg timestamp="20210831 17:18:27.839" level="INFO">Current page contains text 'Your Campaign has been updated and will be visible by your customers at the appointed time.'.</msg>
<status status="PASS" starttime="20210831 17:18:27.828" endtime="20210831 17:18:27.839"/>
</kw>
<kw name="Click Element" library="Selenium2Library">
<arg>${btn_closeEdit}</arg>
<doc>Click the element identified by ``locator``.</doc>
<msg timestamp="20210831 17:18:27.840" level="INFO">Clicking element 'xpath://body/div[3]/div[2]/ul[1]/li[1]/button[1]'.</msg>
<status status="PASS" starttime="20210831 17:18:27.839" endtime="20210831 17:18:28.312"/>
</kw>
<kw name="Sleep" library="BuiltIn">
<arg>2</arg>
<doc>Pauses the test executed for the given time.</doc>
<msg timestamp="20210831 17:18:30.315" level="INFO">Slept 2 seconds</msg>
<status status="PASS" starttime="20210831 17:18:28.312" endtime="20210831 17:18:30.316"/>
</kw>
<status status="PASS" starttime="20210831 17:18:27.790" endtime="20210831 17:18:30.317"/>
</kw>
<status status="PASS" starttime="20210831 17:17:52.049" endtime="20210831 17:18:30.317"/>
</kw>
<status status="PASS" starttime="20210831 17:17:52.045" endtime="20210831 17:18:30.319"/>
</test>
<doc>Verify create New Customer Offer is successfully</doc>
<status status="PASS" starttime="20210831 17:17:50.687" endtime="20210831 17:18:30.325"/>
</suite>
<statistics>
<total>
<stat pass="1" fail="0" skip="0">All Tests</stat>
</total>
<tag>
</tag>
<suite>
<stat pass="1" fail="0" skip="0" id="s1" name="newCust freeGift">newCust freeGift</stat>
</suite>
</statistics>
<errors>
</errors>
</robot>
