<?xml version="1.0" encoding="UTF-8"?>
<robot generator="Robot 4.1 (Python 3.9.6 on darwin)" generated="20210831 15:44:54.826" rpa="false" schemaversion="2">
<suite id="s1" name="Account" source="/Users/machruk/PycharmProjects/Spurr_Web/Account/account.robot">
<kw name="Connect To Database" library="DatabaseLibrary" type="SETUP">
<arg>pymysql</arg>
<arg>${DBName}</arg>
<arg>${DBUser}</arg>
<arg>${DBPass}</arg>
<arg>${DBHost}</arg>
<arg>${DBPort}</arg>
<doc>Loads the DB API 2.0 module given `dbapiModuleName` then uses it to
connect to the database using `dbName`, `dbUsername`, and `dbPassword`.</doc>
<msg timestamp="20210831 15:44:55.009" level="INFO">Connecting using : pymysql.connect(db=cvm_v2, user=qa, passwd=DWkg8yNJjZMYFwgd, host=34.68.209.108, port=3306, charset=None) </msg>
<status status="PASS" starttime="20210831 15:44:54.994" endtime="20210831 15:44:55.880"/>
</kw>
<test id="s1-t1" name="Verify the features On Account Details are working properly">
<kw name="Go to Account Details">
<kw name="Open Browser" library="Selenium2Library">
<arg>${url}</arg>
<arg>${browser}</arg>
<doc>Opens a new browser instance to the optional ``url``.</doc>
<msg timestamp="20210831 15:44:55.888" level="INFO">Opening browser 'chrome' to base url 'https://app-dev-v2.gospurr.com/'.</msg>
<status status="PASS" starttime="20210831 15:44:55.886" endtime="20210831 15:45:02.018"/>
</kw>
<kw name="Maximize Browser Window" library="Selenium2Library">
<doc>Maximizes current browser window.</doc>
<status status="PASS" starttime="20210831 15:45:02.018" endtime="20210831 15:45:02.158"/>
</kw>
<kw name="Wait Until Element Is Enabled" library="Selenium2Library">
<arg>${btn_Signup}</arg>
<arg>${delay}</arg>
<doc>Waits until the element ``locator`` is enabled.</doc>
<status status="PASS" starttime="20210831 15:45:02.158" endtime="20210831 15:45:02.217"/>
</kw>
<kw name="Valid Login with New Password" library="res_Signup">
<kw name="Input New Username" library="res_Signup">
<kw name="Wait Until Element Is Enabled" library="Selenium2Library">
<arg>${field_Usrname}</arg>
<arg>${delay}</arg>
<doc>Waits until the element ``locator`` is enabled.</doc>
<status status="PASS" starttime="20210831 15:45:02.218" endtime="20210831 15:45:02.234"/>
</kw>
<kw name="Input Text" library="Selenium2Library">
<arg>${field_Usrname}</arg>
<arg>${valid_Email}</arg>
<doc>Types the given ``text`` into the text field identified by ``locator``.</doc>
<msg timestamp="20210831 15:45:02.235" level="INFO">Typing text 'machruk@gospurr.com' into text field 'id:email'.</msg>
<status status="PASS" starttime="20210831 15:45:02.235" endtime="20210831 15:45:02.623"/>
</kw>
<status status="PASS" starttime="20210831 15:45:02.217" endtime="20210831 15:45:02.623"/>
</kw>
<kw name="New Password" library="res_Signup">
<kw name="Input Text" library="Selenium2Library">
<arg>${field_Pwd}</arg>
<arg>${newPwd}</arg>
<doc>Types the given ``text`` into the text field identified by ``locator``.</doc>
<msg timestamp="20210831 15:45:02.624" level="INFO">Typing text 'Qwerty' into text field 'id:password'.</msg>
<status status="PASS" starttime="20210831 15:45:02.624" endtime="20210831 15:45:02.715"/>
</kw>
<status status="PASS" starttime="20210831 15:45:02.624" endtime="20210831 15:45:02.715"/>
</kw>
<kw name="Click Login button" library="res_Signup">
<kw name="Click Element" library="Selenium2Library">
<arg>${btn_Signin}</arg>
<doc>Click the element identified by ``locator``.</doc>
<msg timestamp="20210831 15:45:02.716" level="INFO">Clicking element 'id:label-button'.</msg>
<status status="PASS" starttime="20210831 15:45:02.716" endtime="20210831 15:45:03.096"/>
</kw>
<status status="PASS" starttime="20210831 15:45:02.716" endtime="20210831 15:45:03.097"/>
</kw>
<kw name="Verify Login is successfully" library="res_Signup">
<kw name="Wait Until Element Is Enabled" library="Selenium2Library">
<arg>${menu_Dshbrd}</arg>
<arg>${delay}</arg>
<doc>Waits until the element ``locator`` is enabled.</doc>
<status status="PASS" starttime="20210831 15:45:03.097" endtime="20210831 15:45:05.953"/>
</kw>
<kw name="Page Should Contain Element" library="Selenium2Library">
<arg>${menu_Dshbrd}</arg>
<doc>Verifies that element ``locator`` is found on the current page.</doc>
<msg timestamp="20210831 15:45:05.957" level="INFO">Current page contains element 'xpath://a[contains(text(),'Dashboard')]'.</msg>
<status status="PASS" starttime="20210831 15:45:05.953" endtime="20210831 15:45:05.957"/>
</kw>
<status status="PASS" starttime="20210831 15:45:03.097" endtime="20210831 15:45:05.958"/>
</kw>
<status status="PASS" starttime="20210831 15:45:02.217" endtime="20210831 15:45:05.958"/>
</kw>
<kw name="Sleep" library="BuiltIn">
<arg>2</arg>
<doc>Pauses the test executed for the given time.</doc>
<msg timestamp="20210831 15:45:07.960" level="INFO">Slept 2 seconds</msg>
<status status="PASS" starttime="20210831 15:45:05.958" endtime="20210831 15:45:07.960"/>
</kw>
<kw name="Click Profile Menu" library="res_Signup">
<kw name="Wait Until Element Is Enabled" library="Selenium2Library">
<arg>${profileMenu}</arg>
<arg>${delay}</arg>
<doc>Waits until the element ``locator`` is enabled.</doc>
<status status="PASS" starttime="20210831 15:45:07.961" endtime="20210831 15:45:08.112"/>
</kw>
<kw name="Click Element" library="Selenium2Library">
<arg>${profileMenu}</arg>
<doc>Click the element identified by ``locator``.</doc>
<msg timestamp="20210831 15:45:08.113" level="INFO">Clicking element 'xpath://header/ul[1]/li[3]/a[1]/span[1]/img[1]'.</msg>
<status status="PASS" starttime="20210831 15:45:08.112" endtime="20210831 15:45:08.348"/>
</kw>
<status status="PASS" starttime="20210831 15:45:07.961" endtime="20210831 15:45:08.348"/>
</kw>
<kw name="Click Account Menu" library="res_Signup">
<kw name="Wait Until Element Is Enabled" library="Selenium2Library">
<arg>${menu_account}</arg>
<arg>${delay}</arg>
<doc>Waits until the element ``locator`` is enabled.</doc>
<status status="PASS" starttime="20210831 15:45:08.348" endtime="20210831 15:45:08.365"/>
</kw>
<kw name="Click Element" library="Selenium2Library">
<arg>${menu_account}</arg>
<doc>Click the element identified by ``locator``.</doc>
<msg timestamp="20210831 15:45:08.365" level="INFO">Clicking element 'xpath://a[contains(text(),'Account')]'.</msg>
<status status="PASS" starttime="20210831 15:45:08.365" endtime="20210831 15:45:08.615"/>
</kw>
<status status="PASS" starttime="20210831 15:45:08.348" endtime="20210831 15:45:08.615"/>
</kw>
<status status="PASS" starttime="20210831 15:44:55.884" endtime="20210831 15:45:08.615"/>
</kw>
<kw name="Verify Edit Phone Number is Successfully">
<kw name="Delete Verified Phone" library="res_dbCvm">
<kw name="Execute Sql String" library="DatabaseLibrary">
<var>${del_Verified_Phone}</var>
<arg>Delete from cvm_v2.transaction_phone_codes where phone_codes_phone='${phone}';</arg>
<doc>Executes the sqlString as SQL commands. Useful to pass arguments to your sql. Set optional input `sansTran` to
True to run command without an explicit transaction commit or rollback.</doc>
<msg timestamp="20210831 15:45:08.616" level="INFO">Executing : Execute SQL String  |  Delete from cvm_v2.transaction_phone_codes where phone_codes_phone='+6285281114886'; </msg>
<msg timestamp="20210831 15:45:09.274" level="INFO">${del_Verified_Phone} = None</msg>
<status status="PASS" starttime="20210831 15:45:08.616" endtime="20210831 15:45:09.274"/>
</kw>
<status status="PASS" starttime="20210831 15:45:08.616" endtime="20210831 15:45:09.275"/>
</kw>
<kw name="Click Edit Details" library="res_Account">
<kw name="Sleep" library="BuiltIn">
<arg>2</arg>
<doc>Pauses the test executed for the given time.</doc>
<msg timestamp="20210831 15:45:11.278" level="INFO">Slept 2 seconds</msg>
<status status="PASS" starttime="20210831 15:45:09.276" endtime="20210831 15:45:11.279"/>
</kw>
<kw name="Wait Until Element Is Enabled" library="Selenium2Library">
<arg>${btn_editDetails}</arg>
<arg>${delay}</arg>
<doc>Waits until the element ``locator`` is enabled.</doc>
<status status="PASS" starttime="20210831 15:45:11.280" endtime="20210831 15:45:11.321"/>
</kw>
<kw name="Click Element" library="Selenium2Library">
<arg>${btn_editDetails}</arg>
<doc>Click the element identified by ``locator``.</doc>
<msg timestamp="20210831 15:45:11.322" level="INFO">Clicking element 'xpath://body[1]/ul[1]/li[2]/section[1]/div[3]/div[1]/ul[1]/li[1]/a[1]'.</msg>
<status status="PASS" starttime="20210831 15:45:11.321" endtime="20210831 15:45:11.488"/>
</kw>
<status status="PASS" starttime="20210831 15:45:09.275" endtime="20210831 15:45:11.488"/>
</kw>
<kw name="Edit First Name" library="res_Account">
<kw name="Wait Until Element Is Enabled" library="Selenium2Library">
<arg>${fld_editFn}</arg>
<arg>${delay}</arg>
<doc>Waits until the element ``locator`` is enabled.</doc>
<status status="PASS" starttime="20210831 15:45:11.488" endtime="20210831 15:45:11.578"/>
</kw>
<kw name="Input Text" library="Selenium2Library">
<arg>${fld_editFn}</arg>
<arg>${fnEdited}</arg>
<doc>Types the given ``text`` into the text field identified by ``locator``.</doc>
<msg timestamp="20210831 15:45:11.578" level="INFO">Typing text 'Machruk' into text field 'xpath://body/ul[1]/li[2]/section[1]/div[3]/ul[1]/li[1]/input[1]'.</msg>
<status status="PASS" starttime="20210831 15:45:11.578" endtime="20210831 15:45:11.757"/>
</kw>
<status status="PASS" starttime="20210831 15:45:11.488" endtime="20210831 15:45:11.757"/>
</kw>
<kw name="Edit Last Name" library="res_Account">
<kw name="Wait Until Element Is Enabled" library="Selenium2Library">
<arg>${fld_editLn}</arg>
<arg>${delay}</arg>
<doc>Waits until the element ``locator`` is enabled.</doc>
<status status="PASS" starttime="20210831 15:45:11.758" endtime="20210831 15:45:11.774"/>
</kw>
<kw name="Input Text" library="Selenium2Library">
<arg>${fld_editLn}</arg>
<arg>${lnEdited}</arg>
<doc>Types the given ``text`` into the text field identified by ``locator``.</doc>
<msg timestamp="20210831 15:45:11.775" level="INFO">Typing text 'Marjuki' into text field 'xpath://body/ul[1]/li[2]/section[1]/div[3]/ul[1]/li[2]/input[1]'.</msg>
<status status="PASS" starttime="20210831 15:45:11.774" endtime="20210831 15:45:11.909"/>
</kw>
<status status="PASS" starttime="20210831 15:45:11.757" endtime="20210831 15:45:11.909"/>
</kw>
<kw name="Edit Mobile Number" library="res_Account">
<kw name="Wait Until Element Is Enabled" library="Selenium2Library">
<arg>${fld_editMobNo}</arg>
<arg>${delay}</arg>
<doc>Waits until the element ``locator`` is enabled.</doc>
<status status="PASS" starttime="20210831 15:45:11.910" endtime="20210831 15:45:11.925"/>
</kw>
<kw name="Input Text" library="Selenium2Library">
<arg>${fld_editMobNo}</arg>
<arg>${mobNoEdited}</arg>
<doc>Types the given ``text`` into the text field identified by ``locator``.</doc>
<msg timestamp="20210831 15:45:11.926" level="INFO">Typing text '+6285281114887' into text field 'xpath://body/ul[1]/li[2]/section[1]/div[3]/ul[1]/li[3]/input[1]'.</msg>
<status status="PASS" starttime="20210831 15:45:11.926" endtime="20210831 15:45:12.039"/>
</kw>
<status status="PASS" starttime="20210831 15:45:11.909" endtime="20210831 15:45:12.039"/>
</kw>
<kw name="Save Edit Account Details" library="res_Account">
<kw name="Wait Until Element Is Enabled" library="Selenium2Library">
<arg>${btn_saveEdit}</arg>
<arg>${delay}</arg>
<doc>Waits until the element ``locator`` is enabled.</doc>
<status status="PASS" starttime="20210831 15:45:12.039" endtime="20210831 15:45:12.057"/>
</kw>
<kw name="Click Element" library="Selenium2Library">
<arg>${btn_saveEdit}</arg>
<doc>Click the element identified by ``locator``.</doc>
<msg timestamp="20210831 15:45:12.058" level="INFO">Clicking element 'xpath://body[1]/ul[1]/li[2]/section[1]/div[3]/div[1]/ul[2]/li[2]/a[1]'.</msg>
<status status="PASS" starttime="20210831 15:45:12.057" endtime="20210831 15:45:12.154"/>
</kw>
<kw name="Sleep" library="BuiltIn">
<arg>6</arg>
<doc>Pauses the test executed for the given time.</doc>
<msg timestamp="20210831 15:45:18.156" level="INFO">Slept 6 seconds</msg>
<status status="PASS" starttime="20210831 15:45:12.154" endtime="20210831 15:45:18.157"/>
</kw>
<status status="PASS" starttime="20210831 15:45:12.039" endtime="20210831 15:45:18.158"/>
</kw>
<kw name="Verify Success Message is displayed after account edited" library="res_Account">
<kw name="Wait Until Page Contains Element" library="Selenium2Library">
<arg>${btn_closeSucMsg}</arg>
<arg>${delay}</arg>
<doc>Waits until the element ``locator`` appears on the current page.</doc>
<status status="PASS" starttime="20210831 15:45:18.160" endtime="20210831 15:45:18.181"/>
</kw>
<kw name="Page Should Contain" library="Selenium2Library">
<arg>${edit_sucMsg}</arg>
<doc>Verifies that current page contains ``text``.</doc>
<msg timestamp="20210831 15:45:18.206" level="INFO">Current page contains text 'Data is successfully saved'.</msg>
<status status="PASS" starttime="20210831 15:45:18.181" endtime="20210831 15:45:18.206"/>
</kw>
<kw name="Click Element" library="Selenium2Library">
<arg>${btn_closeSucMsg}</arg>
<doc>Click the element identified by ``locator``.</doc>
<msg timestamp="20210831 15:45:18.207" level="INFO">Clicking element 'xpath://body[1]/div[4]/div[3]/ul[1]/li[1]/button[1]'.</msg>
<status status="PASS" starttime="20210831 15:45:18.206" endtime="20210831 15:45:18.387"/>
</kw>
<kw name="Sleep" library="BuiltIn">
<arg>2</arg>
<doc>Pauses the test executed for the given time.</doc>
<msg timestamp="20210831 15:45:20.389" level="INFO">Slept 2 seconds</msg>
<status status="PASS" starttime="20210831 15:45:18.387" endtime="20210831 15:45:20.389"/>
</kw>
<status status="PASS" starttime="20210831 15:45:18.159" endtime="20210831 15:45:20.390"/>
</kw>
<kw name="Click Edit Details" library="res_Account">
<kw name="Sleep" library="BuiltIn">
<arg>2</arg>
<doc>Pauses the test executed for the given time.</doc>
<msg timestamp="20210831 15:45:22.394" level="INFO">Slept 2 seconds</msg>
<status status="PASS" starttime="20210831 15:45:20.392" endtime="20210831 15:45:22.395"/>
</kw>
<kw name="Wait Until Element Is Enabled" library="Selenium2Library">
<arg>${btn_editDetails}</arg>
<arg>${delay}</arg>
<doc>Waits until the element ``locator`` is enabled.</doc>
<status status="PASS" starttime="20210831 15:45:22.396" endtime="20210831 15:45:22.439"/>
</kw>
<kw name="Click Element" library="Selenium2Library">
<arg>${btn_editDetails}</arg>
<doc>Click the element identified by ``locator``.</doc>
<msg timestamp="20210831 15:45:22.440" level="INFO">Clicking element 'xpath://body[1]/ul[1]/li[2]/section[1]/div[3]/div[1]/ul[1]/li[1]/a[1]'.</msg>
<status status="PASS" starttime="20210831 15:45:22.439" endtime="20210831 15:45:22.499"/>
</kw>
<status status="PASS" starttime="20210831 15:45:20.391" endtime="20210831 15:45:22.499"/>
</kw>
<kw name="Edit back to Valid Number" library="res_Account">
<kw name="Wait Until Element Is Enabled" library="Selenium2Library">
<arg>${fld_editMobNo}</arg>
<arg>${delay}</arg>
<doc>Waits until the element ``locator`` is enabled.</doc>
<status status="PASS" starttime="20210831 15:45:22.499" endtime="20210831 15:45:22.528"/>
</kw>
<kw name="Input Text" library="Selenium2Library">
<arg>${fld_editMobNo}</arg>
<arg>${validNo}</arg>
<doc>Types the given ``text`` into the text field identified by ``locator``.</doc>
<msg timestamp="20210831 15:45:22.529" level="INFO">Typing text '+6285281114886' into text field 'xpath://body/ul[1]/li[2]/section[1]/div[3]/ul[1]/li[3]/input[1]'.</msg>
<status status="PASS" starttime="20210831 15:45:22.528" endtime="20210831 15:45:22.700"/>
</kw>
<status status="PASS" starttime="20210831 15:45:22.499" endtime="20210831 15:45:22.700"/>
</kw>
<kw name="Save Edit Account Details" library="res_Account">
<kw name="Wait Until Element Is Enabled" library="Selenium2Library">
<arg>${btn_saveEdit}</arg>
<arg>${delay}</arg>
<doc>Waits until the element ``locator`` is enabled.</doc>
<status status="PASS" starttime="20210831 15:45:22.700" endtime="20210831 15:45:22.715"/>
</kw>
<kw name="Click Element" library="Selenium2Library">
<arg>${btn_saveEdit}</arg>
<doc>Click the element identified by ``locator``.</doc>
<msg timestamp="20210831 15:45:22.716" level="INFO">Clicking element 'xpath://body[1]/ul[1]/li[2]/section[1]/div[3]/div[1]/ul[2]/li[2]/a[1]'.</msg>
<status status="PASS" starttime="20210831 15:45:22.715" endtime="20210831 15:45:22.764"/>
</kw>
<kw name="Sleep" library="BuiltIn">
<arg>6</arg>
<doc>Pauses the test executed for the given time.</doc>
<msg timestamp="20210831 15:45:28.766" level="INFO">Slept 6 seconds</msg>
<status status="PASS" starttime="20210831 15:45:22.765" endtime="20210831 15:45:28.767"/>
</kw>
<status status="PASS" starttime="20210831 15:45:22.700" endtime="20210831 15:45:28.768"/>
</kw>
<kw name="Verify Success Message is displayed after account edited" library="res_Account">
<kw name="Wait Until Page Contains Element" library="Selenium2Library">
<arg>${btn_closeSucMsg}</arg>
<arg>${delay}</arg>
<doc>Waits until the element ``locator`` appears on the current page.</doc>
<status status="PASS" starttime="20210831 15:45:28.771" endtime="20210831 15:45:28.786"/>
</kw>
<kw name="Page Should Contain" library="Selenium2Library">
<arg>${edit_sucMsg}</arg>
<doc>Verifies that current page contains ``text``.</doc>
<kw name="Capture Page Screenshot" library="Selenium2Library">
<doc>Takes a screenshot of the current page and embeds it into a log file.</doc>
<msg timestamp="20210831 15:45:29.093" level="INFO" html="true">&lt;/td&gt;&lt;/tr&gt;&lt;tr&gt;&lt;td colspan="3"&gt;&lt;a href="selenium-screenshot-7.png"&gt;&lt;img src="selenium-screenshot-7.png" width="800px"&gt;&lt;/a&gt;</msg>
<status status="PASS" starttime="20210831 15:45:28.824" endtime="20210831 15:45:29.093"/>
</kw>
<msg timestamp="20210831 15:45:29.095" level="FAIL">Page should have contained text 'Data is successfully saved' but did not.</msg>
<status status="FAIL" starttime="20210831 15:45:28.786" endtime="20210831 15:45:29.095"/>
</kw>
<kw name="Click Element" library="Selenium2Library">
<arg>${btn_closeSucMsg}</arg>
<doc>Click the element identified by ``locator``.</doc>
<status status="NOT RUN" starttime="20210831 15:45:29.096" endtime="20210831 15:45:29.096"/>
</kw>
<kw name="Sleep" library="BuiltIn">
<arg>2</arg>
<doc>Pauses the test executed for the given time.</doc>
<status status="NOT RUN" starttime="20210831 15:45:29.096" endtime="20210831 15:45:29.096"/>
</kw>
<status status="FAIL" starttime="20210831 15:45:28.769" endtime="20210831 15:45:29.096"/>
</kw>
<status status="FAIL" starttime="20210831 15:45:08.615" endtime="20210831 15:45:29.097"/>
</kw>
<kw name="Verify Phone Number is Successfully">
<status status="NOT RUN" starttime="20210831 15:45:29.097" endtime="20210831 15:45:29.097"/>
</kw>
<status status="FAIL" starttime="20210831 15:44:55.881" endtime="20210831 15:45:29.097">Page should have contained text 'Data is successfully saved' but did not.</status>
</test>
<doc>Verify "Account Details" is working properly</doc>
<status status="FAIL" starttime="20210831 15:44:54.827" endtime="20210831 15:45:29.098"/>
</suite>
<statistics>
<total>
<stat pass="0" fail="1" skip="0">All Tests</stat>
</total>
<tag>
</tag>
<suite>
<stat pass="0" fail="1" skip="0" id="s1" name="Account">Account</stat>
</suite>
</statistics>
<errors>
</errors>
</robot>
