<?xml version="1.0" encoding="UTF-8"?>
<robot generator="Robot 4.1 (Python 3.9.6 on darwin)" generated="20210823 13:44:48.417" rpa="false" schemaversion="2">
<suite id="s1" name="Account" source="/Users/machruk/PycharmProjects/Spurr_Web/Account/account.robot">
<kw name="Connect To Database" library="DatabaseLibrary" type="SETUP">
<arg>pymysql</arg>
<arg>${DBName}</arg>
<arg>${DBUser}</arg>
<arg>${DBPass}</arg>
<arg>${DBHost}</arg>
<arg>${DBPort}</arg>
<doc>Loads the DB API 2.0 module given `dbapiModuleName` then uses it to
connect to the database using `dbName`, `dbUsername`, and `dbPassword`.</doc>
<msg timestamp="20210823 13:44:48.652" level="INFO">Connecting using : pymysql.connect(db=cvm_v2, user=qa, passwd=DWkg8yNJjZMYFwgd, host=34.68.209.108, port=3306, charset=None) </msg>
<status status="PASS" starttime="20210823 13:44:48.612" endtime="20210823 13:44:49.514"/>
</kw>
<test id="s1-t1" name="Verify the features On Account Details are working properly">
<kw name="Go to Account Details">
<kw name="Open Browser" library="Selenium2Library">
<arg>${url}</arg>
<arg>${browser}</arg>
<doc>Opens a new browser instance to the optional ``url``.</doc>
<msg timestamp="20210823 13:44:49.521" level="INFO">Opening browser 'chrome' to base url 'https://app-dev-v2.gospurr.com/'.</msg>
<status status="PASS" starttime="20210823 13:44:49.520" endtime="20210823 13:44:55.202"/>
</kw>
<kw name="Maximize Browser Window" library="Selenium2Library">
<doc>Maximizes current browser window.</doc>
<status status="PASS" starttime="20210823 13:44:55.202" endtime="20210823 13:44:55.341"/>
</kw>
<kw name="Wait Until Element Is Enabled" library="Selenium2Library">
<arg>${btn_Signup}</arg>
<arg>${delay}</arg>
<doc>Waits until the element ``locator`` is enabled.</doc>
<status status="PASS" starttime="20210823 13:44:55.342" endtime="20210823 13:44:55.401"/>
</kw>
<kw name="Valid Login with New Password" library="res_Signup">
<kw name="Input New Username" library="res_Signup">
<kw name="Wait Until Element Is Enabled" library="Selenium2Library">
<arg>${field_Usrname}</arg>
<arg>${delay}</arg>
<doc>Waits until the element ``locator`` is enabled.</doc>
<status status="PASS" starttime="20210823 13:44:55.402" endtime="20210823 13:44:55.420"/>
</kw>
<kw name="Input Text" library="Selenium2Library">
<arg>${field_Usrname}</arg>
<arg>${valid_Email}</arg>
<doc>Types the given ``text`` into the text field identified by ``locator``.</doc>
<msg timestamp="20210823 13:44:55.420" level="INFO">Typing text 'machruk@gospurr.com' into text field 'id:email'.</msg>
<status status="PASS" starttime="20210823 13:44:55.420" endtime="20210823 13:44:55.703"/>
</kw>
<status status="PASS" starttime="20210823 13:44:55.402" endtime="20210823 13:44:55.703"/>
</kw>
<kw name="New Password" library="res_Signup">
<kw name="Input Text" library="Selenium2Library">
<arg>${field_Pwd}</arg>
<arg>${newPwd}</arg>
<doc>Types the given ``text`` into the text field identified by ``locator``.</doc>
<msg timestamp="20210823 13:44:55.704" level="INFO">Typing text 'Qwerty' into text field 'id:password'.</msg>
<status status="PASS" starttime="20210823 13:44:55.704" endtime="20210823 13:44:55.823"/>
</kw>
<status status="PASS" starttime="20210823 13:44:55.703" endtime="20210823 13:44:55.824"/>
</kw>
<kw name="Click Login button" library="res_Signup">
<kw name="Click Element" library="Selenium2Library">
<arg>${btn_Signin}</arg>
<doc>Click the element identified by ``locator``.</doc>
<msg timestamp="20210823 13:44:55.824" level="INFO">Clicking element 'id:label-button'.</msg>
<status status="PASS" starttime="20210823 13:44:55.824" endtime="20210823 13:44:56.235"/>
</kw>
<status status="PASS" starttime="20210823 13:44:55.824" endtime="20210823 13:44:56.235"/>
</kw>
<kw name="Verify Login is successfully" library="res_Signup">
<kw name="Wait Until Element Is Enabled" library="Selenium2Library">
<arg>${menu_Dshbrd}</arg>
<arg>${delay}</arg>
<doc>Waits until the element ``locator`` is enabled.</doc>
<status status="PASS" starttime="20210823 13:44:56.236" endtime="20210823 13:44:58.890"/>
</kw>
<kw name="Page Should Contain Element" library="Selenium2Library">
<arg>${menu_Dshbrd}</arg>
<doc>Verifies that element ``locator`` is found on the current page.</doc>
<msg timestamp="20210823 13:44:58.894" level="INFO">Current page contains element 'xpath://a[contains(text(),'Dashboard')]'.</msg>
<status status="PASS" starttime="20210823 13:44:58.890" endtime="20210823 13:44:58.894"/>
</kw>
<status status="PASS" starttime="20210823 13:44:56.235" endtime="20210823 13:44:58.894"/>
</kw>
<status status="PASS" starttime="20210823 13:44:55.401" endtime="20210823 13:44:58.894"/>
</kw>
<kw name="Sleep" library="BuiltIn">
<arg>2</arg>
<doc>Pauses the test executed for the given time.</doc>
<msg timestamp="20210823 13:45:00.895" level="INFO">Slept 2 seconds</msg>
<status status="PASS" starttime="20210823 13:44:58.894" endtime="20210823 13:45:00.896"/>
</kw>
<kw name="Click Profile Menu" library="res_Signup">
<kw name="Wait Until Element Is Enabled" library="Selenium2Library">
<arg>${profileMenu}</arg>
<arg>${delay}</arg>
<doc>Waits until the element ``locator`` is enabled.</doc>
<status status="PASS" starttime="20210823 13:45:00.898" endtime="20210823 13:45:00.944"/>
</kw>
<kw name="Click Element" library="Selenium2Library">
<arg>${profileMenu}</arg>
<doc>Click the element identified by ``locator``.</doc>
<msg timestamp="20210823 13:45:00.945" level="INFO">Clicking element 'xpath://header/ul[1]/li[3]/a[1]/span[1]/img[1]'.</msg>
<status status="PASS" starttime="20210823 13:45:00.944" endtime="20210823 13:45:01.202"/>
</kw>
<status status="PASS" starttime="20210823 13:45:00.897" endtime="20210823 13:45:01.202"/>
</kw>
<kw name="Click Account Menu" library="res_Signup">
<kw name="Wait Until Element Is Enabled" library="Selenium2Library">
<arg>${menu_account}</arg>
<arg>${delay}</arg>
<doc>Waits until the element ``locator`` is enabled.</doc>
<status status="PASS" starttime="20210823 13:45:01.203" endtime="20210823 13:45:01.223"/>
</kw>
<kw name="Click Element" library="Selenium2Library">
<arg>${menu_account}</arg>
<doc>Click the element identified by ``locator``.</doc>
<msg timestamp="20210823 13:45:01.223" level="INFO">Clicking element 'xpath://a[contains(text(),'Account')]'.</msg>
<status status="PASS" starttime="20210823 13:45:01.223" endtime="20210823 13:45:01.671"/>
</kw>
<status status="PASS" starttime="20210823 13:45:01.202" endtime="20210823 13:45:01.672"/>
</kw>
<status status="PASS" starttime="20210823 13:44:49.518" endtime="20210823 13:45:01.672"/>
</kw>
<kw name="Click Download Receipt button" library="res_Account">
<kw name="Wait Until Element Is Enabled" library="Selenium2Library">
<arg>${btn_dwld}</arg>
<arg>${delay}</arg>
<doc>Waits until the element ``locator`` is enabled.</doc>
<status status="PASS" starttime="20210823 13:45:01.672" endtime="20210823 13:45:03.460"/>
</kw>
<kw name="Click Element" library="Selenium2Library">
<arg>${btn_dwld}</arg>
<doc>Click the element identified by ``locator``.</doc>
<msg timestamp="20210823 13:45:03.461" level="INFO">Clicking element 'xpath://body[1]/ul[1]/li[2]/section[3]/div[3]/div[3]/table[1]/tbody[1]/tr[1]/td[4]/a[1]'.</msg>
<status status="PASS" starttime="20210823 13:45:03.461" endtime="20210823 13:45:03.631"/>
</kw>
<status status="PASS" starttime="20210823 13:45:01.672" endtime="20210823 13:45:03.631"/>
</kw>
<status status="PASS" starttime="20210823 13:44:49.515" endtime="20210823 13:45:03.631"/>
</test>
<doc>Verify "Account Details" is working properly</doc>
<status status="PASS" starttime="20210823 13:44:48.418" endtime="20210823 13:45:03.632"/>
</suite>
<statistics>
<total>
<stat pass="1" fail="0" skip="0">All Tests</stat>
</total>
<tag>
</tag>
<suite>
<stat pass="1" fail="0" skip="0" id="s1" name="Account">Account</stat>
</suite>
</statistics>
<errors>
</errors>
</robot>
