<?xml version="1.0" encoding="UTF-8"?>
<robot generator="Robot 4.1 (Python 3.9.6 on darwin)" generated="20210827 16:13:34.753" rpa="false" schemaversion="2">
<suite id="s1" name="setupBrand" source="/Users/machruk/PycharmProjects/Spurr_Web/03.SetupBrand/setupBrand.robot">
<kw name="Open GoSpurr.com" library="res_Signup" type="SETUP">
<kw name="Open Browser" library="Selenium2Library">
<arg>${url}</arg>
<arg>${browser}</arg>
<doc>Opens a new browser instance to the optional ``url``.</doc>
<msg timestamp="20210827 16:13:34.889" level="INFO">Opening browser 'firefox' to base url 'https://app-dev-v2.gospurr.com/'.</msg>
<msg timestamp="20210827 16:13:34.890" level="INFO">Firefox driver log is always forced to to: /Users/machruk/PycharmProjects/Spurr_Web/03.SetupBrand/geckodriver-1.log</msg>
<status status="PASS" starttime="20210827 16:13:34.889" endtime="20210827 16:13:40.244"/>
</kw>
<kw name="Maximize Browser Window" library="Selenium2Library">
<doc>Maximizes current browser window.</doc>
<status status="PASS" starttime="20210827 16:13:40.245" endtime="20210827 16:13:40.719"/>
</kw>
<kw name="Wait Until Element Is Enabled" library="Selenium2Library">
<arg>${btn_Signup}</arg>
<arg>${delay}</arg>
<doc>Waits until the element ``locator`` is enabled.</doc>
<status status="PASS" starttime="20210827 16:13:40.720" endtime="20210827 16:13:40.756"/>
</kw>
<kw name="Valid Login with New Password" library="res_Signup">
<kw name="Input New Username" library="res_Signup">
<kw name="Wait Until Element Is Enabled" library="Selenium2Library">
<arg>${field_Usrname}</arg>
<arg>${delay}</arg>
<doc>Waits until the element ``locator`` is enabled.</doc>
<status status="PASS" starttime="20210827 16:13:40.757" endtime="20210827 16:13:40.770"/>
</kw>
<kw name="Input Text" library="Selenium2Library">
<arg>${field_Usrname}</arg>
<arg>${valid_Email}</arg>
<doc>Types the given ``text`` into the text field identified by ``locator``.</doc>
<msg timestamp="20210827 16:13:40.771" level="INFO">Typing text 'machruk@gospurr.com' into text field 'id:email'.</msg>
<status status="PASS" starttime="20210827 16:13:40.770" endtime="20210827 16:13:40.800"/>
</kw>
<status status="PASS" starttime="20210827 16:13:40.756" endtime="20210827 16:13:40.800"/>
</kw>
<kw name="New Password" library="res_Signup">
<kw name="Input Text" library="Selenium2Library">
<arg>${field_Pwd}</arg>
<arg>${newPwd}</arg>
<doc>Types the given ``text`` into the text field identified by ``locator``.</doc>
<msg timestamp="20210827 16:13:40.801" level="INFO">Typing text 'Qwerty' into text field 'id:password'.</msg>
<status status="PASS" starttime="20210827 16:13:40.800" endtime="20210827 16:13:40.831"/>
</kw>
<status status="PASS" starttime="20210827 16:13:40.800" endtime="20210827 16:13:40.832"/>
</kw>
<kw name="Click Login button" library="res_Signup">
<kw name="Click Element" library="Selenium2Library">
<arg>${btn_Signin}</arg>
<doc>Click the element identified by ``locator``.</doc>
<msg timestamp="20210827 16:13:40.832" level="INFO">Clicking element 'id:label-button'.</msg>
<status status="PASS" starttime="20210827 16:13:40.832" endtime="20210827 16:13:41.056"/>
</kw>
<status status="PASS" starttime="20210827 16:13:40.832" endtime="20210827 16:13:41.056"/>
</kw>
<kw name="Verify Login is successfully" library="res_Signup">
<kw name="Wait Until Element Is Enabled" library="Selenium2Library">
<arg>${menu_Dshbrd}</arg>
<arg>${delay}</arg>
<doc>Waits until the element ``locator`` is enabled.</doc>
<status status="PASS" starttime="20210827 16:13:41.056" endtime="20210827 16:13:42.869"/>
</kw>
<kw name="Page Should Contain Element" library="Selenium2Library">
<arg>${menu_Dshbrd}</arg>
<doc>Verifies that element ``locator`` is found on the current page.</doc>
<msg timestamp="20210827 16:13:42.872" level="INFO">Current page contains element 'xpath://a[contains(text(),'Dashboard')]'.</msg>
<status status="PASS" starttime="20210827 16:13:42.869" endtime="20210827 16:13:42.872"/>
</kw>
<status status="PASS" starttime="20210827 16:13:41.056" endtime="20210827 16:13:42.872"/>
</kw>
<status status="PASS" starttime="20210827 16:13:40.756" endtime="20210827 16:13:42.872"/>
</kw>
<kw name="Waiting to Load" library="res_Signup">
<kw name="Sleep" library="BuiltIn">
<arg>5</arg>
<doc>Pauses the test executed for the given time.</doc>
<msg timestamp="20210827 16:13:47.875" level="INFO">Slept 5 seconds</msg>
<status status="PASS" starttime="20210827 16:13:42.872" endtime="20210827 16:13:47.875"/>
</kw>
<status status="PASS" starttime="20210827 16:13:42.872" endtime="20210827 16:13:47.875"/>
</kw>
<status status="PASS" starttime="20210827 16:13:34.888" endtime="20210827 16:13:47.875"/>
</kw>
<test id="s1-t1" name="Verify setup brand features is working properly">
<kw name="Verify setup brand features is working properly">
<kw name="Select Business Type" library="res_SetupBrand">
<kw name="Wait Until Element Is Enabled" library="Selenium2Library">
<arg>${field_BrandName}</arg>
<arg>${delay}</arg>
<doc>Waits until the element ``locator`` is enabled.</doc>
<kw name="Capture Page Screenshot" library="Selenium2Library">
<doc>Takes a screenshot of the current page and embeds it into a log file.</doc>
<msg timestamp="20210827 16:13:58.275" level="INFO" html="true">&lt;/td&gt;&lt;/tr&gt;&lt;tr&gt;&lt;td colspan="3"&gt;&lt;a href="selenium-screenshot-1.png"&gt;&lt;img src="selenium-screenshot-1.png" width="800px"&gt;&lt;/a&gt;</msg>
<status status="PASS" starttime="20210827 16:13:58.013" endtime="20210827 16:13:58.275"/>
</kw>
<msg timestamp="20210827 16:13:58.278" level="FAIL">Element with locator 'id:brand_name' not found.</msg>
<status status="FAIL" starttime="20210827 16:13:47.877" endtime="20210827 16:13:58.278"/>
</kw>
<kw name="Wait Until Element Is Visible" library="Selenium2Library">
<arg>${field_BusinessType}</arg>
<arg>${delay}</arg>
<doc>Waits until the element ``locator`` is visible.</doc>
<status status="NOT RUN" starttime="20210827 16:13:58.278" endtime="20210827 16:13:58.278"/>
</kw>
<kw name="Click Element" library="Selenium2Library">
<arg>${field_BusinessType}</arg>
<doc>Click the element identified by ``locator``.</doc>
<status status="NOT RUN" starttime="20210827 16:13:58.278" endtime="20210827 16:13:58.278"/>
</kw>
<kw name="Input Text" library="Selenium2Library">
<arg>${input_BudinessType}</arg>
<arg>${businessType}</arg>
<doc>Types the given ``text`` into the text field identified by ``locator``.</doc>
<status status="NOT RUN" starttime="20210827 16:13:58.278" endtime="20210827 16:13:58.278"/>
</kw>
<kw name="Wait Until Element Is Enabled" library="Selenium2Library">
<arg>${slct_BusinessType}</arg>
<arg>${delay}</arg>
<doc>Waits until the element ``locator`` is enabled.</doc>
<status status="NOT RUN" starttime="20210827 16:13:58.278" endtime="20210827 16:13:58.278"/>
</kw>
<kw name="Click Element" library="Selenium2Library">
<arg>${slct_BusinessType}</arg>
<doc>Click the element identified by ``locator``.</doc>
<status status="NOT RUN" starttime="20210827 16:13:58.278" endtime="20210827 16:13:58.278"/>
</kw>
<status status="FAIL" starttime="20210827 16:13:47.877" endtime="20210827 16:13:58.279"/>
</kw>
<kw name="Input Brand Name" library="res_SetupBrand">
<status status="NOT RUN" starttime="20210827 16:13:58.279" endtime="20210827 16:13:58.279"/>
</kw>
<kw name="Select Logo" library="res_SetupBrand">
<status status="NOT RUN" starttime="20210827 16:13:58.279" endtime="20210827 16:13:58.279"/>
</kw>
<kw name="Select Background" library="res_SetupBrand">
<status status="NOT RUN" starttime="20210827 16:13:58.279" endtime="20210827 16:13:58.279"/>
</kw>
<kw name="Checkbox Use Infromation" library="res_SetupBrand">
<status status="NOT RUN" starttime="20210827 16:13:58.279" endtime="20210827 16:13:58.279"/>
</kw>
<kw name="Input Short Location" library="res_SetupBrand">
<status status="NOT RUN" starttime="20210827 16:13:58.279" endtime="20210827 16:13:58.279"/>
</kw>
<kw name="Click Complete Setup" library="res_SetupBrand">
<status status="NOT RUN" starttime="20210827 16:13:58.279" endtime="20210827 16:13:58.279"/>
</kw>
<kw name="Verify SetUp Brand is successfully" library="res_SetupBrand">
<status status="NOT RUN" starttime="20210827 16:13:58.279" endtime="20210827 16:13:58.279"/>
</kw>
<status status="FAIL" starttime="20210827 16:13:47.876" endtime="20210827 16:13:58.280"/>
</kw>
<status status="FAIL" starttime="20210827 16:13:47.875" endtime="20210827 16:13:58.280">Element with locator 'id:brand_name' not found.</status>
</test>
<doc>Verify setup brand features is working properly</doc>
<status status="FAIL" starttime="20210827 16:13:34.754" endtime="20210827 16:13:58.281"/>
</suite>
<statistics>
<total>
<stat pass="0" fail="1" skip="0">All Tests</stat>
</total>
<tag>
</tag>
<suite>
<stat pass="0" fail="1" skip="0" id="s1" name="setupBrand">setupBrand</stat>
</suite>
</statistics>
<errors>
</errors>
</robot>
