<?xml version="1.0" encoding="UTF-8"?>
<robot generator="Robot 4.1 (Python 3.9.6 on darwin)" generated="20210902 16:36:26.887" rpa="false" schemaversion="2">
<suite id="s1" name="activatePriority" source="/Users/machruk/PycharmProjects/Spurr_Web/Customer/activatePriority.robot">
<kw name="Connect To Database" library="DatabaseLibrary" type="SETUP">
<arg>pymysql</arg>
<arg>${DBName}</arg>
<arg>${DBUser}</arg>
<arg>${DBPass}</arg>
<arg>${DBHost}</arg>
<arg>${DBPort}</arg>
<doc>Loads the DB API 2.0 module given `dbapiModuleName` then uses it to
connect to the database using `dbName`, `dbUsername`, and `dbPassword`.</doc>
<msg timestamp="20210902 16:36:27.070" level="INFO">Connecting using : pymysql.connect(db=cvm_v2, user=qa, passwd=DWkg8yNJjZMYFwgd, host=34.68.209.108, port=3306, charset=None) </msg>
<status status="PASS" starttime="20210902 16:36:27.062" endtime="20210902 16:36:27.910"/>
</kw>
<test id="s1-t1" name="Delete Priority Status from DB">
<kw name="Delete Priority Status from DB" library="res_dbShopick">
<kw name="Execute Sql String" library="DatabaseLibrary">
<var>${del_priorMerchant}</var>
<arg>Delete from shopick_v2.loyalty_master_priority where priority_merchant_id IN (SELECT merchant_id FROM shopick_v2.master_merchant WHERE merchant_id='${merchantId}');</arg>
<doc>Executes the sqlString as SQL commands. Useful to pass arguments to your sql. Set optional input `sansTran` to
True to run command without an explicit transaction commit or rollback.</doc>
<msg timestamp="20210902 16:36:27.916" level="INFO">Executing : Execute SQL String  |  Delete from shopick_v2.loyalty_master_priority where priority_merchant_id IN (SELECT merchant_id FROM shopick_v2.master_merchant WHERE merchant_id='ea998a56-dcf1-11eb-bce9-42010a715007'); </msg>
<msg timestamp="20210902 16:36:28.546" level="INFO">${del_priorMerchant} = None</msg>
<status status="PASS" starttime="20210902 16:36:27.914" endtime="20210902 16:36:28.546"/>
</kw>
<kw name="Log To Console" library="BuiltIn">
<arg>${del_priorMerchant}</arg>
<doc>Logs the given message to the console.</doc>
<status status="PASS" starttime="20210902 16:36:28.547" endtime="20210902 16:36:28.547"/>
</kw>
<status status="PASS" starttime="20210902 16:36:27.913" endtime="20210902 16:36:28.547"/>
</kw>
<status status="PASS" starttime="20210902 16:36:27.911" endtime="20210902 16:36:28.547"/>
</test>
<test id="s1-t2" name="Go to Customer menu">
<kw name="Go to Customer menu" library="res_customer">
<kw name="Open GoSpurr.com" library="res_Signup">
<kw name="Open Browser" library="Selenium2Library">
<arg>${url}</arg>
<arg>${browser}</arg>
<doc>Opens a new browser instance to the optional ``url``.</doc>
<msg timestamp="20210902 16:36:28.549" level="INFO">Opening browser 'chrome' to base url 'https://app-dev-v2.gospurr.com/'.</msg>
<status status="PASS" starttime="20210902 16:36:28.549" endtime="20210902 16:36:35.130"/>
</kw>
<kw name="Maximize Browser Window" library="Selenium2Library">
<doc>Maximizes current browser window.</doc>
<status status="PASS" starttime="20210902 16:36:35.131" endtime="20210902 16:36:35.275"/>
</kw>
<kw name="Wait Until Element Is Enabled" library="Selenium2Library">
<arg>${btn_Signup}</arg>
<arg>${delay}</arg>
<doc>Waits until the element ``locator`` is enabled.</doc>
<status status="PASS" starttime="20210902 16:36:35.275" endtime="20210902 16:36:35.334"/>
</kw>
<kw name="Valid Login with New Password" library="res_Signup">
<kw name="Input New Username" library="res_Signup">
<kw name="Wait Until Element Is Enabled" library="Selenium2Library">
<arg>${field_Usrname}</arg>
<arg>${delay}</arg>
<doc>Waits until the element ``locator`` is enabled.</doc>
<status status="PASS" starttime="20210902 16:36:35.335" endtime="20210902 16:36:35.352"/>
</kw>
<kw name="Input Text" library="Selenium2Library">
<arg>${field_Usrname}</arg>
<arg>${valid_Email}</arg>
<doc>Types the given ``text`` into the text field identified by ``locator``.</doc>
<msg timestamp="20210902 16:36:35.353" level="INFO">Typing text 'machruk@gospurr.com' into text field 'id:email'.</msg>
<status status="PASS" starttime="20210902 16:36:35.352" endtime="20210902 16:36:35.749"/>
</kw>
<status status="PASS" starttime="20210902 16:36:35.335" endtime="20210902 16:36:35.749"/>
</kw>
<kw name="New Password" library="res_Signup">
<kw name="Input Text" library="Selenium2Library">
<arg>${field_Pwd}</arg>
<arg>${newPwd}</arg>
<doc>Types the given ``text`` into the text field identified by ``locator``.</doc>
<msg timestamp="20210902 16:36:35.750" level="INFO">Typing text 'Qwerty' into text field 'id:password'.</msg>
<status status="PASS" starttime="20210902 16:36:35.749" endtime="20210902 16:36:35.858"/>
</kw>
<status status="PASS" starttime="20210902 16:36:35.749" endtime="20210902 16:36:35.858"/>
</kw>
<kw name="Click Login button" library="res_Signup">
<kw name="Click Element" library="Selenium2Library">
<arg>${btn_Signin}</arg>
<doc>Click the element identified by ``locator``.</doc>
<msg timestamp="20210902 16:36:35.859" level="INFO">Clicking element 'id:label-button'.</msg>
<status status="PASS" starttime="20210902 16:36:35.859" endtime="20210902 16:36:36.264"/>
</kw>
<status status="PASS" starttime="20210902 16:36:35.858" endtime="20210902 16:36:36.264"/>
</kw>
<kw name="Verify Login is successfully" library="res_Signup">
<kw name="Wait Until Element Is Enabled" library="Selenium2Library">
<arg>${menu_Dshbrd}</arg>
<arg>${delay}</arg>
<doc>Waits until the element ``locator`` is enabled.</doc>
<status status="PASS" starttime="20210902 16:36:36.264" endtime="20210902 16:36:38.794"/>
</kw>
<kw name="Page Should Contain Element" library="Selenium2Library">
<arg>${menu_Dshbrd}</arg>
<doc>Verifies that element ``locator`` is found on the current page.</doc>
<msg timestamp="20210902 16:36:38.799" level="INFO">Current page contains element 'xpath://a[contains(text(),'Dashboard')]'.</msg>
<status status="PASS" starttime="20210902 16:36:38.794" endtime="20210902 16:36:38.799"/>
</kw>
<status status="PASS" starttime="20210902 16:36:36.264" endtime="20210902 16:36:38.799"/>
</kw>
<status status="PASS" starttime="20210902 16:36:35.334" endtime="20210902 16:36:38.799"/>
</kw>
<kw name="Waiting to Load" library="res_Signup">
<kw name="Sleep" library="BuiltIn">
<arg>5</arg>
<doc>Pauses the test executed for the given time.</doc>
<msg timestamp="20210902 16:36:43.801" level="INFO">Slept 5 seconds</msg>
<status status="PASS" starttime="20210902 16:36:38.800" endtime="20210902 16:36:43.802"/>
</kw>
<status status="PASS" starttime="20210902 16:36:38.799" endtime="20210902 16:36:43.803"/>
</kw>
<status status="PASS" starttime="20210902 16:36:28.549" endtime="20210902 16:36:43.803"/>
</kw>
<kw name="Wait Until Element Is Enabled" library="Selenium2Library">
<arg>${menu_customer}</arg>
<arg>${delay}</arg>
<doc>Waits until the element ``locator`` is enabled.</doc>
<status status="PASS" starttime="20210902 16:36:43.803" endtime="20210902 16:36:43.851"/>
</kw>
<kw name="Click Element" library="Selenium2Library">
<arg>${menu_customer}</arg>
<doc>Click the element identified by ``locator``.</doc>
<msg timestamp="20210902 16:36:43.852" level="INFO">Clicking element 'xpath://body[1]/ul[1]/li[1]/ul[1]/li[4]/a[1]'.</msg>
<status status="PASS" starttime="20210902 16:36:43.851" endtime="20210902 16:36:44.154"/>
</kw>
<kw name="Wait Until Page Contains Element" library="Selenium2Library">
<arg>${btn_editPeriod}</arg>
<arg>${delay}</arg>
<doc>Waits until the element ``locator`` appears on the current page.</doc>
<status status="PASS" starttime="20210902 16:36:44.154" endtime="20210902 16:36:46.739"/>
</kw>
<kw name="Waiting to Load" library="res_Signup">
<kw name="Sleep" library="BuiltIn">
<arg>5</arg>
<doc>Pauses the test executed for the given time.</doc>
<msg timestamp="20210902 16:36:51.743" level="INFO">Slept 5 seconds</msg>
<status status="PASS" starttime="20210902 16:36:46.741" endtime="20210902 16:36:51.744"/>
</kw>
<status status="PASS" starttime="20210902 16:36:46.740" endtime="20210902 16:36:51.745"/>
</kw>
<status status="PASS" starttime="20210902 16:36:28.548" endtime="20210902 16:36:51.746"/>
</kw>
<status status="PASS" starttime="20210902 16:36:28.548" endtime="20210902 16:36:51.749"/>
</test>
<test id="s1-t3" name="Verify Activate &amp; Edit Stamp type (6 months) is successfully">
<kw name="Verify Activate Stamp type (6 months) is successfully">
<kw name="Click Activate Priority Customers" library="res_customer">
<kw name="Wait Until Element Is Enabled" library="Selenium2Library">
<arg>${btn_actvPrior}</arg>
<arg>${delay}</arg>
<doc>Waits until the element ``locator`` is enabled.</doc>
<status status="PASS" starttime="20210902 16:36:51.756" endtime="20210902 16:36:51.796"/>
</kw>
<kw name="Click Element" library="Selenium2Library">
<arg>${btn_actvPrior}</arg>
<doc>Click the element identified by ``locator``.</doc>
<msg timestamp="20210902 16:36:51.796" level="INFO">Clicking element 'xpath://a[contains(text(),'ACTIVATE PRIORITY CUSTOMERS')]'.</msg>
<status status="PASS" starttime="20210902 16:36:51.796" endtime="20210902 16:36:53.663"/>
</kw>
<status status="PASS" starttime="20210902 16:36:51.755" endtime="20210902 16:36:53.663"/>
</kw>
<kw name="Select Stamp Type" library="res_customer">
<kw name="Wait Until Element Is Enabled" library="Selenium2Library">
<arg>${drpdwn_priorType}</arg>
<arg>${delay}</arg>
<doc>Waits until the element ``locator`` is enabled.</doc>
<status status="PASS" starttime="20210902 16:36:53.664" endtime="20210902 16:36:53.718"/>
</kw>
<kw name="Click Element" library="Selenium2Library">
<arg>${drpdwn_priorType}</arg>
<doc>Click the element identified by ``locator``.</doc>
<msg timestamp="20210902 16:36:53.718" level="INFO">Clicking element 'xpath://body[1]/ul[1]/li[2]/form[1]/section[1]/div[2]/ul[1]/li[2]/ul[1]/li[1]/span[1]/span[1]/span[1]/span[1]'.</msg>
<status status="PASS" starttime="20210902 16:36:53.718" endtime="20210902 16:36:54.276"/>
</kw>
<kw name="Wait Until Element Is Enabled" library="Selenium2Library">
<arg>${slct_stampType}</arg>
<arg>${delay}</arg>
<doc>Waits until the element ``locator`` is enabled.</doc>
<status status="PASS" starttime="20210902 16:36:54.276" endtime="20210902 16:36:54.295"/>
</kw>
<kw name="Click Element" library="Selenium2Library">
<arg>${slct_stampType}</arg>
<doc>Click the element identified by ``locator``.</doc>
<msg timestamp="20210902 16:36:54.295" level="INFO">Clicking element 'xpath://body[1]/span[1]/span[1]/span[2]/ul[1]/li[contains(text(),'Stamp')]'.</msg>
<status status="PASS" starttime="20210902 16:36:54.295" endtime="20210902 16:36:54.436"/>
</kw>
<status status="PASS" starttime="20210902 16:36:53.664" endtime="20210902 16:36:54.436"/>
</kw>
<kw name="Input Target Stamp/Spend" library="res_customer">
<kw name="Wait Until Element Is Enabled" library="Selenium2Library">
<arg>${fld_target}</arg>
<arg>${delay}</arg>
<doc>Waits until the element ``locator`` is enabled.</doc>
<status status="PASS" starttime="20210902 16:36:54.436" endtime="20210902 16:36:54.452"/>
</kw>
<kw name="Input Text" library="Selenium2Library">
<arg>${fld_target}</arg>
<arg>${target}</arg>
<doc>Types the given ``text`` into the text field identified by ``locator``.</doc>
<msg timestamp="20210902 16:36:54.452" level="INFO">Typing text '50' into text field 'id:priorityTargetValue'.</msg>
<status status="PASS" starttime="20210902 16:36:54.452" endtime="20210902 16:36:54.588"/>
</kw>
<status status="PASS" starttime="20210902 16:36:54.436" endtime="20210902 16:36:54.588"/>
</kw>
<kw name="Select 6 Months Earning" library="res_customer">
<kw name="Wait Until Element Is Enabled" library="Selenium2Library">
<arg>${drpdwn_earningPeriod}</arg>
<arg>${delay}</arg>
<doc>Waits until the element ``locator`` is enabled.</doc>
<status status="PASS" starttime="20210902 16:36:54.589" endtime="20210902 16:36:54.604"/>
</kw>
<kw name="Click Element" library="Selenium2Library">
<arg>${drpdwn_earningPeriod}</arg>
<doc>Click the element identified by ``locator``.</doc>
<msg timestamp="20210902 16:36:54.605" level="INFO">Clicking element 'xpath://body[1]/ul[1]/li[2]/form[1]/section[1]/div[3]/ul[1]/li[1]/span[2]/span[1]/span[1]/span[1]/span[1]'.</msg>
<status status="PASS" starttime="20210902 16:36:54.605" endtime="20210902 16:36:54.751"/>
</kw>
<kw name="Wait Until Element Is Enabled" library="Selenium2Library">
<arg>${slctEarn_6Month}</arg>
<arg>${delay}</arg>
<doc>Waits until the element ``locator`` is enabled.</doc>
<status status="PASS" starttime="20210902 16:36:54.751" endtime="20210902 16:36:54.773"/>
</kw>
<kw name="Click Element" library="Selenium2Library">
<arg>${slctEarn_6Month}</arg>
<doc>Click the element identified by ``locator``.</doc>
<msg timestamp="20210902 16:36:54.773" level="INFO">Clicking element 'xpath://body[1]/span[1]/span[1]/span[2]/ul[1]/li[1]'.</msg>
<status status="PASS" starttime="20210902 16:36:54.773" endtime="20210902 16:36:54.856"/>
</kw>
<status status="PASS" starttime="20210902 16:36:54.588" endtime="20210902 16:36:54.856"/>
</kw>
<kw name="Add Term &amp; Conditions" library="res_customer">
<kw name="Wait Until Element Is Enabled" library="Selenium2Library">
<arg>${fld_tnc}</arg>
<arg>${delay}</arg>
<doc>Waits until the element ``locator`` is enabled.</doc>
<status status="PASS" starttime="20210902 16:36:54.856" endtime="20210902 16:36:54.895"/>
</kw>
<kw name="Input Text" library="Selenium2Library">
<arg>${fld_tnc}</arg>
<arg>${tnc}</arg>
<doc>Types the given ``text`` into the text field identified by ``locator``.</doc>
<msg timestamp="20210902 16:36:54.895" level="INFO">Typing text 'Auto Term&amp;Condition Text' into text field 'xpath://body[1]/ul[1]/li[2]/form[1]/section[1]/div[4]/ul[2]/li[1]/textarea[1]'.</msg>
<status status="PASS" starttime="20210902 16:36:54.895" endtime="20210902 16:36:55.046"/>
</kw>
<kw name="Click Element" library="Selenium2Library">
<arg>${btn_addTerm}</arg>
<doc>Click the element identified by ``locator``.</doc>
<msg timestamp="20210902 16:36:55.047" level="INFO">Clicking element 'xpath://body[1]/ul[1]/li[2]/form[1]/section[1]/div[4]/ul[2]/li[2]/button[1]'.</msg>
<status status="PASS" starttime="20210902 16:36:55.047" endtime="20210902 16:36:55.246"/>
</kw>
<status status="PASS" starttime="20210902 16:36:54.856" endtime="20210902 16:36:55.246"/>
</kw>
<kw name="Click Publish Priority" library="res_customer">
<kw name="Wait Until Element Is Enabled" library="Selenium2Library">
<arg>${btn_publish}</arg>
<arg>${delay}</arg>
<doc>Waits until the element ``locator`` is enabled.</doc>
<status status="PASS" starttime="20210902 16:36:55.247" endtime="20210902 16:36:55.267"/>
</kw>
<kw name="Click Element" library="Selenium2Library">
<arg>${btn_publish}</arg>
<doc>Click the element identified by ``locator``.</doc>
<msg timestamp="20210902 16:36:55.267" level="INFO">Clicking element 'xpath://body[1]/ul[1]/li[2]/form[1]/section[2]/ul[1]/li[2]/a[1]'.</msg>
<status status="PASS" starttime="20210902 16:36:55.267" endtime="20210902 16:36:55.408"/>
</kw>
<status status="PASS" starttime="20210902 16:36:55.246" endtime="20210902 16:36:55.409"/>
</kw>
<kw name="Verify Success Message is displayed" library="res_customer">
<kw name="Sleep" library="BuiltIn">
<arg>3</arg>
<doc>Pauses the test executed for the given time.</doc>
<msg timestamp="20210902 16:36:58.410" level="INFO">Slept 3 seconds</msg>
<status status="PASS" starttime="20210902 16:36:55.409" endtime="20210902 16:36:58.411"/>
</kw>
<kw name="Wait Until Page Contains" library="Selenium2Library">
<arg>${sucMsg}</arg>
<arg>${delay}</arg>
<doc>Waits until ``text`` appears on the current page.</doc>
<status status="PASS" starttime="20210902 16:36:58.411" endtime="20210902 16:36:58.449"/>
</kw>
<kw name="Page Should Contain" library="Selenium2Library">
<arg>${sucMsg}</arg>
<doc>Verifies that current page contains ``text``.</doc>
<msg timestamp="20210902 16:36:58.458" level="INFO">Current page contains text 'You have successfully determine the eligibility of your Priority Customer.'.</msg>
<status status="PASS" starttime="20210902 16:36:58.449" endtime="20210902 16:36:58.458"/>
</kw>
<kw name="Click Element" library="Selenium2Library">
<arg>${btn_closeMsg}</arg>
<doc>Click the element identified by ``locator``.</doc>
<msg timestamp="20210902 16:36:58.459" level="INFO">Clicking element 'xpath://body[1]/div[1]/div[2]/ul[1]/li[1]/button[1]'.</msg>
<status status="PASS" starttime="20210902 16:36:58.459" endtime="20210902 16:36:58.677"/>
</kw>
<kw name="Sleep" library="BuiltIn">
<arg>5</arg>
<doc>Pauses the test executed for the given time.</doc>
<msg timestamp="20210902 16:37:03.679" level="INFO">Slept 5 seconds</msg>
<status status="PASS" starttime="20210902 16:36:58.677" endtime="20210902 16:37:03.680"/>
</kw>
<kw name="Page Should Contain Element" library="Selenium2Library">
<arg>${btn_editSegment}</arg>
<doc>Verifies that element ``locator`` is found on the current page.</doc>
<msg timestamp="20210902 16:37:03.707" level="INFO">Current page contains element 'xpath://a[contains(text(),'EDIT SEGMENT')]'.</msg>
<status status="PASS" starttime="20210902 16:37:03.680" endtime="20210902 16:37:03.707"/>
</kw>
<status status="PASS" starttime="20210902 16:36:55.409" endtime="20210902 16:37:03.707"/>
</kw>
<status status="PASS" starttime="20210902 16:36:51.753" endtime="20210902 16:37:03.708"/>
</kw>
<kw name="Verify Edit Stamp to Spent type (6 months) is successfully">
<kw name="Click Edit Segment" library="res_customer">
<kw name="Wait Until Element Is Enabled" library="Selenium2Library">
<arg>${btn_editSegment}</arg>
<arg>${delay}</arg>
<doc>Waits until the element ``locator`` is enabled.</doc>
<status status="PASS" starttime="20210902 16:37:03.709" endtime="20210902 16:37:03.732"/>
</kw>
<kw name="Click Element" library="Selenium2Library">
<arg>${btn_editSegment}</arg>
<doc>Click the element identified by ``locator``.</doc>
<msg timestamp="20210902 16:37:03.733" level="INFO">Clicking element 'xpath://a[contains(text(),'EDIT SEGMENT')]'.</msg>
<status status="PASS" starttime="20210902 16:37:03.733" endtime="20210902 16:37:03.876"/>
</kw>
<status status="PASS" starttime="20210902 16:37:03.708" endtime="20210902 16:37:03.876"/>
</kw>
<kw name="Edit to Spent Type" library="res_customer">
<kw name="Wait Until Element Is Enabled" library="Selenium2Library">
<arg>${drpdwn_priorType}</arg>
<arg>${delay}</arg>
<doc>Waits until the element ``locator`` is enabled.</doc>
<status status="PASS" starttime="20210902 16:37:03.876" endtime="20210902 16:37:03.950"/>
</kw>
<kw name="Click Element" library="Selenium2Library">
<arg>${drpdwn_priorType}</arg>
<doc>Click the element identified by ``locator``.</doc>
<msg timestamp="20210902 16:37:03.951" level="INFO">Clicking element 'xpath://body[1]/ul[1]/li[2]/form[1]/section[1]/div[2]/ul[1]/li[2]/ul[1]/li[1]/span[1]/span[1]/span[1]/span[1]'.</msg>
<status status="PASS" starttime="20210902 16:37:03.950" endtime="20210902 16:37:04.043"/>
</kw>
<kw name="Wait Until Element Is Enabled" library="Selenium2Library">
<arg>${slct_spentType}</arg>
<arg>${delay}</arg>
<doc>Waits until the element ``locator`` is enabled.</doc>
<status status="PASS" starttime="20210902 16:37:04.044" endtime="20210902 16:37:04.067"/>
</kw>
<kw name="Click Element" library="Selenium2Library">
<arg>${slct_spentType}</arg>
<doc>Click the element identified by ``locator``.</doc>
<msg timestamp="20210902 16:37:04.067" level="INFO">Clicking element 'xpath://body[1]/span[1]/span[1]/span[2]/ul[1]/li[contains(text(),'Spent')]'.</msg>
<status status="PASS" starttime="20210902 16:37:04.067" endtime="20210902 16:37:04.133"/>
</kw>
<status status="PASS" starttime="20210902 16:37:03.876" endtime="20210902 16:37:04.134"/>
</kw>
<kw name="Edit Target Stamp/Spend" library="res_customer">
<kw name="Wait Until Element Is Enabled" library="Selenium2Library">
<arg>${fld_target}</arg>
<arg>${delay}</arg>
<doc>Waits until the element ``locator`` is enabled.</doc>
<status status="PASS" starttime="20210902 16:37:04.134" endtime="20210902 16:37:04.148"/>
</kw>
<kw name="Input Text" library="Selenium2Library">
<arg>${fld_target}</arg>
<arg>${targetEdited}</arg>
<doc>Types the given ``text`` into the text field identified by ``locator``.</doc>
<msg timestamp="20210902 16:37:04.149" level="INFO">Typing text '75' into text field 'id:priorityTargetValue'.</msg>
<status status="PASS" starttime="20210902 16:37:04.149" endtime="20210902 16:37:04.238"/>
</kw>
<status status="PASS" starttime="20210902 16:37:04.134" endtime="20210902 16:37:04.238"/>
</kw>
<kw name="Edit to 12 Months Earning" library="res_customer">
<kw name="Wait Until Element Is Enabled" library="Selenium2Library">
<arg>${drpdwn_editEarning}</arg>
<arg>${delay}</arg>
<doc>Waits until the element ``locator`` is enabled.</doc>
<status status="PASS" starttime="20210902 16:37:04.239" endtime="20210902 16:37:04.256"/>
</kw>
<kw name="Click Element" library="Selenium2Library">
<arg>${drpdwn_editEarning}</arg>
<doc>Click the element identified by ``locator``.</doc>
<msg timestamp="20210902 16:37:04.256" level="INFO">Clicking element 'xpath://body[1]/ul[1]/li[2]/form[1]/section[1]/div[3]/ul[1]/li[1]/span[2]/span[1]/span[1]/span[1]'.</msg>
<status status="PASS" starttime="20210902 16:37:04.256" endtime="20210902 16:37:04.357"/>
</kw>
<kw name="Wait Until Element Is Enabled" library="Selenium2Library">
<arg>${slctEarn_12Month}</arg>
<arg>${delay}</arg>
<doc>Waits until the element ``locator`` is enabled.</doc>
<status status="PASS" starttime="20210902 16:37:04.357" endtime="20210902 16:37:04.377"/>
</kw>
<kw name="Click Element" library="Selenium2Library">
<arg>${slctEarn_12Month}</arg>
<doc>Click the element identified by ``locator``.</doc>
<msg timestamp="20210902 16:37:04.377" level="INFO">Clicking element 'xpath://body[1]/span[1]/span[1]/span[2]/ul[1]/li[2]'.</msg>
<status status="PASS" starttime="20210902 16:37:04.377" endtime="20210902 16:37:04.447"/>
</kw>
<status status="PASS" starttime="20210902 16:37:04.238" endtime="20210902 16:37:04.447"/>
</kw>
<kw name="Edit Term &amp; Conditions" library="res_customer">
<kw name="Wait Until Element Is Enabled" library="Selenium2Library">
<arg>${fld_tnc}</arg>
<arg>${delay}</arg>
<doc>Waits until the element ``locator`` is enabled.</doc>
<status status="PASS" starttime="20210902 16:37:04.447" endtime="20210902 16:37:04.462"/>
</kw>
<kw name="Input Text" library="Selenium2Library">
<arg>${fld_tnc}</arg>
<arg>${tncEdited}</arg>
<doc>Types the given ``text`` into the text field identified by ``locator``.</doc>
<msg timestamp="20210902 16:37:04.462" level="INFO">Typing text 'AutoEdit Term&amp;Condition Text' into text field 'xpath://body[1]/ul[1]/li[2]/form[1]/section[1]/div[4]/ul[2]/li[1]/textarea[1]'.</msg>
<status status="PASS" starttime="20210902 16:37:04.462" endtime="20210902 16:37:04.572"/>
</kw>
<kw name="Click Element" library="Selenium2Library">
<arg>${btn_addTerm}</arg>
<doc>Click the element identified by ``locator``.</doc>
<msg timestamp="20210902 16:37:04.572" level="INFO">Clicking element 'xpath://body[1]/ul[1]/li[2]/form[1]/section[1]/div[4]/ul[2]/li[2]/button[1]'.</msg>
<status status="PASS" starttime="20210902 16:37:04.572" endtime="20210902 16:37:04.609"/>
</kw>
<status status="PASS" starttime="20210902 16:37:04.447" endtime="20210902 16:37:04.609"/>
</kw>
<kw name="Click Publish Priority" library="res_customer">
<kw name="Wait Until Element Is Enabled" library="Selenium2Library">
<arg>${btn_publish}</arg>
<arg>${delay}</arg>
<doc>Waits until the element ``locator`` is enabled.</doc>
<status status="PASS" starttime="20210902 16:37:04.609" endtime="20210902 16:37:04.650"/>
</kw>
<kw name="Click Element" library="Selenium2Library">
<arg>${btn_publish}</arg>
<doc>Click the element identified by ``locator``.</doc>
<msg timestamp="20210902 16:37:04.651" level="INFO">Clicking element 'xpath://body[1]/ul[1]/li[2]/form[1]/section[2]/ul[1]/li[2]/a[1]'.</msg>
<status status="PASS" starttime="20210902 16:37:04.651" endtime="20210902 16:37:04.707"/>
</kw>
<status status="PASS" starttime="20210902 16:37:04.609" endtime="20210902 16:37:04.707"/>
</kw>
<kw name="Verify Success Message is displayed" library="res_customer">
<kw name="Sleep" library="BuiltIn">
<arg>3</arg>
<doc>Pauses the test executed for the given time.</doc>
<msg timestamp="20210902 16:37:07.710" level="INFO">Slept 3 seconds</msg>
<status status="PASS" starttime="20210902 16:37:04.708" endtime="20210902 16:37:07.713"/>
</kw>
<kw name="Wait Until Page Contains" library="Selenium2Library">
<arg>${sucMsg}</arg>
<arg>${delay}</arg>
<doc>Waits until ``text`` appears on the current page.</doc>
<status status="PASS" starttime="20210902 16:37:07.715" endtime="20210902 16:37:07.736"/>
</kw>
<kw name="Page Should Contain" library="Selenium2Library">
<arg>${sucMsg}</arg>
<doc>Verifies that current page contains ``text``.</doc>
<msg timestamp="20210902 16:37:07.747" level="INFO">Current page contains text 'You have successfully determine the eligibility of your Priority Customer.'.</msg>
<status status="PASS" starttime="20210902 16:37:07.736" endtime="20210902 16:37:07.747"/>
</kw>
<kw name="Click Element" library="Selenium2Library">
<arg>${btn_closeMsg}</arg>
<doc>Click the element identified by ``locator``.</doc>
<msg timestamp="20210902 16:37:07.748" level="INFO">Clicking element 'xpath://body[1]/div[1]/div[2]/ul[1]/li[1]/button[1]'.</msg>
<status status="PASS" starttime="20210902 16:37:07.747" endtime="20210902 16:37:07.917"/>
</kw>
<kw name="Sleep" library="BuiltIn">
<arg>5</arg>
<doc>Pauses the test executed for the given time.</doc>
<msg timestamp="20210902 16:37:12.919" level="INFO">Slept 5 seconds</msg>
<status status="PASS" starttime="20210902 16:37:07.917" endtime="20210902 16:37:12.919"/>
</kw>
<kw name="Page Should Contain Element" library="Selenium2Library">
<arg>${btn_editSegment}</arg>
<doc>Verifies that element ``locator`` is found on the current page.</doc>
<msg timestamp="20210902 16:37:12.937" level="INFO">Current page contains element 'xpath://a[contains(text(),'EDIT SEGMENT')]'.</msg>
<status status="PASS" starttime="20210902 16:37:12.920" endtime="20210902 16:37:12.937"/>
</kw>
<status status="PASS" starttime="20210902 16:37:04.707" endtime="20210902 16:37:12.937"/>
</kw>
<status status="PASS" starttime="20210902 16:37:03.708" endtime="20210902 16:37:12.938"/>
</kw>
<kw name="Sleep" library="BuiltIn">
<arg>5</arg>
<doc>Pauses the test executed for the given time.</doc>
<msg timestamp="20210902 16:37:17.939" level="INFO">Slept 5 seconds</msg>
<status status="PASS" starttime="20210902 16:37:12.938" endtime="20210902 16:37:17.940"/>
</kw>
<status status="PASS" starttime="20210902 16:36:51.752" endtime="20210902 16:37:17.941"/>
</test>
<test id="s1-t4" name="Verify Activate &amp; Edit Priority Customer (12 months) is successfully">
<kw name="Delete Priority Status from DB" library="res_dbShopick">
<kw name="Execute Sql String" library="DatabaseLibrary">
<var>${del_priorMerchant}</var>
<arg>Delete from shopick_v2.loyalty_master_priority where priority_merchant_id IN (SELECT merchant_id FROM shopick_v2.master_merchant WHERE merchant_id='${merchantId}');</arg>
<doc>Executes the sqlString as SQL commands. Useful to pass arguments to your sql. Set optional input `sansTran` to
True to run command without an explicit transaction commit or rollback.</doc>
<msg timestamp="20210902 16:37:17.947" level="INFO">Executing : Execute SQL String  |  Delete from shopick_v2.loyalty_master_priority where priority_merchant_id IN (SELECT merchant_id FROM shopick_v2.master_merchant WHERE merchant_id='ea998a56-dcf1-11eb-bce9-42010a715007'); </msg>
<msg timestamp="20210902 16:37:18.582" level="INFO">${del_priorMerchant} = None</msg>
<status status="PASS" starttime="20210902 16:37:17.946" endtime="20210902 16:37:18.582"/>
</kw>
<kw name="Log To Console" library="BuiltIn">
<arg>${del_priorMerchant}</arg>
<doc>Logs the given message to the console.</doc>
<status status="PASS" starttime="20210902 16:37:18.583" endtime="20210902 16:37:18.584"/>
</kw>
<status status="PASS" starttime="20210902 16:37:17.945" endtime="20210902 16:37:18.585"/>
</kw>
<kw name="Reload Page" library="Selenium2Library">
<doc>Simulates user reloading page.</doc>
<status status="PASS" starttime="20210902 16:37:18.585" endtime="20210902 16:37:18.769"/>
</kw>
<kw name="Sleep" library="BuiltIn">
<arg>5</arg>
<doc>Pauses the test executed for the given time.</doc>
<msg timestamp="20210902 16:37:23.771" level="INFO">Slept 5 seconds</msg>
<status status="PASS" starttime="20210902 16:37:18.770" endtime="20210902 16:37:23.772"/>
</kw>
<kw name="Verify Activate Priority Customer (12 months) is successfully">
<kw name="Click Activate Priority Customers" library="res_customer">
<kw name="Wait Until Element Is Enabled" library="Selenium2Library">
<arg>${btn_actvPrior}</arg>
<arg>${delay}</arg>
<doc>Waits until the element ``locator`` is enabled.</doc>
<status status="PASS" starttime="20210902 16:37:23.774" endtime="20210902 16:37:23.808"/>
</kw>
<kw name="Click Element" library="Selenium2Library">
<arg>${btn_actvPrior}</arg>
<doc>Click the element identified by ``locator``.</doc>
<msg timestamp="20210902 16:37:23.808" level="INFO">Clicking element 'xpath://a[contains(text(),'ACTIVATE PRIORITY CUSTOMERS')]'.</msg>
<status status="PASS" starttime="20210902 16:37:23.808" endtime="20210902 16:37:23.955"/>
</kw>
<status status="PASS" starttime="20210902 16:37:23.774" endtime="20210902 16:37:23.956"/>
</kw>
<kw name="Select Stamp Type" library="res_customer">
<kw name="Wait Until Element Is Enabled" library="Selenium2Library">
<arg>${drpdwn_priorType}</arg>
<arg>${delay}</arg>
<doc>Waits until the element ``locator`` is enabled.</doc>
<status status="PASS" starttime="20210902 16:37:23.956" endtime="20210902 16:37:23.992"/>
</kw>
<kw name="Click Element" library="Selenium2Library">
<arg>${drpdwn_priorType}</arg>
<doc>Click the element identified by ``locator``.</doc>
<msg timestamp="20210902 16:37:23.992" level="INFO">Clicking element 'xpath://body[1]/ul[1]/li[2]/form[1]/section[1]/div[2]/ul[1]/li[2]/ul[1]/li[1]/span[1]/span[1]/span[1]/span[1]'.</msg>
<status status="PASS" starttime="20210902 16:37:23.992" endtime="20210902 16:37:24.110"/>
</kw>
<kw name="Wait Until Element Is Enabled" library="Selenium2Library">
<arg>${slct_stampType}</arg>
<arg>${delay}</arg>
<doc>Waits until the element ``locator`` is enabled.</doc>
<status status="PASS" starttime="20210902 16:37:24.111" endtime="20210902 16:37:24.127"/>
</kw>
<kw name="Click Element" library="Selenium2Library">
<arg>${slct_stampType}</arg>
<doc>Click the element identified by ``locator``.</doc>
<msg timestamp="20210902 16:37:24.127" level="INFO">Clicking element 'xpath://body[1]/span[1]/span[1]/span[2]/ul[1]/li[contains(text(),'Stamp')]'.</msg>
<status status="PASS" starttime="20210902 16:37:24.127" endtime="20210902 16:37:24.185"/>
</kw>
<status status="PASS" starttime="20210902 16:37:23.956" endtime="20210902 16:37:24.185"/>
</kw>
<kw name="Input Target Stamp/Spend" library="res_customer">
<kw name="Wait Until Element Is Enabled" library="Selenium2Library">
<arg>${fld_target}</arg>
<arg>${delay}</arg>
<doc>Waits until the element ``locator`` is enabled.</doc>
<status status="PASS" starttime="20210902 16:37:24.186" endtime="20210902 16:37:24.200"/>
</kw>
<kw name="Input Text" library="Selenium2Library">
<arg>${fld_target}</arg>
<arg>${target}</arg>
<doc>Types the given ``text`` into the text field identified by ``locator``.</doc>
<msg timestamp="20210902 16:37:24.200" level="INFO">Typing text '50' into text field 'id:priorityTargetValue'.</msg>
<status status="PASS" starttime="20210902 16:37:24.200" endtime="20210902 16:37:24.288"/>
</kw>
<status status="PASS" starttime="20210902 16:37:24.186" endtime="20210902 16:37:24.288"/>
</kw>
<kw name="Select 12 Months Earning" library="res_customer">
<kw name="Wait Until Element Is Enabled" library="Selenium2Library">
<arg>${drpdwn_earningPeriod}</arg>
<arg>${delay}</arg>
<doc>Waits until the element ``locator`` is enabled.</doc>
<status status="PASS" starttime="20210902 16:37:24.288" endtime="20210902 16:37:24.303"/>
</kw>
<kw name="Click Element" library="Selenium2Library">
<arg>${drpdwn_earningPeriod}</arg>
<doc>Click the element identified by ``locator``.</doc>
<msg timestamp="20210902 16:37:24.304" level="INFO">Clicking element 'xpath://body[1]/ul[1]/li[2]/form[1]/section[1]/div[3]/ul[1]/li[1]/span[2]/span[1]/span[1]/span[1]/span[1]'.</msg>
<status status="PASS" starttime="20210902 16:37:24.304" endtime="20210902 16:37:24.406"/>
</kw>
<kw name="Wait Until Element Is Enabled" library="Selenium2Library">
<arg>${slctEarn_12Month}</arg>
<arg>${delay}</arg>
<doc>Waits until the element ``locator`` is enabled.</doc>
<status status="PASS" starttime="20210902 16:37:24.406" endtime="20210902 16:37:24.420"/>
</kw>
<kw name="Click Element" library="Selenium2Library">
<arg>${slctEarn_12Month}</arg>
<doc>Click the element identified by ``locator``.</doc>
<msg timestamp="20210902 16:37:24.421" level="INFO">Clicking element 'xpath://body[1]/span[1]/span[1]/span[2]/ul[1]/li[2]'.</msg>
<status status="PASS" starttime="20210902 16:37:24.421" endtime="20210902 16:37:24.495"/>
</kw>
<status status="PASS" starttime="20210902 16:37:24.288" endtime="20210902 16:37:24.496"/>
</kw>
<kw name="Add Term &amp; Conditions" library="res_customer">
<kw name="Wait Until Element Is Enabled" library="Selenium2Library">
<arg>${fld_tnc}</arg>
<arg>${delay}</arg>
<doc>Waits until the element ``locator`` is enabled.</doc>
<status status="PASS" starttime="20210902 16:37:24.496" endtime="20210902 16:37:24.511"/>
</kw>
<kw name="Input Text" library="Selenium2Library">
<arg>${fld_tnc}</arg>
<arg>${tnc}</arg>
<doc>Types the given ``text`` into the text field identified by ``locator``.</doc>
<msg timestamp="20210902 16:37:24.511" level="INFO">Typing text 'Auto Term&amp;Condition Text' into text field 'xpath://body[1]/ul[1]/li[2]/form[1]/section[1]/div[4]/ul[2]/li[1]/textarea[1]'.</msg>
<status status="PASS" starttime="20210902 16:37:24.511" endtime="20210902 16:37:24.619"/>
</kw>
<kw name="Click Element" library="Selenium2Library">
<arg>${btn_addTerm}</arg>
<doc>Click the element identified by ``locator``.</doc>
<msg timestamp="20210902 16:37:24.619" level="INFO">Clicking element 'xpath://body[1]/ul[1]/li[2]/form[1]/section[1]/div[4]/ul[2]/li[2]/button[1]'.</msg>
<status status="PASS" starttime="20210902 16:37:24.619" endtime="20210902 16:37:24.677"/>
</kw>
<status status="PASS" starttime="20210902 16:37:24.496" endtime="20210902 16:37:24.677"/>
</kw>
<kw name="Click Publish Priority" library="res_customer">
<kw name="Wait Until Element Is Enabled" library="Selenium2Library">
<arg>${btn_publish}</arg>
<arg>${delay}</arg>
<doc>Waits until the element ``locator`` is enabled.</doc>
<status status="PASS" starttime="20210902 16:37:24.677" endtime="20210902 16:37:24.694"/>
</kw>
<kw name="Click Element" library="Selenium2Library">
<arg>${btn_publish}</arg>
<doc>Click the element identified by ``locator``.</doc>
<msg timestamp="20210902 16:37:24.695" level="INFO">Clicking element 'xpath://body[1]/ul[1]/li[2]/form[1]/section[2]/ul[1]/li[2]/a[1]'.</msg>
<status status="PASS" starttime="20210902 16:37:24.694" endtime="20210902 16:37:24.745"/>
</kw>
<status status="PASS" starttime="20210902 16:37:24.677" endtime="20210902 16:37:24.745"/>
</kw>
<kw name="Verify Success Message is displayed" library="res_customer">
<kw name="Sleep" library="BuiltIn">
<arg>3</arg>
<doc>Pauses the test executed for the given time.</doc>
<msg timestamp="20210902 16:37:27.748" level="INFO">Slept 3 seconds</msg>
<status status="PASS" starttime="20210902 16:37:24.746" endtime="20210902 16:37:27.748"/>
</kw>
<kw name="Wait Until Page Contains" library="Selenium2Library">
<arg>${sucMsg}</arg>
<arg>${delay}</arg>
<doc>Waits until ``text`` appears on the current page.</doc>
<status status="PASS" starttime="20210902 16:37:27.749" endtime="20210902 16:37:27.765"/>
</kw>
<kw name="Page Should Contain" library="Selenium2Library">
<arg>${sucMsg}</arg>
<doc>Verifies that current page contains ``text``.</doc>
<msg timestamp="20210902 16:37:27.778" level="INFO">Current page contains text 'You have successfully determine the eligibility of your Priority Customer.'.</msg>
<status status="PASS" starttime="20210902 16:37:27.766" endtime="20210902 16:37:27.778"/>
</kw>
<kw name="Click Element" library="Selenium2Library">
<arg>${btn_closeMsg}</arg>
<doc>Click the element identified by ``locator``.</doc>
<msg timestamp="20210902 16:37:27.779" level="INFO">Clicking element 'xpath://body[1]/div[1]/div[2]/ul[1]/li[1]/button[1]'.</msg>
<status status="PASS" starttime="20210902 16:37:27.778" endtime="20210902 16:37:27.941"/>
</kw>
<kw name="Sleep" library="BuiltIn">
<arg>5</arg>
<doc>Pauses the test executed for the given time.</doc>
<msg timestamp="20210902 16:37:32.942" level="INFO">Slept 5 seconds</msg>
<status status="PASS" starttime="20210902 16:37:27.941" endtime="20210902 16:37:32.943"/>
</kw>
<kw name="Page Should Contain Element" library="Selenium2Library">
<arg>${btn_editSegment}</arg>
<doc>Verifies that element ``locator`` is found on the current page.</doc>
<msg timestamp="20210902 16:37:32.962" level="INFO">Current page contains element 'xpath://a[contains(text(),'EDIT SEGMENT')]'.</msg>
<status status="PASS" starttime="20210902 16:37:32.944" endtime="20210902 16:37:32.962"/>
</kw>
<status status="PASS" starttime="20210902 16:37:24.746" endtime="20210902 16:37:32.963"/>
</kw>
<status status="PASS" starttime="20210902 16:37:23.773" endtime="20210902 16:37:32.963"/>
</kw>
<kw name="Verify Edit Spent to Stamp type (12 months) is successfully">
<kw name="Click Edit Segment" library="res_customer">
<kw name="Wait Until Element Is Enabled" library="Selenium2Library">
<arg>${btn_editSegment}</arg>
<arg>${delay}</arg>
<doc>Waits until the element ``locator`` is enabled.</doc>
<status status="PASS" starttime="20210902 16:37:32.964" endtime="20210902 16:37:32.987"/>
</kw>
<kw name="Click Element" library="Selenium2Library">
<arg>${btn_editSegment}</arg>
<doc>Click the element identified by ``locator``.</doc>
<msg timestamp="20210902 16:37:32.988" level="INFO">Clicking element 'xpath://a[contains(text(),'EDIT SEGMENT')]'.</msg>
<status status="PASS" starttime="20210902 16:37:32.988" endtime="20210902 16:37:33.126"/>
</kw>
<status status="PASS" starttime="20210902 16:37:32.964" endtime="20210902 16:37:33.126"/>
</kw>
<kw name="Edit to Stamp Type" library="res_customer">
<kw name="Wait Until Element Is Enabled" library="Selenium2Library">
<arg>${drpdwn_priorType}</arg>
<arg>${delay}</arg>
<doc>Waits until the element ``locator`` is enabled.</doc>
<status status="PASS" starttime="20210902 16:37:33.127" endtime="20210902 16:37:33.163"/>
</kw>
<kw name="Click Element" library="Selenium2Library">
<arg>${drpdwn_priorType}</arg>
<doc>Click the element identified by ``locator``.</doc>
<msg timestamp="20210902 16:37:33.164" level="INFO">Clicking element 'xpath://body[1]/ul[1]/li[2]/form[1]/section[1]/div[2]/ul[1]/li[2]/ul[1]/li[1]/span[1]/span[1]/span[1]/span[1]'.</msg>
<status status="PASS" starttime="20210902 16:37:33.164" endtime="20210902 16:37:33.246"/>
</kw>
<kw name="Wait Until Element Is Enabled" library="Selenium2Library">
<arg>${slct_stampType}</arg>
<arg>${delay}</arg>
<doc>Waits until the element ``locator`` is enabled.</doc>
<status status="PASS" starttime="20210902 16:37:33.246" endtime="20210902 16:37:33.266"/>
</kw>
<kw name="Click Element" library="Selenium2Library">
<arg>${slct_stampType}</arg>
<doc>Click the element identified by ``locator``.</doc>
<msg timestamp="20210902 16:37:33.266" level="INFO">Clicking element 'xpath://body[1]/span[1]/span[1]/span[2]/ul[1]/li[contains(text(),'Stamp')]'.</msg>
<status status="PASS" starttime="20210902 16:37:33.266" endtime="20210902 16:37:33.319"/>
</kw>
<status status="PASS" starttime="20210902 16:37:33.126" endtime="20210902 16:37:33.319"/>
</kw>
<kw name="Edit Target Stamp/Spend" library="res_customer">
<kw name="Wait Until Element Is Enabled" library="Selenium2Library">
<arg>${fld_target}</arg>
<arg>${delay}</arg>
<doc>Waits until the element ``locator`` is enabled.</doc>
<status status="PASS" starttime="20210902 16:37:33.319" endtime="20210902 16:37:33.334"/>
</kw>
<kw name="Input Text" library="Selenium2Library">
<arg>${fld_target}</arg>
<arg>${targetEdited}</arg>
<doc>Types the given ``text`` into the text field identified by ``locator``.</doc>
<msg timestamp="20210902 16:37:33.334" level="INFO">Typing text '75' into text field 'id:priorityTargetValue'.</msg>
<status status="PASS" starttime="20210902 16:37:33.334" endtime="20210902 16:37:33.415"/>
</kw>
<status status="PASS" starttime="20210902 16:37:33.319" endtime="20210902 16:37:33.416"/>
</kw>
<kw name="Edit to 6 Months Earning" library="res_customer">
<kw name="Wait Until Element Is Enabled" library="Selenium2Library">
<arg>${drpdwn_editEarning}</arg>
<arg>${delay}</arg>
<doc>Waits until the element ``locator`` is enabled.</doc>
<status status="PASS" starttime="20210902 16:37:33.416" endtime="20210902 16:37:33.431"/>
</kw>
<kw name="Click Element" library="Selenium2Library">
<arg>${drpdwn_editEarning}</arg>
<doc>Click the element identified by ``locator``.</doc>
<msg timestamp="20210902 16:37:33.432" level="INFO">Clicking element 'xpath://body[1]/ul[1]/li[2]/form[1]/section[1]/div[3]/ul[1]/li[1]/span[2]/span[1]/span[1]/span[1]'.</msg>
<status status="PASS" starttime="20210902 16:37:33.431" endtime="20210902 16:37:33.500"/>
</kw>
<kw name="Wait Until Element Is Enabled" library="Selenium2Library">
<arg>${slctEarn_6Month}</arg>
<arg>${delay}</arg>
<doc>Waits until the element ``locator`` is enabled.</doc>
<status status="PASS" starttime="20210902 16:37:33.500" endtime="20210902 16:37:33.528"/>
</kw>
<kw name="Click Element" library="Selenium2Library">
<arg>${slctEarn_6Month}</arg>
<doc>Click the element identified by ``locator``.</doc>
<msg timestamp="20210902 16:37:33.528" level="INFO">Clicking element 'xpath://body[1]/span[1]/span[1]/span[2]/ul[1]/li[1]'.</msg>
<status status="PASS" starttime="20210902 16:37:33.528" endtime="20210902 16:37:33.580"/>
</kw>
<status status="PASS" starttime="20210902 16:37:33.416" endtime="20210902 16:37:33.580"/>
</kw>
<kw name="Edit Term &amp; Conditions" library="res_customer">
<kw name="Wait Until Element Is Enabled" library="Selenium2Library">
<arg>${fld_tnc}</arg>
<arg>${delay}</arg>
<doc>Waits until the element ``locator`` is enabled.</doc>
<status status="PASS" starttime="20210902 16:37:33.581" endtime="20210902 16:37:33.599"/>
</kw>
<kw name="Input Text" library="Selenium2Library">
<arg>${fld_tnc}</arg>
<arg>${tncEdited}</arg>
<doc>Types the given ``text`` into the text field identified by ``locator``.</doc>
<msg timestamp="20210902 16:37:33.599" level="INFO">Typing text 'AutoEdit Term&amp;Condition Text' into text field 'xpath://body[1]/ul[1]/li[2]/form[1]/section[1]/div[4]/ul[2]/li[1]/textarea[1]'.</msg>
<status status="PASS" starttime="20210902 16:37:33.599" endtime="20210902 16:37:33.696"/>
</kw>
<kw name="Click Element" library="Selenium2Library">
<arg>${btn_addTerm}</arg>
<doc>Click the element identified by ``locator``.</doc>
<msg timestamp="20210902 16:37:33.697" level="INFO">Clicking element 'xpath://body[1]/ul[1]/li[2]/form[1]/section[1]/div[4]/ul[2]/li[2]/button[1]'.</msg>
<status status="PASS" starttime="20210902 16:37:33.697" endtime="20210902 16:37:33.755"/>
</kw>
<status status="PASS" starttime="20210902 16:37:33.581" endtime="20210902 16:37:33.755"/>
</kw>
<kw name="Click Publish Priority" library="res_customer">
<kw name="Wait Until Element Is Enabled" library="Selenium2Library">
<arg>${btn_publish}</arg>
<arg>${delay}</arg>
<doc>Waits until the element ``locator`` is enabled.</doc>
<status status="PASS" starttime="20210902 16:37:33.756" endtime="20210902 16:37:33.776"/>
</kw>
<kw name="Click Element" library="Selenium2Library">
<arg>${btn_publish}</arg>
<doc>Click the element identified by ``locator``.</doc>
<msg timestamp="20210902 16:37:33.777" level="INFO">Clicking element 'xpath://body[1]/ul[1]/li[2]/form[1]/section[2]/ul[1]/li[2]/a[1]'.</msg>
<status status="PASS" starttime="20210902 16:37:33.776" endtime="20210902 16:37:33.842"/>
</kw>
<status status="PASS" starttime="20210902 16:37:33.755" endtime="20210902 16:37:33.842"/>
</kw>
<kw name="Verify Success Message is displayed" library="res_customer">
<kw name="Sleep" library="BuiltIn">
<arg>3</arg>
<doc>Pauses the test executed for the given time.</doc>
<msg timestamp="20210902 16:37:36.846" level="INFO">Slept 3 seconds</msg>
<status status="PASS" starttime="20210902 16:37:33.842" endtime="20210902 16:37:36.847"/>
</kw>
<kw name="Wait Until Page Contains" library="Selenium2Library">
<arg>${sucMsg}</arg>
<arg>${delay}</arg>
<doc>Waits until ``text`` appears on the current page.</doc>
<status status="PASS" starttime="20210902 16:37:36.849" endtime="20210902 16:37:36.869"/>
</kw>
<kw name="Page Should Contain" library="Selenium2Library">
<arg>${sucMsg}</arg>
<doc>Verifies that current page contains ``text``.</doc>
<msg timestamp="20210902 16:37:36.881" level="INFO">Current page contains text 'You have successfully determine the eligibility of your Priority Customer.'.</msg>
<status status="PASS" starttime="20210902 16:37:36.869" endtime="20210902 16:37:36.881"/>
</kw>
<kw name="Click Element" library="Selenium2Library">
<arg>${btn_closeMsg}</arg>
<doc>Click the element identified by ``locator``.</doc>
<msg timestamp="20210902 16:37:36.882" level="INFO">Clicking element 'xpath://body[1]/div[1]/div[2]/ul[1]/li[1]/button[1]'.</msg>
<status status="PASS" starttime="20210902 16:37:36.881" endtime="20210902 16:37:37.042"/>
</kw>
<kw name="Sleep" library="BuiltIn">
<arg>5</arg>
<doc>Pauses the test executed for the given time.</doc>
<msg timestamp="20210902 16:37:42.045" level="INFO">Slept 5 seconds</msg>
<status status="PASS" starttime="20210902 16:37:37.042" endtime="20210902 16:37:42.048"/>
</kw>
<kw name="Page Should Contain Element" library="Selenium2Library">
<arg>${btn_editSegment}</arg>
<doc>Verifies that element ``locator`` is found on the current page.</doc>
<msg timestamp="20210902 16:37:42.065" level="INFO">Current page contains element 'xpath://a[contains(text(),'EDIT SEGMENT')]'.</msg>
<status status="PASS" starttime="20210902 16:37:42.049" endtime="20210902 16:37:42.065"/>
</kw>
<status status="PASS" starttime="20210902 16:37:33.842" endtime="20210902 16:37:42.065"/>
</kw>
<status status="PASS" starttime="20210902 16:37:32.963" endtime="20210902 16:37:42.066"/>
</kw>
<status status="PASS" starttime="20210902 16:37:17.942" endtime="20210902 16:37:42.066"/>
</test>
<test id="s1-t5" name="Verify Edit Period is successfully">
<kw name="Verify Edit Period is successfully">
<kw name="Click Edit Period button" library="res_customer">
<kw name="Wait Until Element Is Enabled" library="Selenium2Library">
<arg>${btn_editPeriod}</arg>
<arg>${delay}</arg>
<doc>Waits until the element ``locator`` is enabled.</doc>
<status status="PASS" starttime="20210902 16:37:42.067" endtime="20210902 16:37:42.090"/>
</kw>
<kw name="Click Element" library="Selenium2Library">
<arg>${btn_editPeriod}</arg>
<doc>Click the element identified by ``locator``.</doc>
<msg timestamp="20210902 16:37:42.091" level="INFO">Clicking element 'xpath://a[contains(text(),'EDIT PERIOD')]'.</msg>
<status status="PASS" starttime="20210902 16:37:42.090" endtime="20210902 16:37:42.197"/>
</kw>
<status status="PASS" starttime="20210902 16:37:42.067" endtime="20210902 16:37:42.198"/>
</kw>
<kw name="Edit Period" library="res_customer">
<kw name="Wait Until Element Is Enabled" library="Selenium2Library">
<arg>${fld_days}</arg>
<arg>${delay}</arg>
<doc>Waits until the element ``locator`` is enabled.</doc>
<status status="PASS" starttime="20210902 16:37:42.200" endtime="20210902 16:37:42.224"/>
</kw>
<kw name="Input Text" library="Selenium2Library">
<arg>${fld_days}</arg>
<arg>${days}</arg>
<doc>Types the given ``text`` into the text field identified by ``locator``.</doc>
<msg timestamp="20210902 16:37:42.224" level="INFO">Typing text '13' into text field 'xpath://body/ul[1]/li[2]/section[2]/ul[1]/li[2]/div[1]/ul[1]/li[1]/input[1]'.</msg>
<status status="PASS" starttime="20210902 16:37:42.224" endtime="20210902 16:37:42.345"/>
</kw>
<status status="PASS" starttime="20210902 16:37:42.198" endtime="20210902 16:37:42.345"/>
</kw>
<kw name="Click Submit Edit Period" library="res_customer">
<kw name="Wait Until Element Is Enabled" library="Selenium2Library">
<arg>${btn_submitEdit}</arg>
<arg>${delay}</arg>
<doc>Waits until the element ``locator`` is enabled.</doc>
<status status="PASS" starttime="20210902 16:37:42.345" endtime="20210902 16:37:42.363"/>
</kw>
<kw name="Click Element" library="Selenium2Library">
<arg>${btn_submitEdit}</arg>
<doc>Click the element identified by ``locator``.</doc>
<msg timestamp="20210902 16:37:42.363" level="INFO">Clicking element 'xpath://button[contains(text(),'submit')]'.</msg>
<status status="PASS" starttime="20210902 16:37:42.363" endtime="20210902 16:37:42.412"/>
</kw>
<kw name="Sleep" library="BuiltIn">
<arg>3</arg>
<doc>Pauses the test executed for the given time.</doc>
<msg timestamp="20210902 16:37:45.414" level="INFO">Slept 3 seconds</msg>
<status status="PASS" starttime="20210902 16:37:42.413" endtime="20210902 16:37:45.415"/>
</kw>
<status status="PASS" starttime="20210902 16:37:42.345" endtime="20210902 16:37:45.415"/>
</kw>
<kw name="Verify Success Message is displayed after period edited" library="res_customer">
<kw name="Wait Until Page Contains" library="Selenium2Library">
<arg>${sucMsg_editPer}</arg>
<arg>${delay}</arg>
<doc>Waits until ``text`` appears on the current page.</doc>
<status status="PASS" starttime="20210902 16:37:45.417" endtime="20210902 16:37:45.439"/>
</kw>
<kw name="Page Should Contain" library="Selenium2Library">
<arg>${sucMsg_editPer}</arg>
<doc>Verifies that current page contains ``text``.</doc>
<msg timestamp="20210902 16:37:45.450" level="INFO">Current page contains text 'Data is successfully saved'.</msg>
<status status="PASS" starttime="20210902 16:37:45.439" endtime="20210902 16:37:45.450"/>
</kw>
<kw name="Click Element" library="Selenium2Library">
<arg>${btn_clsEditPer}</arg>
<doc>Click the element identified by ``locator``.</doc>
<msg timestamp="20210902 16:37:45.451" level="INFO">Clicking element 'xpath://body[1]/div[2]/div[3]/ul[1]/li[1]/button[1]'.</msg>
<status status="PASS" starttime="20210902 16:37:45.451" endtime="20210902 16:37:45.670"/>
</kw>
<kw name="Sleep" library="BuiltIn">
<arg>5</arg>
<doc>Pauses the test executed for the given time.</doc>
<msg timestamp="20210902 16:37:50.674" level="INFO">Slept 5 seconds</msg>
<status status="PASS" starttime="20210902 16:37:45.671" endtime="20210902 16:37:50.674"/>
</kw>
<kw name="Page Should Contain Element" library="Selenium2Library">
<arg>${btn_editPeriod}</arg>
<doc>Verifies that element ``locator`` is found on the current page.</doc>
<msg timestamp="20210902 16:37:50.682" level="INFO">Current page contains element 'xpath://a[contains(text(),'EDIT PERIOD')]'.</msg>
<status status="PASS" starttime="20210902 16:37:50.674" endtime="20210902 16:37:50.683"/>
</kw>
<status status="PASS" starttime="20210902 16:37:45.416" endtime="20210902 16:37:50.683"/>
</kw>
<status status="PASS" starttime="20210902 16:37:42.067" endtime="20210902 16:37:50.683"/>
</kw>
<status status="PASS" starttime="20210902 16:37:42.066" endtime="20210902 16:37:50.683"/>
</test>
<doc>Verify Activate Priority Customer is successfully</doc>
<status status="PASS" starttime="20210902 16:36:26.889" endtime="20210902 16:37:50.684"/>
</suite>
<statistics>
<total>
<stat pass="5" fail="0" skip="0">All Tests</stat>
</total>
<tag>
</tag>
<suite>
<stat pass="5" fail="0" skip="0" id="s1" name="activatePriority">activatePriority</stat>
</suite>
</statistics>
<errors>
</errors>
</robot>
